03:05:59 - INFO: robot.py: Starts to connect components.
03:05:59 - INFO: robot.py: Body component connected
03:05:59 - INFO: robot.py: Body = True
03:05:59 - INFO: Cam.py: Starts to connect components.
03:05:59 - INFO: There are 1 connected RealSense devices.
03:05:59 - INFO: Using device 0, an Intel RealSense R200
03:05:59 - INFO:     Serial number: 2521000201
03:05:59 - INFO:     Firmware version: 1.0.71.06
03:05:59 - INFO: head.py: Head Component is connected.
03:06:10 - WARNING: robot.py: Last Move command None was not received by Minitaur.
03:06:10 - INFO: robot.py: Move command sent: 90000000
03:06:10 - WARNING: robot.py: Last Move command 90000000 was not received by Minitaur.
03:06:10 - WARNING: robot.py: Last Move command 90000000 was not received by Minitaur.
03:06:10 - WARNING: robot.py: Last Move command 90000000 was not received by Minitaur.
03:06:10 - WARNING: robot.py: Last Move command 90000000 was not received by Minitaur.
03:06:10 - INFO: robot.py: Move command sent: 90110100
03:06:11 - WARNING: robot.py: Last Move command 90110100 was not received by Minitaur.
03:06:11 - INFO: robot.py: Move command sent: 90120200
03:06:12 - WARNING: robot.py: Last Move command 90120200 was not received by Minitaur.
03:06:12 - INFO: robot.py: Move command sent: 90000000
03:06:12 - WARNING: robot.py: Last Move command 90000000 was not received by Minitaur.
03:06:12 - WARNING: robot.py: Last Move command 90000000 was not received by Minitaur.
03:06:12 - WARNING: robot.py: Last Move command 90000000 was not received by Minitaur.
03:06:12 - INFO: robot.py: Move command sent: 90120100
03:06:12 - WARNING: robot.py: Last Move command 90120100 was not received by Minitaur.
03:06:12 - INFO: robot.py: Move command sent: 90000000
03:06:13 - WARNING: Main.py: KeyboardInterrupt
03:06:13 - INFO: Cam.py: Camera Disconnected
03:06:13 - INFO: robot.py: Disconected body component successfully.
03:06:13 - INFO: head.py: Disconected head component successfully.
