09:27:27 - INFO: robot.py: Starts to connect components.
09:27:27 - INFO: robot.py: Body component connected
09:27:27 - INFO: robot.py: Body = True
09:27:27 - INFO: Cam.py: Starts to connect components.
09:27:28 - INFO: There are 1 connected RealSense devices.
09:27:28 - INFO: Using device 0, an Intel RealSense R200
09:27:28 - INFO:     Serial number: 2521000201
09:27:28 - INFO:     Firmware version: 1.0.71.06
09:27:28 - INFO: head.py: Head Component is connected.
09:27:36 - WARNING: robot.py: Battery Voltage too low
09:27:36 - INFO: robot.py:  Current battery voltage: 0.000000

09:27:36 - WARNING: robot.py: Battery Voltage too low
09:27:36 - INFO: robot.py:  Current battery voltage: 6.070072

09:27:36 - WARNING: robot.py: Battery Voltage too low
09:27:36 - INFO: robot.py:  Current battery voltage: 9.744386

09:27:36 - WARNING: robot.py: Battery Voltage too low
09:27:36 - INFO: robot.py:  Current battery voltage: 11.975586

09:27:36 - WARNING: robot.py: Battery Voltage too low
09:27:36 - INFO: robot.py:  Current battery voltage: 13.327447

09:27:36 - WARNING: robot.py: Battery Voltage too low
09:27:36 - INFO: robot.py:  Current battery voltage: 14.142426

09:27:36 - WARNING: robot.py: Last Move command None was not received by Minitaur.
09:27:36 - INFO: robot.py: Move command sent: 90111100
09:27:36 - WARNING: robot.py: Last Move command 90111100 was not received by Minitaur.
09:27:36 - INFO: robot.py: Move command sent: 90121100
09:27:36 - WARNING: robot.py: Last Move command 90121100 was not received by Minitaur.
09:27:37 - WARNING: robot.py: Last Move command 90121100 was not received by Minitaur.
09:27:37 - WARNING: robot.py: Last Move command 90121100 was not received by Minitaur.
09:27:37 - WARNING: robot.py: Last Move command 90121100 was not received by Minitaur.
09:27:37 - WARNING: robot.py: Last Move command 90121100 was not received by Minitaur.
09:27:38 - WARNING: robot.py: Last Move command 90121100 was not received by Minitaur.
09:27:38 - WARNING: robot.py: Last Move command 90121100 was not received by Minitaur.
09:27:38 - WARNING: robot.py: Last Move command 90121100 was not received by Minitaur.
09:27:40 - INFO: robot.py: Move command sent: 90121000
09:27:40 - WARNING: robot.py: Last Move command 90121000 was not received by Minitaur.
09:27:41 - WARNING: robot.py: Last Move command 90121000 was not received by Minitaur.
09:27:41 - INFO: robot.py: Move command sent: 90121100
09:27:44 - WARNING: robot.py: Last Move command 90121100 was not received by Minitaur.
09:27:45 - WARNING: robot.py: Last Move command 90121100 was not received by Minitaur.
09:27:45 - INFO: robot.py: Move command sent: 90121200
09:27:45 - WARNING: robot.py: Last Move command 90121200 was not received by Minitaur.
09:27:45 - INFO: robot.py: Move command sent: 90121100
09:27:46 - INFO: robot.py: Move command sent: 90121000
09:27:47 - WARNING: robot.py: Last Move command 90121000 was not received by Minitaur.
09:27:47 - INFO: robot.py: Move command sent: 90121100
09:27:49 - WARNING: robot.py: Last Move command 90121100 was not received by Minitaur.
09:27:50 - INFO: robot.py: Move command sent: 90121000
09:27:50 - WARNING: robot.py: Last Move command 90121000 was not received by Minitaur.
09:27:51 - WARNING: robot.py: Last Move command 90121000 was not received by Minitaur.
09:27:52 - WARNING: robot.py: Last Move command 90121000 was not received by Minitaur.
09:27:52 - WARNING: robot.py: Last Move command 90121000 was not received by Minitaur.
09:27:53 - WARNING: robot.py: Last Move command 90121000 was not received by Minitaur.
09:27:53 - INFO: robot.py: Move command sent: 90121100
09:27:54 - INFO: robot.py: Move command sent: 90121200
09:27:54 - WARNING: robot.py: Last Move command 90121200 was not received by Minitaur.
09:27:55 - WARNING: robot.py: Last Move command 90121200 was not received by Minitaur.
09:27:55 - INFO: robot.py: Move command sent: 90121100
09:27:55 - WARNING: robot.py: Last Move command 90121100 was not received by Minitaur.
09:27:55 - INFO: robot.py: Move command sent: 90121000
09:27:56 - INFO: robot.py: Move command sent: 90120100
09:27:56 - WARNING: robot.py: Last Move command 90120100 was not received by Minitaur.
09:27:57 - WARNING: robot.py: Last Move command 90120100 was not received by Minitaur.
09:27:57 - WARNING: robot.py: Last Move command 90120100 was not received by Minitaur.
09:27:57 - INFO: robot.py: Move command sent: 90121000
09:27:58 - WARNING: robot.py: Last Move command 90121000 was not received by Minitaur.
09:27:58 - INFO: robot.py: Move command sent: 90120100
09:27:58 - WARNING: robot.py: Last Move command 90120100 was not received by Minitaur.
09:27:59 - WARNING: robot.py: Last Move command 90120100 was not received by Minitaur.
09:27:59 - WARNING: robot.py: Last Move command 90120100 was not received by Minitaur.
09:28:00 - WARNING: robot.py: Last Move command 90120100 was not received by Minitaur.
09:28:00 - INFO: robot.py: Move command sent: 90121000
09:28:00 - WARNING: robot.py: Last Move command 90121000 was not received by Minitaur.
09:28:01 - WARNING: robot.py: Last Move command 90121000 was not received by Minitaur.
09:28:01 - WARNING: robot.py: Last Move command 90121000 was not received by Minitaur.
09:28:01 - INFO: robot.py: Move command sent: 90121100
09:28:02 - WARNING: robot.py: Last Move command 90121100 was not received by Minitaur.
09:28:02 - WARNING: robot.py: Last Move command 90121100 was not received by Minitaur.
09:28:03 - WARNING: robot.py: Last Move command 90121100 was not received by Minitaur.
09:28:03 - INFO: robot.py: Move command sent: 90121200
09:28:03 - WARNING: robot.py: Last Move command 90121200 was not received by Minitaur.
09:28:03 - INFO: robot.py: Move command sent: 90121100
09:28:04 - WARNING: robot.py: Last Move command 90121100 was not received by Minitaur.
09:28:04 - INFO: robot.py: Move command sent: 90121200
09:28:04 - WARNING: robot.py: Last Move command 90121200 was not received by Minitaur.
09:28:05 - WARNING: robot.py: Last Move command 90121200 was not received by Minitaur.
09:28:05 - WARNING: robot.py: Last Move command 90121200 was not received by Minitaur.
09:28:05 - INFO: robot.py: Move command sent: 90121300
09:28:06 - WARNING: robot.py: Last Move command 90121300 was not received by Minitaur.
09:28:07 - WARNING: robot.py: Last Move command 90121300 was not received by Minitaur.
09:28:07 - INFO: robot.py: Move command sent: 90000000
09:28:07 - WARNING: Iq.py: KeyboardInterrupt
09:28:07 - INFO: robot.py: Disconected body component successfully.
09:28:07 - INFO: Cam.py: Camera Disconnected
09:28:07 - INFO: head.py: Disconected head component successfully.
09:28:07 - ERROR: rs_error was raised when calling rs_wait_for_frames(device:0)
09:28:07 - ERROR:     null pointer passed for argument "device"
