10:14:54 - INFO: robot.py: Starts to connect components.
10:14:54 - INFO: robot.py: Body component connected
10:14:54 - INFO: robot.py: Body = True
10:14:54 - INFO: Cam.py: Starts to connect components.
10:14:54 - INFO: There are 1 connected RealSense devices.
10:14:54 - INFO: Using device 0, an Intel RealSense R200
10:14:54 - INFO:     Serial number: 2521000201
10:14:54 - INFO:     Firmware version: 1.0.71.06
10:14:55 - INFO: head.py: Head Component is connected.
10:15:06 - WARNING: robot.py: Battery Voltage too low
10:15:06 - INFO: robot.py:  Current battery voltage: 0.000000

10:15:06 - WARNING: robot.py: Battery Voltage too low
10:15:06 - INFO: robot.py:  Current battery voltage: 5.971078

10:15:06 - WARNING: robot.py: Battery Voltage too low
10:15:06 - INFO: robot.py:  Current battery voltage: 9.588943

10:15:06 - WARNING: robot.py: Battery Voltage too low
10:15:06 - INFO: robot.py:  Current battery voltage: 11.776279

10:15:06 - WARNING: robot.py: Battery Voltage too low
10:15:06 - INFO: robot.py:  Current battery voltage: 13.108607

10:15:06 - WARNING: robot.py: Battery Voltage too low
10:15:06 - INFO: robot.py:  Current battery voltage: 13.909789

10:15:06 - WARNING: robot.py: Last Move command None was not received by Minitaur.
10:15:06 - INFO: robot.py: Move command sent: 90111100
10:15:06 - WARNING: robot.py: Last Move command 90111100 was not received by Minitaur.
10:15:06 - INFO: robot.py: Move command sent: 90121200
10:15:06 - WARNING: robot.py: Last Move command 90121200 was not received by Minitaur.
10:15:06 - INFO: robot.py: Move command sent: 90121300
10:15:07 - WARNING: robot.py: Last Move command 90121300 was not received by Minitaur.
10:15:07 - INFO: robot.py: Move command sent: 90121400
10:15:07 - WARNING: robot.py: Last Move command 90121400 was not received by Minitaur.
10:15:07 - WARNING: robot.py: Last Move command 90121400 was not received by Minitaur.
10:15:07 - WARNING: robot.py: Last Move command 90121400 was not received by Minitaur.
10:15:07 - INFO: robot.py: Move command sent: 90121300
10:15:07 - WARNING: robot.py: Last Move command 90121300 was not received by Minitaur.
10:15:07 - INFO: robot.py: Move command sent: 90121100
10:15:07 - WARNING: robot.py: Last Move command 90121100 was not received by Minitaur.
10:15:07 - INFO: robot.py: Move command sent: 90121200
10:15:08 - WARNING: robot.py: Last Move command 90121200 was not received by Minitaur.
10:15:08 - WARNING: robot.py: Last Move command 90121200 was not received by Minitaur.
10:15:08 - INFO: robot.py: Move command sent: 90121100
10:15:08 - WARNING: robot.py: Last Move command 90121100 was not received by Minitaur.
10:15:08 - INFO: robot.py: Move command sent: 90121200
10:15:08 - WARNING: robot.py: Last Move command 90121200 was not received by Minitaur.
10:15:08 - INFO: robot.py: Move command sent: 90121300
10:15:08 - WARNING: robot.py: Last Move command 90121300 was not received by Minitaur.
10:15:08 - INFO: robot.py: Move command sent: 90121100
10:15:08 - WARNING: robot.py: Last Move command 90121100 was not received by Minitaur.
10:15:08 - INFO: robot.py: Move command sent: 90121300
10:15:09 - WARNING: robot.py: Last Move command 90121300 was not received by Minitaur.
10:15:09 - INFO: robot.py: Move command sent: 90121400
10:15:09 - WARNING: robot.py: Last Move command 90121400 was not received by Minitaur.
10:15:09 - INFO: robot.py: Move command sent: 90121500
10:15:09 - WARNING: robot.py: Last Move command 90121500 was not received by Minitaur.
10:15:09 - INFO: robot.py: Move command sent: 90121400
10:15:09 - INFO: robot.py: Move command sent: 90121500
10:15:10 - WARNING: robot.py: Last Move command 90121500 was not received by Minitaur.
10:15:10 - INFO: robot.py: Move command sent: 90121400
10:15:10 - INFO: robot.py: Move command sent: 90000000
10:15:10 - WARNING: robot.py: Last Move command 90000000 was not received by Minitaur.
10:15:10 - WARNING: robot.py: Last Move command 90000000 was not received by Minitaur.
10:15:10 - WARNING: robot.py: Last Move command 90000000 was not received by Minitaur.
10:15:11 - WARNING: robot.py: Last Move command 90000000 was not received by Minitaur.
10:15:11 - WARNING: robot.py: Last Move command 90000000 was not received by Minitaur.
10:15:12 - WARNING: robot.py: Last Move command 90000000 was not received by Minitaur.
10:15:12 - WARNING: robot.py: Last Move command 90000000 was not received by Minitaur.
10:15:13 - WARNING: robot.py: Last Move command 90000000 was not received by Minitaur.
10:15:13 - WARNING: robot.py: Last Move command 90000000 was not received by Minitaur.
10:15:14 - WARNING: robot.py: Last Move command 90000000 was not received by Minitaur.
10:15:14 - WARNING: robot.py: Last Move command 90000000 was not received by Minitaur.
10:15:15 - WARNING: robot.py: Last Move command 90000000 was not received by Minitaur.
10:15:15 - WARNING: robot.py: Last Move command 90000000 was not received by Minitaur.
10:15:16 - WARNING: robot.py: Last Move command 90000000 was not received by Minitaur.
10:15:49 - WARNING: Iq.py: KeyboardInterrupt
10:15:49 - INFO: robot.py: Disconected body component successfully.
10:15:49 - INFO: Cam.py: Camera Disconnected
10:15:49 - INFO: head.py: Disconected head component successfully.
10:15:49 - ERROR: rs_error was raised when calling rs_wait_for_frames(device:0)
10:15:49 - ERROR:     null pointer passed for argument "device"
