03:10:31 - INFO: robot.py: Starts to connect components.
03:10:31 - INFO: robot.py: Body component connected
03:10:31 - INFO: robot.py: Body = True
03:10:31 - INFO: Cam.py: Starts to connect components.
03:10:31 - INFO: There are 1 connected RealSense devices.
03:10:31 - INFO: Using device 0, an Intel RealSense R200
03:10:31 - INFO:     Serial number: 2521000201
03:10:31 - INFO:     Firmware version: 1.0.71.06
03:10:32 - INFO: head.py: Head Component is connected.
03:10:35 - WARNING: robot.py: Battery Voltage too low
03:10:35 - INFO: robot.py:  Current battery voltage: 0.000000

03:10:35 - WARNING: robot.py: Battery Voltage too low
03:10:35 - INFO: robot.py:  Current battery voltage: 6.070820

03:10:35 - WARNING: robot.py: Battery Voltage too low
03:10:35 - INFO: robot.py:  Current battery voltage: 9.742346

03:10:35 - WARNING: robot.py: Battery Voltage too low
03:10:35 - INFO: robot.py:  Current battery voltage: 11.971016

03:10:35 - WARNING: robot.py: Battery Voltage too low
03:10:35 - INFO: robot.py:  Current battery voltage: 13.329152

03:10:35 - WARNING: robot.py: Battery Voltage too low
03:10:35 - INFO: robot.py:  Current battery voltage: 14.143600

03:10:36 - WARNING: robot.py: Last Move command None was not received by Minitaur.
03:10:36 - INFO: robot.py: Move command sent: 90111100
03:10:36 - INFO: robot.py: Move command sent: 90121200
03:10:40 - INFO: robot.py: Move command sent: 90121100
03:10:40 - INFO: robot.py: Move command sent: 90121000
03:10:42 - INFO: robot.py: Move command sent: 90121100
03:10:42 - INFO: robot.py: Move command sent: 90121000
03:10:43 - INFO: robot.py: Move command sent: 90121100
03:10:46 - INFO: robot.py: Move command sent: 90121000
03:10:47 - INFO: robot.py: Move command sent: 90121100
03:10:48 - INFO: robot.py: Move command sent: 90121200
03:10:49 - INFO: robot.py: Move command sent: 90121100
03:10:51 - INFO: robot.py: Move command sent: 90121000
03:10:53 - INFO: robot.py: Move command sent: 90120100
03:10:53 - INFO: robot.py: Move command sent: 90120200
03:10:55 - INFO: robot.py: Move command sent: 90120100
03:10:56 - INFO: robot.py: Move command sent: 90121000
03:10:57 - WARNING: robot.py: Last Move command 90121000 was not received by Minitaur.
03:10:57 - INFO: robot.py: Move command sent: 90120100
03:10:58 - WARNING: robot.py: Last Move command 90120100 was not received by Minitaur.
03:10:59 - INFO: robot.py: Move command sent: 90120200
03:11:00 - WARNING: robot.py: Last Move command 90120200 was not received by Minitaur.
03:11:00 - INFO: robot.py: Move command sent: 90120100
03:11:00 - WARNING: robot.py: Last Move command 90120100 was not received by Minitaur.
03:11:02 - INFO: robot.py: Move command sent: 90121000
03:11:02 - WARNING: robot.py: Last Move command 90121000 was not received by Minitaur.
03:11:02 - INFO: robot.py: Move command sent: 90120100
03:11:03 - WARNING: robot.py: Last Move command 90120100 was not received by Minitaur.
03:11:03 - INFO: robot.py: Move command sent: 90121000
03:11:03 - WARNING: robot.py: Last Move command 90121000 was not received by Minitaur.
03:11:03 - INFO: robot.py: Move command sent: 90120100
03:11:04 - WARNING: robot.py: Last Move command 90120100 was not received by Minitaur.
03:11:04 - INFO: robot.py: Move command sent: 90000000
03:11:04 - WARNING: Iq.py: KeyboardInterrupt
03:11:04 - INFO: robot.py: Disconected body component successfully.
03:11:04 - INFO: Cam.py: Camera Disconnected
03:11:04 - INFO: head.py: Disconected head component successfully.
03:11:04 - ERROR: rs_error was raised when calling rs_wait_for_frames(device:0)
03:11:04 - ERROR:     null pointer passed for argument "device"
