02:43:09 - INFO: robot.py: Starts to connect components.
02:43:09 - WARNING: robot.py: Body component could not be connected.
02:43:09 - INFO: robot.py: Body = False
02:43:09 - INFO: Cam.py: Starts to connect components.
02:43:09 - INFO: There are 1 connected RealSense devices.
02:43:09 - INFO: Using device 0, an Intel RealSense R200
02:43:09 - INFO:     Serial number: 2521000201
02:43:09 - INFO:     Firmware version: 1.0.71.06
02:43:09 - INFO: head.py: Head Component is connected.
02:43:12 - WARNING: robot.py: Method move(): Cannot execute command. Body disconneted.
02:43:13 - WARNING: robot.py: Method move(): Cannot execute command. Body disconneted.
02:43:15 - WARNING: robot.py: Method move(): Cannot execute command. Body disconneted.
02:43:16 - WARNING: robot.py: Method move(): Cannot execute command. Body disconneted.
02:43:17 - WARNING: robot.py: Method move(): Cannot execute command. Body disconneted.
02:43:19 - WARNING: robot.py: Method move(): Cannot execute command. Body disconneted.
02:43:20 - WARNING: robot.py: Method move(): Cannot execute command. Body disconneted.
02:43:22 - WARNING: robot.py: Method move(): Cannot execute command. Body disconneted.
02:43:23 - WARNING: robot.py: Method move(): Cannot execute command. Body disconneted.
02:43:25 - WARNING: robot.py: Method move(): Cannot execute command. Body disconneted.
02:43:26 - WARNING: robot.py: Method move(): Cannot execute command. Body disconneted.
02:43:28 - WARNING: robot.py: Method move(): Cannot execute command. Body disconneted.
02:43:29 - WARNING: robot.py: Method move(): Cannot execute command. Body disconneted.
02:43:30 - WARNING: robot.py: Method move(): Cannot execute command. Body disconneted.
02:43:32 - WARNING: robot.py: Method move(): Cannot execute command. Body disconneted.
02:43:33 - WARNING: robot.py: Method move(): Cannot execute command. Body disconneted.
02:43:35 - WARNING: robot.py: Method move(): Cannot execute command. Body disconneted.
02:43:36 - WARNING: robot.py: Method move(): Cannot execute command. Body disconneted.
02:43:38 - WARNING: robot.py: Method move(): Cannot execute command. Body disconneted.
02:43:39 - WARNING: robot.py: Method move(): Cannot execute command. Body disconneted.
02:43:41 - WARNING: robot.py: Method move(): Cannot execute command. Body disconneted.
02:43:43 - WARNING: robot.py: Method move(): Cannot execute command. Body disconneted.
02:43:44 - WARNING: robot.py: Method move(): Cannot execute command. Body disconneted.
02:43:46 - WARNING: robot.py: Method move(): Cannot execute command. Body disconneted.
02:43:47 - WARNING: robot.py: Method move(): Cannot execute command. Body disconneted.
02:43:49 - WARNING: robot.py: Method move(): Cannot execute command. Body disconneted.
02:43:50 - WARNING: robot.py: Method move(): Cannot execute command. Body disconneted.
02:43:52 - WARNING: robot.py: Method move(): Cannot execute command. Body disconneted.
02:43:53 - WARNING: robot.py: Method move(): Cannot execute command. Body disconneted.
02:43:55 - WARNING: robot.py: Method move(): Cannot execute command. Body disconneted.
02:43:56 - WARNING: robot.py: Method move(): Cannot execute command. Body disconneted.
02:43:57 - WARNING: robot.py: Method move(): Cannot execute command. Body disconneted.
02:43:59 - WARNING: robot.py: Method move(): Cannot execute command. Body disconneted.
02:44:00 - WARNING: robot.py: Method move(): Cannot execute command. Body disconneted.
02:44:02 - WARNING: robot.py: Method move(): Cannot execute command. Body disconneted.
02:44:03 - WARNING: robot.py: Method move(): Cannot execute command. Body disconneted.
02:44:05 - WARNING: robot.py: Method move(): Cannot execute command. Body disconneted.
02:44:06 - WARNING: robot.py: Method move(): Cannot execute command. Body disconneted.
02:44:08 - WARNING: robot.py: Method move(): Cannot execute command. Body disconneted.
02:44:09 - WARNING: robot.py: Method move(): Cannot execute command. Body disconneted.
02:44:11 - WARNING: robot.py: Method move(): Cannot execute command. Body disconneted.
02:44:12 - WARNING: robot.py: Method move(): Cannot execute command. Body disconneted.
02:44:14 - WARNING: robot.py: Method move(): Cannot execute command. Body disconneted.
02:44:15 - WARNING: robot.py: Method move(): Cannot execute command. Body disconneted.
02:44:16 - WARNING: robot.py: Method move(): Cannot execute command. Body disconneted.
02:44:18 - WARNING: robot.py: Method move(): Cannot execute command. Body disconneted.
02:44:19 - WARNING: robot.py: Method move(): Cannot execute command. Body disconneted.
02:44:21 - WARNING: robot.py: Method move(): Cannot execute command. Body disconneted.
02:44:22 - WARNING: robot.py: Method move(): Cannot execute command. Body disconneted.
02:44:24 - WARNING: robot.py: Method move(): Cannot execute command. Body disconneted.
02:44:25 - WARNING: robot.py: Method move(): Cannot execute command. Body disconneted.
02:44:27 - WARNING: robot.py: Method move(): Cannot execute command. Body disconneted.
02:44:28 - WARNING: robot.py: Method move(): Cannot execute command. Body disconneted.
02:44:30 - WARNING: robot.py: Method move(): Cannot execute command. Body disconneted.
02:44:31 - WARNING: robot.py: Method move(): Cannot execute command. Body disconneted.
02:44:33 - WARNING: robot.py: Method move(): Cannot execute command. Body disconneted.
02:44:34 - WARNING: robot.py: Method move(): Cannot execute command. Body disconneted.
02:44:36 - WARNING: robot.py: Method move(): Cannot execute command. Body disconneted.
02:44:37 - WARNING: robot.py: Method move(): Cannot execute command. Body disconneted.
02:44:39 - WARNING: robot.py: Method move(): Cannot execute command. Body disconneted.
02:44:40 - WARNING: robot.py: Method move(): Cannot execute command. Body disconneted.
02:44:41 - WARNING: robot.py: Method move(): Cannot execute command. Body disconneted.
02:44:43 - WARNING: robot.py: Method move(): Cannot execute command. Body disconneted.
02:44:44 - WARNING: robot.py: Method move(): Cannot execute command. Body disconneted.
02:44:46 - WARNING: robot.py: Method move(): Cannot execute command. Body disconneted.
02:44:47 - WARNING: robot.py: Method move(): Cannot execute command. Body disconneted.
02:44:49 - WARNING: robot.py: Method move(): Cannot execute command. Body disconneted.
02:44:51 - WARNING: robot.py: Method move(): Cannot execute command. Body disconneted.
02:44:52 - WARNING: robot.py: Method move(): Cannot execute command. Body disconneted.
02:44:54 - WARNING: robot.py: Method move(): Cannot execute command. Body disconneted.
02:44:55 - WARNING: robot.py: Method move(): Cannot execute command. Body disconneted.
02:44:57 - WARNING: robot.py: Method move(): Cannot execute command. Body disconneted.
02:44:58 - WARNING: robot.py: Method move(): Cannot execute command. Body disconneted.
02:45:00 - WARNING: robot.py: Method move(): Cannot execute command. Body disconneted.
02:45:02 - WARNING: robot.py: Method move(): Cannot execute command. Body disconneted.
02:45:03 - WARNING: robot.py: Method move(): Cannot execute command. Body disconneted.
02:45:05 - WARNING: robot.py: Method move(): Cannot execute command. Body disconneted.
02:45:06 - WARNING: robot.py: Method move(): Cannot execute command. Body disconneted.
02:45:08 - WARNING: robot.py: Method move(): Cannot execute command. Body disconneted.
02:45:09 - WARNING: robot.py: Method move(): Cannot execute command. Body disconneted.
02:45:11 - WARNING: robot.py: Method move(): Cannot execute command. Body disconneted.
02:45:12 - WARNING: robot.py: Method move(): Cannot execute command. Body disconneted.
02:45:14 - WARNING: robot.py: Method move(): Cannot execute command. Body disconneted.
02:45:15 - WARNING: robot.py: Method move(): Cannot execute command. Body disconneted.
02:45:17 - WARNING: robot.py: Method move(): Cannot execute command. Body disconneted.
02:45:18 - WARNING: robot.py: Method move(): Cannot execute command. Body disconneted.
02:45:20 - WARNING: robot.py: Method move(): Cannot execute command. Body disconneted.
02:45:22 - WARNING: robot.py: Method move(): Cannot execute command. Body disconneted.
02:45:23 - WARNING: robot.py: Method move(): Cannot execute command. Body disconneted.
02:45:25 - WARNING: robot.py: Method move(): Cannot execute command. Body disconneted.
02:45:26 - WARNING: robot.py: Method move(): Cannot execute command. Body disconneted.
02:45:28 - WARNING: robot.py: Method move(): Cannot execute command. Body disconneted.
02:45:29 - WARNING: robot.py: Method move(): Cannot execute command. Body disconneted.
02:45:31 - WARNING: robot.py: Method move(): Cannot execute command. Body disconneted.
02:45:32 - WARNING: robot.py: Method move(): Cannot execute command. Body disconneted.
02:45:34 - WARNING: robot.py: Method move(): Cannot execute command. Body disconneted.
02:45:35 - WARNING: robot.py: Method move(): Cannot execute command. Body disconneted.
02:45:37 - WARNING: robot.py: Method move(): Cannot execute command. Body disconneted.
02:45:38 - WARNING: robot.py: Method move(): Cannot execute command. Body disconneted.
02:45:40 - WARNING: robot.py: Method move(): Cannot execute command. Body disconneted.
02:45:41 - WARNING: robot.py: Method move(): Cannot execute command. Body disconneted.
02:45:43 - WARNING: robot.py: Method move(): Cannot execute command. Body disconneted.
02:45:44 - WARNING: robot.py: Method move(): Cannot execute command. Body disconneted.
02:45:46 - WARNING: robot.py: Method move(): Cannot execute command. Body disconneted.
02:45:48 - WARNING: robot.py: Method move(): Cannot execute command. Body disconneted.
02:45:49 - WARNING: robot.py: Method move(): Cannot execute command. Body disconneted.
02:45:51 - WARNING: robot.py: Method move(): Cannot execute command. Body disconneted.
02:45:52 - WARNING: robot.py: Method move(): Cannot execute command. Body disconneted.
02:45:54 - WARNING: robot.py: Method move(): Cannot execute command. Body disconneted.
02:45:55 - WARNING: robot.py: Method move(): Cannot execute command. Body disconneted.
02:45:57 - WARNING: robot.py: Method move(): Cannot execute command. Body disconneted.
02:45:58 - WARNING: robot.py: Method move(): Cannot execute command. Body disconneted.
02:46:00 - WARNING: robot.py: Method move(): Cannot execute command. Body disconneted.
02:46:02 - WARNING: robot.py: Method move(): Cannot execute command. Body disconneted.
02:46:03 - WARNING: robot.py: Method move(): Cannot execute command. Body disconneted.
02:46:05 - WARNING: robot.py: Method move(): Cannot execute command. Body disconneted.
02:46:06 - WARNING: robot.py: Method move(): Cannot execute command. Body disconneted.
02:46:08 - WARNING: robot.py: Method move(): Cannot execute command. Body disconneted.
02:46:09 - WARNING: robot.py: Method move(): Cannot execute command. Body disconneted.
02:46:11 - WARNING: robot.py: Method move(): Cannot execute command. Body disconneted.
02:46:13 - WARNING: robot.py: Method move(): Cannot execute command. Body disconneted.
02:46:14 - WARNING: robot.py: Method move(): Cannot execute command. Body disconneted.
02:46:16 - WARNING: robot.py: Method move(): Cannot execute command. Body disconneted.
02:46:17 - WARNING: robot.py: Method move(): Cannot execute command. Body disconneted.
02:46:19 - WARNING: robot.py: Method move(): Cannot execute command. Body disconneted.
02:46:21 - WARNING: robot.py: Method move(): Cannot execute command. Body disconneted.
02:46:22 - WARNING: robot.py: Method move(): Cannot execute command. Body disconneted.
02:46:24 - WARNING: robot.py: Method move(): Cannot execute command. Body disconneted.
02:46:25 - WARNING: robot.py: Method move(): Cannot execute command. Body disconneted.
02:46:27 - WARNING: robot.py: Method move(): Cannot execute command. Body disconneted.
02:46:28 - WARNING: robot.py: Method move(): Cannot execute command. Body disconneted.
02:46:30 - WARNING: robot.py: Method move(): Cannot execute command. Body disconneted.
02:46:32 - WARNING: robot.py: Method move(): Cannot execute command. Body disconneted.
02:46:33 - WARNING: robot.py: Method move(): Cannot execute command. Body disconneted.
02:46:35 - WARNING: robot.py: Method move(): Cannot execute command. Body disconneted.
02:46:37 - WARNING: robot.py: Method move(): Cannot execute command. Body disconneted.
02:46:38 - WARNING: robot.py: Method move(): Cannot execute command. Body disconneted.
02:46:40 - WARNING: robot.py: Method move(): Cannot execute command. Body disconneted.
02:46:42 - WARNING: robot.py: Method move(): Cannot execute command. Body disconneted.
02:46:43 - WARNING: robot.py: Method move(): Cannot execute command. Body disconneted.
02:46:45 - WARNING: robot.py: Method move(): Cannot execute command. Body disconneted.
02:46:47 - WARNING: robot.py: Method move(): Cannot execute command. Body disconneted.
02:46:48 - WARNING: robot.py: Method move(): Cannot execute command. Body disconneted.
02:46:50 - WARNING: robot.py: Method move(): Cannot execute command. Body disconneted.
02:46:52 - WARNING: robot.py: Method move(): Cannot execute command. Body disconneted.
02:46:54 - WARNING: robot.py: Method move(): Cannot execute command. Body disconneted.
02:46:55 - WARNING: robot.py: Method move(): Cannot execute command. Body disconneted.
02:46:57 - WARNING: robot.py: Method move(): Cannot execute command. Body disconneted.
02:46:59 - WARNING: robot.py: Method move(): Cannot execute command. Body disconneted.
02:47:00 - WARNING: robot.py: Method move(): Cannot execute command. Body disconneted.
02:47:02 - WARNING: robot.py: Method move(): Cannot execute command. Body disconneted.
02:47:04 - WARNING: robot.py: Method move(): Cannot execute command. Body disconneted.
02:47:05 - WARNING: robot.py: Method move(): Cannot execute command. Body disconneted.
02:47:07 - WARNING: robot.py: Method move(): Cannot execute command. Body disconneted.
02:47:08 - WARNING: robot.py: Method move(): Cannot execute command. Body disconneted.
02:47:10 - WARNING: robot.py: Method move(): Cannot execute command. Body disconneted.
02:47:12 - WARNING: robot.py: Method move(): Cannot execute command. Body disconneted.
02:47:13 - WARNING: robot.py: Method move(): Cannot execute command. Body disconneted.
02:47:15 - WARNING: robot.py: Method move(): Cannot execute command. Body disconneted.
02:47:16 - WARNING: robot.py: Method move(): Cannot execute command. Body disconneted.
02:47:18 - WARNING: robot.py: Method move(): Cannot execute command. Body disconneted.
02:47:20 - WARNING: robot.py: Method move(): Cannot execute command. Body disconneted.
02:47:21 - WARNING: robot.py: Method move(): Cannot execute command. Body disconneted.
02:47:23 - WARNING: robot.py: Method move(): Cannot execute command. Body disconneted.
02:47:25 - WARNING: robot.py: Method move(): Cannot execute command. Body disconneted.
02:47:26 - WARNING: robot.py: Method move(): Cannot execute command. Body disconneted.
02:47:28 - WARNING: robot.py: Method move(): Cannot execute command. Body disconneted.
02:47:29 - WARNING: robot.py: Method move(): Cannot execute command. Body disconneted.
02:47:31 - WARNING: robot.py: Method move(): Cannot execute command. Body disconneted.
02:47:33 - WARNING: robot.py: Method move(): Cannot execute command. Body disconneted.
02:47:34 - WARNING: robot.py: Method move(): Cannot execute command. Body disconneted.
02:47:36 - WARNING: robot.py: Method move(): Cannot execute command. Body disconneted.
02:47:37 - WARNING: robot.py: Method move(): Cannot execute command. Body disconneted.
02:47:39 - WARNING: robot.py: Method move(): Cannot execute command. Body disconneted.
02:47:41 - WARNING: robot.py: Method move(): Cannot execute command. Body disconneted.
02:47:42 - WARNING: robot.py: Method move(): Cannot execute command. Body disconneted.
02:47:44 - WARNING: robot.py: Method move(): Cannot execute command. Body disconneted.
02:47:45 - WARNING: robot.py: Method move(): Cannot execute command. Body disconneted.
02:47:47 - WARNING: robot.py: Method move(): Cannot execute command. Body disconneted.
02:47:49 - WARNING: robot.py: Method move(): Cannot execute command. Body disconneted.
02:47:50 - WARNING: robot.py: Method move(): Cannot execute command. Body disconneted.
02:47:52 - WARNING: robot.py: Method move(): Cannot execute command. Body disconneted.
02:47:54 - WARNING: robot.py: Method move(): Cannot execute command. Body disconneted.
02:47:55 - WARNING: robot.py: Method move(): Cannot execute command. Body disconneted.
02:47:57 - WARNING: robot.py: Method move(): Cannot execute command. Body disconneted.
02:47:59 - WARNING: robot.py: Method move(): Cannot execute command. Body disconneted.
02:48:00 - WARNING: robot.py: Method move(): Cannot execute command. Body disconneted.
02:48:02 - WARNING: robot.py: Method move(): Cannot execute command. Body disconneted.
02:48:04 - WARNING: robot.py: Method move(): Cannot execute command. Body disconneted.
02:48:05 - WARNING: robot.py: Method move(): Cannot execute command. Body disconneted.
02:48:07 - WARNING: robot.py: Method move(): Cannot execute command. Body disconneted.
02:48:09 - WARNING: robot.py: Method move(): Cannot execute command. Body disconneted.
02:48:10 - WARNING: robot.py: Method move(): Cannot execute command. Body disconneted.
02:48:12 - WARNING: robot.py: Method move(): Cannot execute command. Body disconneted.
02:48:13 - WARNING: robot.py: Method move(): Cannot execute command. Body disconneted.
02:48:15 - WARNING: robot.py: Method move(): Cannot execute command. Body disconneted.
02:48:17 - WARNING: robot.py: Method move(): Cannot execute command. Body disconneted.
02:48:18 - WARNING: robot.py: Method move(): Cannot execute command. Body disconneted.
02:48:20 - WARNING: robot.py: Method move(): Cannot execute command. Body disconneted.
02:48:21 - WARNING: robot.py: Method move(): Cannot execute command. Body disconneted.
02:48:23 - WARNING: robot.py: Method move(): Cannot execute command. Body disconneted.
02:48:25 - WARNING: robot.py: Method move(): Cannot execute command. Body disconneted.
02:48:26 - WARNING: robot.py: Method move(): Cannot execute command. Body disconneted.
02:48:28 - WARNING: robot.py: Method move(): Cannot execute command. Body disconneted.
02:48:30 - WARNING: robot.py: Method move(): Cannot execute command. Body disconneted.
02:48:31 - WARNING: robot.py: Method move(): Cannot execute command. Body disconneted.
02:48:33 - WARNING: robot.py: Method move(): Cannot execute command. Body disconneted.
02:48:34 - WARNING: robot.py: Method move(): Cannot execute command. Body disconneted.
02:48:36 - WARNING: robot.py: Method move(): Cannot execute command. Body disconneted.
02:48:37 - WARNING: robot.py: Method move(): Cannot execute command. Body disconneted.
02:48:39 - WARNING: robot.py: Method move(): Cannot execute command. Body disconneted.
02:48:40 - WARNING: robot.py: Method move(): Cannot execute command. Body disconneted.
02:48:42 - WARNING: robot.py: Method move(): Cannot execute command. Body disconneted.
02:48:44 - WARNING: robot.py: Method move(): Cannot execute command. Body disconneted.
02:48:45 - WARNING: robot.py: Method move(): Cannot execute command. Body disconneted.
02:48:47 - WARNING: robot.py: Method move(): Cannot execute command. Body disconneted.
02:48:48 - WARNING: robot.py: Method move(): Cannot execute command. Body disconneted.
02:48:50 - WARNING: robot.py: Method move(): Cannot execute command. Body disconneted.
02:48:51 - WARNING: robot.py: Method move(): Cannot execute command. Body disconneted.
02:48:53 - WARNING: robot.py: Method move(): Cannot execute command. Body disconneted.
02:48:54 - WARNING: robot.py: Method move(): Cannot execute command. Body disconneted.
02:48:56 - WARNING: robot.py: Method move(): Cannot execute command. Body disconneted.
02:48:58 - WARNING: robot.py: Method move(): Cannot execute command. Body disconneted.
02:48:59 - WARNING: robot.py: Method move(): Cannot execute command. Body disconneted.
02:49:01 - WARNING: robot.py: Method move(): Cannot execute command. Body disconneted.
02:49:02 - WARNING: robot.py: Method move(): Cannot execute command. Body disconneted.
02:49:04 - WARNING: robot.py: Method move(): Cannot execute command. Body disconneted.
02:49:05 - WARNING: robot.py: Method move(): Cannot execute command. Body disconneted.
02:49:07 - WARNING: robot.py: Method move(): Cannot execute command. Body disconneted.
02:49:09 - WARNING: robot.py: Method move(): Cannot execute command. Body disconneted.
02:49:10 - WARNING: robot.py: Method move(): Cannot execute command. Body disconneted.
02:49:12 - WARNING: robot.py: Method move(): Cannot execute command. Body disconneted.
02:49:13 - WARNING: robot.py: Method move(): Cannot execute command. Body disconneted.
02:49:15 - WARNING: robot.py: Method move(): Cannot execute command. Body disconneted.
02:49:17 - WARNING: robot.py: Method move(): Cannot execute command. Body disconneted.
02:49:19 - WARNING: robot.py: Method move(): Cannot execute command. Body disconneted.
02:49:20 - WARNING: robot.py: Method move(): Cannot execute command. Body disconneted.
02:49:22 - WARNING: robot.py: Method move(): Cannot execute command. Body disconneted.
02:49:24 - WARNING: robot.py: Method move(): Cannot execute command. Body disconneted.
02:49:25 - WARNING: robot.py: Method move(): Cannot execute command. Body disconneted.
02:49:27 - WARNING: robot.py: Method move(): Cannot execute command. Body disconneted.
02:49:28 - WARNING: robot.py: Method move(): Cannot execute command. Body disconneted.
02:49:30 - WARNING: robot.py: Method move(): Cannot execute command. Body disconneted.
02:49:32 - WARNING: robot.py: Method move(): Cannot execute command. Body disconneted.
02:49:33 - WARNING: robot.py: Method move(): Cannot execute command. Body disconneted.
02:49:35 - WARNING: robot.py: Method move(): Cannot execute command. Body disconneted.
02:49:36 - WARNING: robot.py: Method move(): Cannot execute command. Body disconneted.
02:49:38 - WARNING: robot.py: Method move(): Cannot execute command. Body disconneted.
02:49:40 - WARNING: robot.py: Method move(): Cannot execute command. Body disconneted.
02:49:41 - WARNING: robot.py: Method move(): Cannot execute command. Body disconneted.
02:49:43 - WARNING: robot.py: Method move(): Cannot execute command. Body disconneted.
02:49:44 - WARNING: robot.py: Method move(): Cannot execute command. Body disconneted.
02:49:46 - WARNING: robot.py: Method move(): Cannot execute command. Body disconneted.
02:49:48 - WARNING: robot.py: Method move(): Cannot execute command. Body disconneted.
02:49:49 - WARNING: robot.py: Method move(): Cannot execute command. Body disconneted.
02:49:51 - WARNING: robot.py: Method move(): Cannot execute command. Body disconneted.
02:49:52 - WARNING: robot.py: Method move(): Cannot execute command. Body disconneted.
02:49:54 - WARNING: robot.py: Method move(): Cannot execute command. Body disconneted.
02:49:55 - WARNING: robot.py: Method move(): Cannot execute command. Body disconneted.
02:49:57 - WARNING: robot.py: Method move(): Cannot execute command. Body disconneted.
02:49:58 - WARNING: robot.py: Method move(): Cannot execute command. Body disconneted.
02:50:00 - WARNING: robot.py: Method move(): Cannot execute command. Body disconneted.
02:50:02 - WARNING: robot.py: Method move(): Cannot execute command. Body disconneted.
02:50:03 - WARNING: robot.py: Method move(): Cannot execute command. Body disconneted.
02:50:05 - WARNING: robot.py: Method move(): Cannot execute command. Body disconneted.
02:50:06 - WARNING: robot.py: Method move(): Cannot execute command. Body disconneted.
02:50:08 - WARNING: robot.py: Method move(): Cannot execute command. Body disconneted.
02:50:09 - WARNING: robot.py: Method move(): Cannot execute command. Body disconneted.
02:50:11 - WARNING: robot.py: Method move(): Cannot execute command. Body disconneted.
02:50:12 - WARNING: robot.py: Method move(): Cannot execute command. Body disconneted.
02:50:14 - WARNING: robot.py: Method move(): Cannot execute command. Body disconneted.
02:50:15 - WARNING: robot.py: Method move(): Cannot execute command. Body disconneted.
02:50:17 - WARNING: robot.py: Method move(): Cannot execute command. Body disconneted.
02:50:18 - WARNING: robot.py: Method move(): Cannot execute command. Body disconneted.
02:50:20 - WARNING: robot.py: Method move(): Cannot execute command. Body disconneted.
02:50:22 - WARNING: robot.py: Method move(): Cannot execute command. Body disconneted.
02:50:23 - WARNING: robot.py: Method move(): Cannot execute command. Body disconneted.
02:50:25 - WARNING: robot.py: Method move(): Cannot execute command. Body disconneted.
02:50:27 - WARNING: robot.py: Method move(): Cannot execute command. Body disconneted.
02:50:29 - WARNING: robot.py: Method move(): Cannot execute command. Body disconneted.
02:50:30 - WARNING: robot.py: Method move(): Cannot execute command. Body disconneted.
02:50:32 - WARNING: robot.py: Method move(): Cannot execute command. Body disconneted.
02:50:34 - WARNING: robot.py: Method move(): Cannot execute command. Body disconneted.
02:50:35 - WARNING: robot.py: Method move(): Cannot execute command. Body disconneted.
02:50:37 - WARNING: robot.py: Method move(): Cannot execute command. Body disconneted.
02:50:38 - WARNING: robot.py: Method move(): Cannot execute command. Body disconneted.
02:50:40 - WARNING: robot.py: Method move(): Cannot execute command. Body disconneted.
02:50:42 - WARNING: robot.py: Method move(): Cannot execute command. Body disconneted.
02:50:43 - WARNING: robot.py: Method move(): Cannot execute command. Body disconneted.
02:50:45 - WARNING: robot.py: Method move(): Cannot execute command. Body disconneted.
02:50:46 - WARNING: robot.py: Method move(): Cannot execute command. Body disconneted.
02:50:48 - WARNING: robot.py: Method move(): Cannot execute command. Body disconneted.
02:50:50 - WARNING: robot.py: Method move(): Cannot execute command. Body disconneted.
02:50:51 - WARNING: robot.py: Method move(): Cannot execute command. Body disconneted.
02:50:53 - WARNING: robot.py: Method move(): Cannot execute command. Body disconneted.
02:50:55 - WARNING: robot.py: Method move(): Cannot execute command. Body disconneted.
02:50:56 - WARNING: robot.py: Method move(): Cannot execute command. Body disconneted.
02:50:58 - WARNING: robot.py: Method move(): Cannot execute command. Body disconneted.
02:50:59 - WARNING: robot.py: Method move(): Cannot execute command. Body disconneted.
02:51:01 - WARNING: robot.py: Method move(): Cannot execute command. Body disconneted.
02:51:03 - WARNING: robot.py: Method move(): Cannot execute command. Body disconneted.
02:51:05 - WARNING: robot.py: Method move(): Cannot execute command. Body disconneted.
02:51:06 - WARNING: robot.py: Method move(): Cannot execute command. Body disconneted.
02:51:08 - WARNING: robot.py: Method move(): Cannot execute command. Body disconneted.
02:51:09 - WARNING: robot.py: Method move(): Cannot execute command. Body disconneted.
02:51:11 - WARNING: robot.py: Method move(): Cannot execute command. Body disconneted.
02:51:12 - WARNING: robot.py: Method move(): Cannot execute command. Body disconneted.
02:51:14 - WARNING: robot.py: Method move(): Cannot execute command. Body disconneted.
02:51:16 - WARNING: robot.py: Method move(): Cannot execute command. Body disconneted.
02:51:17 - WARNING: robot.py: Method move(): Cannot execute command. Body disconneted.
02:51:18 - WARNING: Iq.py: KeyboardInterrupt
02:51:18 - INFO: robot.py: Disconected body component successfully.
02:51:18 - INFO: Cam.py: Camera Disconnected
02:51:18 - INFO: head.py: Disconected head component successfully.
02:51:18 - ERROR: rs_error was raised when calling rs_wait_for_frames(device:0)
02:51:18 - ERROR:     null pointer passed for argument "device"
