10:07:41 - INFO: robot.py: Starts to connect components.
10:07:41 - INFO: robot.py: Body component connected
10:07:41 - INFO: robot.py: Body = True
10:07:41 - INFO: Cam.py: Starts to connect components.
10:07:41 - INFO: There are 1 connected RealSense devices.
10:07:41 - INFO: Using device 0, an Intel RealSense R200
10:07:41 - INFO:     Serial number: 2521000201
10:07:41 - INFO:     Firmware version: 1.0.71.06
10:07:41 - INFO: head.py: Head Component is connected.
10:07:53 - WARNING: robot.py: Battery Voltage too low
10:07:53 - INFO: robot.py:  Current battery voltage: 0.000000

10:07:53 - WARNING: robot.py: Battery Voltage too low
10:07:53 - INFO: robot.py:  Current battery voltage: 6.055787

10:07:53 - WARNING: robot.py: Battery Voltage too low
10:07:53 - INFO: robot.py:  Current battery voltage: 9.719851

10:07:53 - WARNING: robot.py: Battery Voltage too low
10:07:53 - INFO: robot.py:  Current battery voltage: 11.937712

10:07:53 - WARNING: robot.py: Battery Voltage too low
10:07:53 - INFO: robot.py:  Current battery voltage: 13.282162

10:07:53 - WARNING: robot.py: Battery Voltage too low
10:07:53 - INFO: robot.py:  Current battery voltage: 14.095345

10:07:53 - WARNING: robot.py: Last Move command None was not received by Minitaur.
10:07:53 - INFO: robot.py: Move command sent: 90111100
10:07:54 - WARNING: robot.py: Last Move command 90111100 was not received by Minitaur.
10:07:54 - INFO: robot.py: Move command sent: 90121200
10:07:54 - WARNING: robot.py: Last Move command 90121200 was not received by Minitaur.
10:07:54 - INFO: robot.py: Move command sent: 90121300
10:07:55 - WARNING: robot.py: Last Move command 90121300 was not received by Minitaur.
10:07:55 - INFO: robot.py: Move command sent: 90121400
10:07:55 - WARNING: robot.py: Last Move command 90121400 was not received by Minitaur.
10:07:55 - INFO: robot.py: Move command sent: 90121500
10:07:55 - WARNING: robot.py: Last Move command 90121500 was not received by Minitaur.
10:07:56 - WARNING: robot.py: Last Move command 90121500 was not received by Minitaur.
10:07:56 - INFO: robot.py: Move command sent: 90121600
10:07:56 - WARNING: robot.py: Last Move command 90121600 was not received by Minitaur.
10:07:56 - INFO: robot.py: Move command sent: 90121700
10:07:56 - WARNING: robot.py: Last Move command 90121700 was not received by Minitaur.
10:07:56 - INFO: robot.py: Move command sent: 90121600
10:07:57 - WARNING: robot.py: Last Move command 90121600 was not received by Minitaur.
10:07:57 - INFO: robot.py: Move command sent: 90121500
10:07:57 - WARNING: robot.py: Last Move command 90121500 was not received by Minitaur.
10:07:57 - INFO: robot.py: Move command sent: 90121400
10:07:58 - WARNING: robot.py: Last Move command 90121400 was not received by Minitaur.
10:07:58 - INFO: robot.py: Move command sent: 90121300
10:07:58 - WARNING: robot.py: Last Move command 90121300 was not received by Minitaur.
10:07:58 - INFO: robot.py: Move command sent: 90121100
10:07:58 - WARNING: robot.py: Last Move command 90121100 was not received by Minitaur.
10:07:58 - INFO: robot.py: Move command sent: 90121300
10:07:58 - WARNING: robot.py: Last Move command 90121300 was not received by Minitaur.
10:07:59 - WARNING: robot.py: Last Move command 90121300 was not received by Minitaur.
10:07:59 - INFO: robot.py: Move command sent: 90121100
10:07:59 - WARNING: robot.py: Last Move command 90121100 was not received by Minitaur.
10:07:59 - WARNING: robot.py: Last Move command 90121100 was not received by Minitaur.
10:07:59 - WARNING: robot.py: Last Move command 90121100 was not received by Minitaur.
10:07:59 - INFO: robot.py: Move command sent: 90121000
10:07:59 - WARNING: robot.py: Last Move command 90121000 was not received by Minitaur.
10:07:59 - WARNING: robot.py: Last Move command 90121000 was not received by Minitaur.
10:07:59 - WARNING: robot.py: Last Move command 90121000 was not received by Minitaur.
10:07:59 - WARNING: robot.py: Last Move command 90121000 was not received by Minitaur.
10:08:00 - WARNING: robot.py: Last Move command 90121000 was not received by Minitaur.
10:08:00 - WARNING: robot.py: Last Move command 90121000 was not received by Minitaur.
10:08:00 - WARNING: robot.py: Last Move command 90121000 was not received by Minitaur.
10:08:00 - WARNING: robot.py: Last Move command 90121000 was not received by Minitaur.
10:08:00 - WARNING: robot.py: Last Move command 90121000 was not received by Minitaur.
10:08:00 - WARNING: robot.py: Last Move command 90121000 was not received by Minitaur.
10:08:00 - WARNING: robot.py: Last Move command 90121000 was not received by Minitaur.
10:08:00 - WARNING: robot.py: Last Move command 90121000 was not received by Minitaur.
10:08:01 - WARNING: robot.py: Last Move command 90121000 was not received by Minitaur.
10:08:01 - WARNING: robot.py: Last Move command 90121000 was not received by Minitaur.
10:08:02 - WARNING: robot.py: Last Move command 90121000 was not received by Minitaur.
10:08:02 - WARNING: robot.py: Last Move command 90121000 was not received by Minitaur.
10:08:05 - INFO: robot.py: Move command sent: 90000000
10:08:05 - WARNING: robot.py: Last Move command 90000000 was not received by Minitaur.
10:08:06 - WARNING: robot.py: Last Move command 90000000 was not received by Minitaur.
10:08:06 - WARNING: robot.py: Last Move command 90000000 was not received by Minitaur.
10:08:07 - WARNING: robot.py: Last Move command 90000000 was not received by Minitaur.
10:08:07 - WARNING: robot.py: Last Move command 90000000 was not received by Minitaur.
10:08:08 - WARNING: robot.py: Last Move command 90000000 was not received by Minitaur.
10:08:08 - WARNING: robot.py: Last Move command 90000000 was not received by Minitaur.
10:08:09 - WARNING: robot.py: Last Move command 90000000 was not received by Minitaur.
10:08:09 - WARNING: robot.py: Last Move command 90000000 was not received by Minitaur.
10:08:10 - WARNING: robot.py: Last Move command 90000000 was not received by Minitaur.
10:08:10 - WARNING: robot.py: Last Move command 90000000 was not received by Minitaur.
10:08:11 - WARNING: robot.py: Last Move command 90000000 was not received by Minitaur.
10:08:11 - WARNING: robot.py: Last Move command 90000000 was not received by Minitaur.
10:08:12 - WARNING: robot.py: Last Move command 90000000 was not received by Minitaur.
10:08:13 - WARNING: robot.py: Last Move command 90000000 was not received by Minitaur.
10:08:13 - WARNING: robot.py: Last Move command 90000000 was not received by Minitaur.
10:08:29 - WARNING: Iq.py: KeyboardInterrupt
10:08:29 - INFO: robot.py: Disconected body component successfully.
10:08:29 - INFO: Cam.py: Camera Disconnected
10:08:29 - INFO: head.py: Disconected head component successfully.
10:08:29 - ERROR: rs_error was raised when calling rs_wait_for_frames(device:0)
10:08:29 - ERROR:     null pointer passed for argument "device"
