11:42:40 - INFO: robot.py: Starts to connect components.
11:42:40 - INFO: robot.py: Body component connected
11:42:40 - INFO: robot.py: Body = True
11:42:40 - INFO: Cam.py: Starts to connect components.
11:42:40 - INFO: There are 1 connected RealSense devices.
11:42:40 - INFO: Using device 0, an Intel RealSense R200
11:42:40 - INFO:     Serial number: 2521000201
11:42:40 - INFO:     Firmware version: 1.0.71.06
11:42:40 - INFO: head.py: Head Component is connected.
11:42:58 - WARNING: robot.py: Battery Voltage too low
11:42:58 - INFO: robot.py:  Current battery voltage: 0.000000

11:42:58 - WARNING: robot.py: Battery Voltage too low
11:42:58 - INFO: robot.py:  Current battery voltage: 2.710977

11:42:58 - WARNING: robot.py: Battery Voltage too low
11:42:58 - INFO: robot.py:  Current battery voltage: 4.929721

11:42:58 - WARNING: robot.py: Battery Voltage too low
11:42:58 - INFO: robot.py:  Current battery voltage: 6.744741

11:42:58 - WARNING: robot.py: Battery Voltage too low
11:42:58 - INFO: robot.py:  Current battery voltage: 8.227256

11:42:58 - WARNING: robot.py: Battery Voltage too low
11:42:58 - INFO: robot.py:  Current battery voltage: 9.440211

11:42:58 - WARNING: robot.py: Battery Voltage too low
11:42:58 - INFO: robot.py:  Current battery voltage: 10.429424

11:42:58 - WARNING: robot.py: Battery Voltage too low
11:42:58 - INFO: robot.py:  Current battery voltage: 11.241103

11:42:58 - WARNING: robot.py: Battery Voltage too low
11:42:58 - INFO: robot.py:  Current battery voltage: 11.905297

11:42:58 - WARNING: robot.py: Battery Voltage too low
11:42:58 - INFO: robot.py:  Current battery voltage: 12.450602

11:42:58 - WARNING: robot.py: Battery Voltage too low
11:42:58 - INFO: robot.py:  Current battery voltage: 12.895010

11:42:58 - WARNING: robot.py: Battery Voltage too low
11:42:58 - INFO: robot.py:  Current battery voltage: 13.257626

11:42:58 - WARNING: robot.py: Battery Voltage too low
11:42:58 - INFO: robot.py:  Current battery voltage: 13.552034

11:42:58 - WARNING: robot.py: Battery Voltage too low
11:42:58 - INFO: robot.py:  Current battery voltage: 13.796661

11:42:58 - WARNING: robot.py: Battery Voltage too low
11:42:58 - INFO: robot.py:  Current battery voltage: 13.992756

11:42:58 - WARNING: robot.py: Battery Voltage too low
11:42:58 - INFO: robot.py:  Current battery voltage: 14.152170

11:42:58 - WARNING: robot.py: Battery Voltage too low
11:42:58 - INFO: robot.py:  Current battery voltage: 14.284383

11:42:58 - WARNING: robot.py: Last Move command None was not received by Minitaur.
11:42:58 - INFO: robot.py: Move command sent: 90000000
11:42:58 - WARNING: Iq.py: KeyboardInterrupt
11:42:58 - INFO: robot.py: Disconected body component successfully.
11:42:58 - INFO: Cam.py: Camera Disconnected
11:42:58 - INFO: head.py: Disconected head component successfully.
11:42:58 - ERROR: rs_error was raised when calling rs_wait_for_frames(device:0)
11:42:58 - ERROR:     null pointer passed for argument "device"
