02:54:01 - INFO: robot.py: Starts to connect components.
02:54:01 - WARNING: robot.py: Body component could not be connected.
02:54:01 - INFO: robot.py: Body = False
02:54:01 - INFO: Cam.py: Starts to connect components.
02:54:01 - INFO: There are 1 connected RealSense devices.
02:54:01 - INFO: Using device 0, an Intel RealSense R200
02:54:01 - INFO:     Serial number: 2521000201
02:54:01 - INFO:     Firmware version: 1.0.71.06
02:54:02 - INFO: head.py: Head Component is connected.
02:54:04 - WARNING: robot.py: Method move(): Cannot execute command. Body disconneted.
02:54:05 - WARNING: robot.py: Method move(): Cannot execute command. Body disconneted.
02:54:05 - WARNING: robot.py: Method move(): Cannot execute command. Body disconneted.
02:54:06 - WARNING: robot.py: Method move(): Cannot execute command. Body disconneted.
02:54:06 - WARNING: robot.py: Method move(): Cannot execute command. Body disconneted.
02:54:06 - WARNING: robot.py: Method move(): Cannot execute command. Body disconneted.
02:54:07 - WARNING: robot.py: Method move(): Cannot execute command. Body disconneted.
02:54:07 - WARNING: robot.py: Method move(): Cannot execute command. Body disconneted.
02:54:07 - WARNING: robot.py: Method move(): Cannot execute command. Body disconneted.
02:54:08 - WARNING: robot.py: Method move(): Cannot execute command. Body disconneted.
02:54:08 - WARNING: robot.py: Method move(): Cannot execute command. Body disconneted.
02:54:09 - WARNING: robot.py: Method move(): Cannot execute command. Body disconneted.
02:54:09 - WARNING: robot.py: Method move(): Cannot execute command. Body disconneted.
02:54:09 - WARNING: robot.py: Method move(): Cannot execute command. Body disconneted.
02:54:10 - WARNING: robot.py: Method move(): Cannot execute command. Body disconneted.
02:54:10 - WARNING: robot.py: Method move(): Cannot execute command. Body disconneted.
02:54:10 - WARNING: robot.py: Method move(): Cannot execute command. Body disconneted.
02:54:11 - WARNING: robot.py: Method move(): Cannot execute command. Body disconneted.
02:54:11 - WARNING: robot.py: Method move(): Cannot execute command. Body disconneted.
02:54:11 - WARNING: robot.py: Method move(): Cannot execute command. Body disconneted.
02:54:12 - WARNING: robot.py: Method move(): Cannot execute command. Body disconneted.
02:54:12 - WARNING: robot.py: Method move(): Cannot execute command. Body disconneted.
02:54:12 - WARNING: robot.py: Method move(): Cannot execute command. Body disconneted.
02:54:13 - WARNING: robot.py: Method move(): Cannot execute command. Body disconneted.
02:54:13 - WARNING: robot.py: Method move(): Cannot execute command. Body disconneted.
02:54:14 - WARNING: robot.py: Method move(): Cannot execute command. Body disconneted.
02:54:14 - WARNING: robot.py: Method move(): Cannot execute command. Body disconneted.
02:54:14 - WARNING: robot.py: Method move(): Cannot execute command. Body disconneted.
02:54:15 - WARNING: robot.py: Method move(): Cannot execute command. Body disconneted.
02:54:15 - WARNING: robot.py: Method move(): Cannot execute command. Body disconneted.
02:54:15 - WARNING: robot.py: Method move(): Cannot execute command. Body disconneted.
02:54:16 - WARNING: robot.py: Method move(): Cannot execute command. Body disconneted.
02:54:16 - WARNING: robot.py: Method move(): Cannot execute command. Body disconneted.
02:54:16 - WARNING: robot.py: Method move(): Cannot execute command. Body disconneted.
02:54:17 - WARNING: robot.py: Method move(): Cannot execute command. Body disconneted.
02:54:17 - WARNING: robot.py: Method move(): Cannot execute command. Body disconneted.
02:54:17 - WARNING: robot.py: Method move(): Cannot execute command. Body disconneted.
02:54:18 - WARNING: robot.py: Method move(): Cannot execute command. Body disconneted.
02:54:18 - WARNING: robot.py: Method move(): Cannot execute command. Body disconneted.
02:54:18 - WARNING: robot.py: Method move(): Cannot execute command. Body disconneted.
02:54:19 - WARNING: robot.py: Method move(): Cannot execute command. Body disconneted.
02:54:19 - WARNING: robot.py: Method move(): Cannot execute command. Body disconneted.
02:54:19 - WARNING: robot.py: Method move(): Cannot execute command. Body disconneted.
02:54:20 - WARNING: robot.py: Method move(): Cannot execute command. Body disconneted.
02:54:20 - WARNING: robot.py: Method move(): Cannot execute command. Body disconneted.
02:54:21 - WARNING: robot.py: Method move(): Cannot execute command. Body disconneted.
02:54:21 - WARNING: robot.py: Method move(): Cannot execute command. Body disconneted.
02:54:21 - WARNING: robot.py: Method move(): Cannot execute command. Body disconneted.
02:54:22 - WARNING: robot.py: Method move(): Cannot execute command. Body disconneted.
02:54:22 - WARNING: robot.py: Method move(): Cannot execute command. Body disconneted.
02:54:22 - WARNING: robot.py: Method move(): Cannot execute command. Body disconneted.
02:54:23 - WARNING: robot.py: Method move(): Cannot execute command. Body disconneted.
02:54:23 - WARNING: robot.py: Method move(): Cannot execute command. Body disconneted.
02:54:24 - WARNING: robot.py: Method move(): Cannot execute command. Body disconneted.
02:54:24 - WARNING: robot.py: Method move(): Cannot execute command. Body disconneted.
02:54:24 - WARNING: robot.py: Method move(): Cannot execute command. Body disconneted.
02:54:25 - WARNING: robot.py: Method move(): Cannot execute command. Body disconneted.
02:54:25 - WARNING: robot.py: Method move(): Cannot execute command. Body disconneted.
02:54:26 - WARNING: robot.py: Method move(): Cannot execute command. Body disconneted.
02:54:26 - WARNING: robot.py: Method move(): Cannot execute command. Body disconneted.
02:54:26 - WARNING: robot.py: Method move(): Cannot execute command. Body disconneted.
02:54:26 - WARNING: Iq.py: KeyboardInterrupt
02:54:26 - INFO: robot.py: Disconected body component successfully.
02:54:26 - INFO: Cam.py: Camera Disconnected
02:54:26 - INFO: head.py: Disconected head component successfully.
02:54:26 - ERROR: rs_error was raised when calling rs_wait_for_frames(device:0)
02:54:26 - ERROR:     null pointer passed for argument "device"
