10:12:14 - INFO: robot.py: Starts to connect components.
10:12:14 - INFO: robot.py: Body component connected
10:12:14 - INFO: robot.py: Body = True
10:12:14 - INFO: Cam.py: Starts to connect components.
10:12:14 - INFO: There are 1 connected RealSense devices.
10:12:14 - INFO: Using device 0, an Intel RealSense R200
10:12:14 - INFO:     Serial number: 2521000201
10:12:14 - INFO:     Firmware version: 1.0.71.06
10:12:14 - INFO: head.py: Head Component is connected.
10:12:26 - WARNING: robot.py: Battery Voltage too low
10:12:26 - INFO: robot.py:  Current battery voltage: 0.000000

10:12:26 - WARNING: robot.py: Battery Voltage too low
10:12:26 - INFO: robot.py:  Current battery voltage: 5.991286

10:12:26 - WARNING: robot.py: Battery Voltage too low
10:12:26 - INFO: robot.py:  Current battery voltage: 9.622351

10:12:26 - WARNING: robot.py: Battery Voltage too low
10:12:26 - INFO: robot.py:  Current battery voltage: 11.823020

10:12:26 - WARNING: robot.py: Battery Voltage too low
10:12:26 - INFO: robot.py:  Current battery voltage: 13.152282

10:12:26 - WARNING: robot.py: Battery Voltage too low
10:12:26 - INFO: robot.py:  Current battery voltage: 13.964339

10:12:26 - WARNING: robot.py: Last Move command None was not received by Minitaur.
10:12:26 - INFO: robot.py: Move command sent: 90111100
10:12:26 - WARNING: robot.py: Last Move command 90111100 was not received by Minitaur.
10:12:26 - INFO: robot.py: Move command sent: 90121100
10:12:27 - WARNING: robot.py: Last Move command 90121100 was not received by Minitaur.
10:12:27 - INFO: robot.py: Move command sent: 90121200
10:12:27 - WARNING: robot.py: Last Move command 90121200 was not received by Minitaur.
10:12:27 - INFO: robot.py: Move command sent: 90121300
10:12:27 - WARNING: robot.py: Last Move command 90121300 was not received by Minitaur.
10:12:27 - INFO: robot.py: Move command sent: 90121100
10:12:28 - WARNING: robot.py: Last Move command 90121100 was not received by Minitaur.
10:12:28 - WARNING: robot.py: Last Move command 90121100 was not received by Minitaur.
10:12:28 - INFO: robot.py: Move command sent: 90121200
10:12:28 - WARNING: robot.py: Last Move command 90121200 was not received by Minitaur.
10:12:28 - INFO: robot.py: Move command sent: 90121300
10:12:28 - WARNING: robot.py: Last Move command 90121300 was not received by Minitaur.
10:12:28 - INFO: robot.py: Move command sent: 90121100
10:12:29 - WARNING: robot.py: Last Move command 90121100 was not received by Minitaur.
10:12:29 - INFO: robot.py: Move command sent: 90121300
10:12:29 - WARNING: robot.py: Last Move command 90121300 was not received by Minitaur.
10:12:29 - INFO: robot.py: Move command sent: 90121400
10:12:29 - WARNING: robot.py: Last Move command 90121400 was not received by Minitaur.
10:12:30 - WARNING: robot.py: Last Move command 90121400 was not received by Minitaur.
10:12:30 - INFO: robot.py: Move command sent: 90121300
10:12:30 - WARNING: robot.py: Last Move command 90121300 was not received by Minitaur.
10:12:30 - INFO: robot.py: Move command sent: 90121400
10:12:30 - WARNING: robot.py: Last Move command 90121400 was not received by Minitaur.
10:12:30 - INFO: robot.py: Move command sent: 90121300
10:12:30 - WARNING: robot.py: Last Move command 90121300 was not received by Minitaur.
10:12:30 - INFO: robot.py: Move command sent: 90121100
10:12:31 - INFO: robot.py: Move command sent: 90121300
10:12:31 - WARNING: robot.py: Last Move command 90121300 was not received by Minitaur.
10:12:31 - INFO: robot.py: Move command sent: 90121100
10:12:31 - WARNING: robot.py: Last Move command 90121100 was not received by Minitaur.
10:12:32 - INFO: robot.py: Move command sent: 90121200
10:12:32 - WARNING: robot.py: Last Move command 90121200 was not received by Minitaur.
10:12:32 - INFO: robot.py: Move command sent: 90121300
10:12:32 - WARNING: robot.py: Last Move command 90121300 was not received by Minitaur.
10:12:32 - INFO: robot.py: Move command sent: 90121100
10:12:32 - WARNING: robot.py: Last Move command 90121100 was not received by Minitaur.
10:12:33 - WARNING: robot.py: Last Move command 90121100 was not received by Minitaur.
10:12:33 - INFO: robot.py: Move command sent: 90121000
10:12:33 - WARNING: robot.py: Last Move command 90121000 was not received by Minitaur.
10:12:33 - WARNING: robot.py: Last Move command 90121000 was not received by Minitaur.
10:12:33 - WARNING: robot.py: Last Move command 90121000 was not received by Minitaur.
10:12:33 - WARNING: robot.py: Last Move command 90121000 was not received by Minitaur.
10:12:33 - WARNING: robot.py: Last Move command 90121000 was not received by Minitaur.
10:12:34 - WARNING: robot.py: Last Move command 90121000 was not received by Minitaur.
10:12:34 - WARNING: robot.py: Last Move command 90121000 was not received by Minitaur.
10:12:35 - WARNING: robot.py: Last Move command 90121000 was not received by Minitaur.
10:12:35 - WARNING: robot.py: Last Move command 90121000 was not received by Minitaur.
10:12:36 - WARNING: robot.py: Last Move command 90121000 was not received by Minitaur.
10:12:36 - WARNING: robot.py: Last Move command 90121000 was not received by Minitaur.
10:12:37 - WARNING: robot.py: Last Move command 90121000 was not received by Minitaur.
10:12:37 - WARNING: robot.py: Last Move command 90121000 was not received by Minitaur.
10:12:38 - WARNING: robot.py: Last Move command 90121000 was not received by Minitaur.
10:12:39 - INFO: robot.py: Move command sent: 90000000
10:12:39 - WARNING: robot.py: Last Move command 90000000 was not received by Minitaur.
10:12:40 - WARNING: robot.py: Last Move command 90000000 was not received by Minitaur.
10:12:40 - WARNING: robot.py: Last Move command 90000000 was not received by Minitaur.
10:12:41 - WARNING: robot.py: Last Move command 90000000 was not received by Minitaur.
10:12:41 - WARNING: robot.py: Last Move command 90000000 was not received by Minitaur.
10:12:42 - WARNING: robot.py: Last Move command 90000000 was not received by Minitaur.
10:12:42 - WARNING: robot.py: Last Move command 90000000 was not received by Minitaur.
10:12:43 - WARNING: robot.py: Last Move command 90000000 was not received by Minitaur.
10:12:43 - WARNING: robot.py: Last Move command 90000000 was not received by Minitaur.
10:12:44 - WARNING: robot.py: Last Move command 90000000 was not received by Minitaur.
10:12:44 - WARNING: robot.py: Last Move command 90000000 was not received by Minitaur.
10:12:45 - WARNING: robot.py: Last Move command 90000000 was not received by Minitaur.
10:12:45 - WARNING: robot.py: Last Move command 90000000 was not received by Minitaur.
10:12:46 - WARNING: robot.py: Last Move command 90000000 was not received by Minitaur.
10:13:01 - WARNING: Iq.py: KeyboardInterrupt
10:13:01 - INFO: robot.py: Disconected body component successfully.
10:13:01 - INFO: Cam.py: Camera Disconnected
10:13:01 - INFO: head.py: Disconected head component successfully.
10:13:01 - ERROR: rs_error was raised when calling rs_wait_for_frames(device:0)
10:13:01 - ERROR:     null pointer passed for argument "device"
