09:25:26 - INFO: robot.py: Starts to connect components.
09:25:26 - WARNING: robot.py: Body component could not be connected.
09:25:26 - INFO: robot.py: Body = False
09:25:26 - INFO: Cam.py: Starts to connect components.
09:25:26 - INFO: There are 1 connected RealSense devices.
09:25:26 - INFO: Using device 0, an Intel RealSense R200
09:25:26 - INFO:     Serial number: 2521000201
09:25:26 - INFO:     Firmware version: 1.0.71.06
09:25:27 - INFO: head.py: Head Component is connected.
09:25:35 - WARNING: robot.py: Method move(): Cannot execute command. Body disconneted.
09:25:35 - WARNING: robot.py: Method move(): Cannot execute command. Body disconneted.
09:25:35 - WARNING: robot.py: Method move(): Cannot execute command. Body disconneted.
09:25:35 - WARNING: robot.py: Method move(): Cannot execute command. Body disconneted.
09:25:35 - WARNING: robot.py: Method move(): Cannot execute command. Body disconneted.
09:25:36 - WARNING: robot.py: Method move(): Cannot execute command. Body disconneted.
09:25:36 - WARNING: robot.py: Method move(): Cannot execute command. Body disconneted.
09:25:36 - WARNING: robot.py: Method move(): Cannot execute command. Body disconneted.
09:25:36 - WARNING: robot.py: Method move(): Cannot execute command. Body disconneted.
09:25:36 - WARNING: robot.py: Method move(): Cannot execute command. Body disconneted.
09:25:37 - WARNING: robot.py: Method move(): Cannot execute command. Body disconneted.
09:25:37 - WARNING: robot.py: Method move(): Cannot execute command. Body disconneted.
09:25:37 - WARNING: robot.py: Method move(): Cannot execute command. Body disconneted.
09:25:37 - WARNING: robot.py: Method move(): Cannot execute command. Body disconneted.
09:25:37 - WARNING: robot.py: Method move(): Cannot execute command. Body disconneted.
09:25:37 - WARNING: robot.py: Method move(): Cannot execute command. Body disconneted.
09:25:37 - WARNING: robot.py: Method move(): Cannot execute command. Body disconneted.
09:25:38 - WARNING: robot.py: Method move(): Cannot execute command. Body disconneted.
09:25:38 - WARNING: robot.py: Method move(): Cannot execute command. Body disconneted.
09:25:38 - WARNING: robot.py: Method move(): Cannot execute command. Body disconneted.
09:25:38 - WARNING: robot.py: Method move(): Cannot execute command. Body disconneted.
09:25:38 - WARNING: robot.py: Method move(): Cannot execute command. Body disconneted.
09:25:38 - WARNING: robot.py: Method move(): Cannot execute command. Body disconneted.
09:25:39 - WARNING: robot.py: Method move(): Cannot execute command. Body disconneted.
09:25:39 - WARNING: robot.py: Method move(): Cannot execute command. Body disconneted.
09:25:39 - WARNING: robot.py: Method move(): Cannot execute command. Body disconneted.
09:25:39 - WARNING: robot.py: Method move(): Cannot execute command. Body disconneted.
09:25:39 - WARNING: robot.py: Method move(): Cannot execute command. Body disconneted.
09:25:39 - WARNING: robot.py: Method move(): Cannot execute command. Body disconneted.
09:25:40 - WARNING: robot.py: Method move(): Cannot execute command. Body disconneted.
09:25:40 - WARNING: robot.py: Method move(): Cannot execute command. Body disconneted.
09:25:40 - WARNING: robot.py: Method move(): Cannot execute command. Body disconneted.
09:25:40 - WARNING: robot.py: Method move(): Cannot execute command. Body disconneted.
09:25:40 - WARNING: robot.py: Method move(): Cannot execute command. Body disconneted.
09:25:41 - WARNING: robot.py: Method move(): Cannot execute command. Body disconneted.
09:25:41 - WARNING: robot.py: Method move(): Cannot execute command. Body disconneted.
09:25:41 - WARNING: robot.py: Method move(): Cannot execute command. Body disconneted.
09:25:41 - WARNING: robot.py: Method move(): Cannot execute command. Body disconneted.
09:25:41 - WARNING: robot.py: Method move(): Cannot execute command. Body disconneted.
09:25:41 - WARNING: robot.py: Method move(): Cannot execute command. Body disconneted.
09:25:42 - WARNING: robot.py: Method move(): Cannot execute command. Body disconneted.
09:25:42 - WARNING: robot.py: Method move(): Cannot execute command. Body disconneted.
09:25:42 - WARNING: robot.py: Method move(): Cannot execute command. Body disconneted.
09:25:42 - WARNING: robot.py: Method move(): Cannot execute command. Body disconneted.
09:25:42 - WARNING: robot.py: Method move(): Cannot execute command. Body disconneted.
09:25:43 - WARNING: robot.py: Method move(): Cannot execute command. Body disconneted.
09:25:43 - WARNING: robot.py: Method move(): Cannot execute command. Body disconneted.
09:25:43 - WARNING: robot.py: Method move(): Cannot execute command. Body disconneted.
09:25:43 - WARNING: robot.py: Method move(): Cannot execute command. Body disconneted.
09:25:43 - WARNING: robot.py: Method move(): Cannot execute command. Body disconneted.
09:25:43 - WARNING: robot.py: Method move(): Cannot execute command. Body disconneted.
09:25:44 - WARNING: robot.py: Method move(): Cannot execute command. Body disconneted.
09:25:44 - WARNING: robot.py: Method move(): Cannot execute command. Body disconneted.
09:25:44 - WARNING: robot.py: Method move(): Cannot execute command. Body disconneted.
09:25:44 - WARNING: robot.py: Method move(): Cannot execute command. Body disconneted.
09:25:44 - WARNING: robot.py: Method move(): Cannot execute command. Body disconneted.
09:25:45 - WARNING: robot.py: Method move(): Cannot execute command. Body disconneted.
09:25:45 - WARNING: robot.py: Method move(): Cannot execute command. Body disconneted.
09:25:45 - WARNING: robot.py: Method move(): Cannot execute command. Body disconneted.
09:25:45 - WARNING: robot.py: Method move(): Cannot execute command. Body disconneted.
09:25:45 - WARNING: robot.py: Method move(): Cannot execute command. Body disconneted.
09:25:46 - WARNING: robot.py: Method move(): Cannot execute command. Body disconneted.
09:25:46 - WARNING: robot.py: Method move(): Cannot execute command. Body disconneted.
09:25:46 - WARNING: robot.py: Method move(): Cannot execute command. Body disconneted.
09:25:46 - WARNING: robot.py: Method move(): Cannot execute command. Body disconneted.
09:25:47 - WARNING: robot.py: Method move(): Cannot execute command. Body disconneted.
09:25:47 - WARNING: robot.py: Method move(): Cannot execute command. Body disconneted.
09:25:47 - WARNING: robot.py: Method move(): Cannot execute command. Body disconneted.
09:25:47 - WARNING: robot.py: Method move(): Cannot execute command. Body disconneted.
09:25:48 - WARNING: robot.py: Method move(): Cannot execute command. Body disconneted.
09:25:48 - WARNING: robot.py: Method move(): Cannot execute command. Body disconneted.
09:25:48 - WARNING: robot.py: Method move(): Cannot execute command. Body disconneted.
09:25:48 - WARNING: robot.py: Method move(): Cannot execute command. Body disconneted.
09:25:48 - WARNING: robot.py: Method move(): Cannot execute command. Body disconneted.
09:25:49 - WARNING: robot.py: Method move(): Cannot execute command. Body disconneted.
09:25:49 - WARNING: robot.py: Method move(): Cannot execute command. Body disconneted.
09:25:49 - WARNING: robot.py: Method move(): Cannot execute command. Body disconneted.
09:25:49 - WARNING: robot.py: Method move(): Cannot execute command. Body disconneted.
09:25:49 - WARNING: robot.py: Method move(): Cannot execute command. Body disconneted.
09:25:50 - WARNING: robot.py: Method move(): Cannot execute command. Body disconneted.
09:25:50 - WARNING: robot.py: Method move(): Cannot execute command. Body disconneted.
09:25:50 - WARNING: robot.py: Method move(): Cannot execute command. Body disconneted.
09:25:50 - WARNING: robot.py: Method move(): Cannot execute command. Body disconneted.
09:25:50 - WARNING: robot.py: Method move(): Cannot execute command. Body disconneted.
09:25:51 - WARNING: robot.py: Method move(): Cannot execute command. Body disconneted.
09:25:51 - WARNING: robot.py: Method move(): Cannot execute command. Body disconneted.
09:25:51 - WARNING: robot.py: Method move(): Cannot execute command. Body disconneted.
09:25:51 - WARNING: robot.py: Method move(): Cannot execute command. Body disconneted.
09:25:52 - WARNING: robot.py: Method move(): Cannot execute command. Body disconneted.
09:25:52 - WARNING: robot.py: Method move(): Cannot execute command. Body disconneted.
09:25:52 - WARNING: robot.py: Method move(): Cannot execute command. Body disconneted.
09:25:52 - WARNING: robot.py: Method move(): Cannot execute command. Body disconneted.
09:25:52 - WARNING: robot.py: Method move(): Cannot execute command. Body disconneted.
09:25:53 - WARNING: robot.py: Method move(): Cannot execute command. Body disconneted.
09:25:53 - WARNING: robot.py: Method move(): Cannot execute command. Body disconneted.
09:25:53 - WARNING: robot.py: Method move(): Cannot execute command. Body disconneted.
09:25:53 - WARNING: robot.py: Method move(): Cannot execute command. Body disconneted.
09:25:54 - WARNING: robot.py: Method move(): Cannot execute command. Body disconneted.
09:25:54 - WARNING: robot.py: Method move(): Cannot execute command. Body disconneted.
09:25:54 - WARNING: robot.py: Method move(): Cannot execute command. Body disconneted.
09:25:54 - WARNING: robot.py: Method move(): Cannot execute command. Body disconneted.
09:25:54 - WARNING: robot.py: Method move(): Cannot execute command. Body disconneted.
09:25:54 - WARNING: robot.py: Method move(): Cannot execute command. Body disconneted.
09:25:55 - WARNING: robot.py: Method move(): Cannot execute command. Body disconneted.
09:25:55 - WARNING: robot.py: Method move(): Cannot execute command. Body disconneted.
09:25:55 - WARNING: robot.py: Method move(): Cannot execute command. Body disconneted.
09:25:55 - WARNING: robot.py: Method move(): Cannot execute command. Body disconneted.
09:25:56 - WARNING: robot.py: Method move(): Cannot execute command. Body disconneted.
09:25:56 - WARNING: robot.py: Method move(): Cannot execute command. Body disconneted.
09:25:56 - WARNING: robot.py: Method move(): Cannot execute command. Body disconneted.
09:25:56 - WARNING: robot.py: Method move(): Cannot execute command. Body disconneted.
09:25:56 - WARNING: robot.py: Method move(): Cannot execute command. Body disconneted.
09:25:57 - WARNING: robot.py: Method move(): Cannot execute command. Body disconneted.
09:25:57 - WARNING: robot.py: Method move(): Cannot execute command. Body disconneted.
09:25:57 - WARNING: robot.py: Method move(): Cannot execute command. Body disconneted.
09:25:57 - WARNING: robot.py: Method move(): Cannot execute command. Body disconneted.
09:25:58 - WARNING: robot.py: Method move(): Cannot execute command. Body disconneted.
09:25:58 - WARNING: robot.py: Method move(): Cannot execute command. Body disconneted.
09:25:58 - WARNING: robot.py: Method move(): Cannot execute command. Body disconneted.
09:25:58 - WARNING: robot.py: Method move(): Cannot execute command. Body disconneted.
09:25:58 - WARNING: robot.py: Method move(): Cannot execute command. Body disconneted.
09:25:59 - WARNING: robot.py: Method move(): Cannot execute command. Body disconneted.
09:25:59 - WARNING: robot.py: Method move(): Cannot execute command. Body disconneted.
09:25:59 - WARNING: robot.py: Method move(): Cannot execute command. Body disconneted.
09:25:59 - WARNING: robot.py: Method move(): Cannot execute command. Body disconneted.
09:25:59 - WARNING: robot.py: Method move(): Cannot execute command. Body disconneted.
09:25:59 - WARNING: robot.py: Method move(): Cannot execute command. Body disconneted.
09:26:00 - WARNING: robot.py: Method move(): Cannot execute command. Body disconneted.
09:26:00 - WARNING: robot.py: Method move(): Cannot execute command. Body disconneted.
09:26:00 - WARNING: robot.py: Method move(): Cannot execute command. Body disconneted.
09:26:00 - WARNING: robot.py: Method move(): Cannot execute command. Body disconneted.
09:26:01 - WARNING: robot.py: Method move(): Cannot execute command. Body disconneted.
09:26:01 - WARNING: robot.py: Method move(): Cannot execute command. Body disconneted.
09:26:01 - WARNING: robot.py: Method move(): Cannot execute command. Body disconneted.
09:26:01 - WARNING: robot.py: Method move(): Cannot execute command. Body disconneted.
09:26:01 - WARNING: robot.py: Method move(): Cannot execute command. Body disconneted.
09:26:02 - WARNING: robot.py: Method move(): Cannot execute command. Body disconneted.
09:26:02 - WARNING: robot.py: Method move(): Cannot execute command. Body disconneted.
09:26:02 - WARNING: robot.py: Method move(): Cannot execute command. Body disconneted.
09:26:02 - WARNING: robot.py: Method move(): Cannot execute command. Body disconneted.
09:26:02 - WARNING: robot.py: Method move(): Cannot execute command. Body disconneted.
09:26:03 - WARNING: robot.py: Method move(): Cannot execute command. Body disconneted.
09:26:03 - WARNING: robot.py: Method move(): Cannot execute command. Body disconneted.
09:26:03 - WARNING: robot.py: Method move(): Cannot execute command. Body disconneted.
09:26:03 - WARNING: robot.py: Method move(): Cannot execute command. Body disconneted.
09:26:03 - WARNING: robot.py: Method move(): Cannot execute command. Body disconneted.
09:26:04 - WARNING: robot.py: Method move(): Cannot execute command. Body disconneted.
09:26:04 - WARNING: robot.py: Method move(): Cannot execute command. Body disconneted.
09:26:04 - WARNING: robot.py: Method move(): Cannot execute command. Body disconneted.
09:26:04 - WARNING: robot.py: Method move(): Cannot execute command. Body disconneted.
09:26:04 - WARNING: robot.py: Method move(): Cannot execute command. Body disconneted.
09:26:05 - WARNING: robot.py: Method move(): Cannot execute command. Body disconneted.
09:26:05 - WARNING: robot.py: Method move(): Cannot execute command. Body disconneted.
09:26:05 - WARNING: robot.py: Method move(): Cannot execute command. Body disconneted.
09:26:05 - WARNING: robot.py: Method move(): Cannot execute command. Body disconneted.
09:26:05 - WARNING: robot.py: Method move(): Cannot execute command. Body disconneted.
09:26:05 - WARNING: robot.py: Method move(): Cannot execute command. Body disconneted.
09:26:06 - WARNING: robot.py: Method move(): Cannot execute command. Body disconneted.
09:26:06 - WARNING: robot.py: Method move(): Cannot execute command. Body disconneted.
09:26:06 - WARNING: robot.py: Method move(): Cannot execute command. Body disconneted.
09:26:06 - WARNING: robot.py: Method move(): Cannot execute command. Body disconneted.
09:26:06 - WARNING: robot.py: Method move(): Cannot execute command. Body disconneted.
09:26:07 - WARNING: robot.py: Method move(): Cannot execute command. Body disconneted.
09:26:07 - WARNING: robot.py: Method move(): Cannot execute command. Body disconneted.
09:26:07 - WARNING: robot.py: Method move(): Cannot execute command. Body disconneted.
09:26:07 - WARNING: robot.py: Method move(): Cannot execute command. Body disconneted.
09:26:08 - WARNING: robot.py: Method move(): Cannot execute command. Body disconneted.
09:26:08 - WARNING: robot.py: Method move(): Cannot execute command. Body disconneted.
09:26:08 - WARNING: robot.py: Method move(): Cannot execute command. Body disconneted.
09:26:08 - WARNING: robot.py: Method move(): Cannot execute command. Body disconneted.
09:26:08 - WARNING: robot.py: Method move(): Cannot execute command. Body disconneted.
09:26:08 - WARNING: robot.py: Method move(): Cannot execute command. Body disconneted.
09:26:09 - WARNING: robot.py: Method move(): Cannot execute command. Body disconneted.
09:26:09 - WARNING: robot.py: Method move(): Cannot execute command. Body disconneted.
09:26:09 - WARNING: robot.py: Method move(): Cannot execute command. Body disconneted.
09:26:09 - WARNING: robot.py: Method move(): Cannot execute command. Body disconneted.
09:26:09 - WARNING: robot.py: Method move(): Cannot execute command. Body disconneted.
09:26:10 - WARNING: robot.py: Method move(): Cannot execute command. Body disconneted.
09:26:10 - WARNING: robot.py: Method move(): Cannot execute command. Body disconneted.
09:26:10 - WARNING: robot.py: Method move(): Cannot execute command. Body disconneted.
09:26:10 - WARNING: robot.py: Method move(): Cannot execute command. Body disconneted.
09:26:10 - WARNING: robot.py: Method move(): Cannot execute command. Body disconneted.
09:26:10 - WARNING: robot.py: Method move(): Cannot execute command. Body disconneted.
09:26:11 - WARNING: robot.py: Method move(): Cannot execute command. Body disconneted.
09:26:11 - WARNING: robot.py: Method move(): Cannot execute command. Body disconneted.
09:26:11 - WARNING: robot.py: Method move(): Cannot execute command. Body disconneted.
09:26:11 - WARNING: robot.py: Method move(): Cannot execute command. Body disconneted.
09:26:11 - WARNING: robot.py: Method move(): Cannot execute command. Body disconneted.
09:26:12 - WARNING: robot.py: Method move(): Cannot execute command. Body disconneted.
09:26:12 - WARNING: robot.py: Method move(): Cannot execute command. Body disconneted.
09:26:12 - WARNING: robot.py: Method move(): Cannot execute command. Body disconneted.
09:26:12 - WARNING: robot.py: Method move(): Cannot execute command. Body disconneted.
09:26:12 - WARNING: robot.py: Method move(): Cannot execute command. Body disconneted.
09:26:13 - WARNING: robot.py: Method move(): Cannot execute command. Body disconneted.
09:26:13 - WARNING: robot.py: Method move(): Cannot execute command. Body disconneted.
09:26:13 - WARNING: robot.py: Method move(): Cannot execute command. Body disconneted.
09:26:13 - WARNING: robot.py: Method move(): Cannot execute command. Body disconneted.
09:26:13 - WARNING: robot.py: Method move(): Cannot execute command. Body disconneted.
09:26:14 - WARNING: robot.py: Method move(): Cannot execute command. Body disconneted.
09:26:14 - WARNING: robot.py: Method move(): Cannot execute command. Body disconneted.
09:26:14 - WARNING: robot.py: Method move(): Cannot execute command. Body disconneted.
09:26:14 - WARNING: robot.py: Method move(): Cannot execute command. Body disconneted.
09:26:14 - WARNING: robot.py: Method move(): Cannot execute command. Body disconneted.
09:26:14 - WARNING: robot.py: Method move(): Cannot execute command. Body disconneted.
09:26:15 - WARNING: robot.py: Method move(): Cannot execute command. Body disconneted.
09:26:15 - WARNING: robot.py: Method move(): Cannot execute command. Body disconneted.
09:26:15 - WARNING: robot.py: Method move(): Cannot execute command. Body disconneted.
09:26:15 - WARNING: robot.py: Method move(): Cannot execute command. Body disconneted.
09:26:15 - WARNING: robot.py: Method move(): Cannot execute command. Body disconneted.
09:26:16 - WARNING: robot.py: Method move(): Cannot execute command. Body disconneted.
09:26:16 - WARNING: robot.py: Method move(): Cannot execute command. Body disconneted.
09:26:16 - WARNING: robot.py: Method move(): Cannot execute command. Body disconneted.
09:26:16 - WARNING: robot.py: Method move(): Cannot execute command. Body disconneted.
09:26:16 - WARNING: robot.py: Method move(): Cannot execute command. Body disconneted.
09:26:17 - WARNING: robot.py: Method move(): Cannot execute command. Body disconneted.
09:26:17 - WARNING: robot.py: Method move(): Cannot execute command. Body disconneted.
09:26:17 - WARNING: robot.py: Method move(): Cannot execute command. Body disconneted.
09:26:17 - WARNING: robot.py: Method move(): Cannot execute command. Body disconneted.
09:26:17 - WARNING: robot.py: Method move(): Cannot execute command. Body disconneted.
09:26:18 - WARNING: robot.py: Method move(): Cannot execute command. Body disconneted.
09:26:18 - WARNING: robot.py: Method move(): Cannot execute command. Body disconneted.
09:26:18 - WARNING: robot.py: Method move(): Cannot execute command. Body disconneted.
09:26:18 - WARNING: robot.py: Method move(): Cannot execute command. Body disconneted.
09:26:19 - WARNING: robot.py: Method move(): Cannot execute command. Body disconneted.
09:26:19 - WARNING: robot.py: Method move(): Cannot execute command. Body disconneted.
09:26:19 - WARNING: robot.py: Method move(): Cannot execute command. Body disconneted.
09:26:19 - WARNING: robot.py: Method move(): Cannot execute command. Body disconneted.
09:26:19 - WARNING: robot.py: Method move(): Cannot execute command. Body disconneted.
09:26:20 - WARNING: robot.py: Method move(): Cannot execute command. Body disconneted.
09:26:20 - WARNING: robot.py: Method move(): Cannot execute command. Body disconneted.
09:26:20 - WARNING: robot.py: Method move(): Cannot execute command. Body disconneted.
09:26:20 - WARNING: robot.py: Method move(): Cannot execute command. Body disconneted.
09:26:21 - WARNING: robot.py: Method move(): Cannot execute command. Body disconneted.
09:26:21 - WARNING: robot.py: Method move(): Cannot execute command. Body disconneted.
09:26:21 - WARNING: robot.py: Method move(): Cannot execute command. Body disconneted.
09:26:21 - WARNING: robot.py: Method move(): Cannot execute command. Body disconneted.
09:26:21 - WARNING: robot.py: Method move(): Cannot execute command. Body disconneted.
09:26:22 - WARNING: robot.py: Method move(): Cannot execute command. Body disconneted.
09:26:22 - WARNING: robot.py: Method move(): Cannot execute command. Body disconneted.
09:26:22 - WARNING: robot.py: Method move(): Cannot execute command. Body disconneted.
09:26:22 - WARNING: robot.py: Method move(): Cannot execute command. Body disconneted.
09:26:23 - WARNING: robot.py: Method move(): Cannot execute command. Body disconneted.
09:26:23 - WARNING: robot.py: Method move(): Cannot execute command. Body disconneted.
09:26:23 - WARNING: robot.py: Method move(): Cannot execute command. Body disconneted.
09:26:23 - WARNING: robot.py: Method move(): Cannot execute command. Body disconneted.
09:26:23 - WARNING: robot.py: Method move(): Cannot execute command. Body disconneted.
09:26:24 - WARNING: robot.py: Method move(): Cannot execute command. Body disconneted.
09:26:24 - WARNING: robot.py: Method move(): Cannot execute command. Body disconneted.
09:26:24 - WARNING: robot.py: Method move(): Cannot execute command. Body disconneted.
09:26:24 - WARNING: robot.py: Method move(): Cannot execute command. Body disconneted.
09:26:25 - WARNING: robot.py: Method move(): Cannot execute command. Body disconneted.
09:26:25 - WARNING: robot.py: Method move(): Cannot execute command. Body disconneted.
09:26:25 - WARNING: robot.py: Method move(): Cannot execute command. Body disconneted.
09:26:25 - WARNING: robot.py: Method move(): Cannot execute command. Body disconneted.
09:26:25 - WARNING: robot.py: Method move(): Cannot execute command. Body disconneted.
09:26:25 - WARNING: robot.py: Method move(): Cannot execute command. Body disconneted.
09:26:26 - WARNING: robot.py: Method move(): Cannot execute command. Body disconneted.
09:26:26 - WARNING: robot.py: Method move(): Cannot execute command. Body disconneted.
09:26:26 - WARNING: robot.py: Method move(): Cannot execute command. Body disconneted.
09:26:26 - WARNING: robot.py: Method move(): Cannot execute command. Body disconneted.
09:26:26 - WARNING: robot.py: Method move(): Cannot execute command. Body disconneted.
09:26:27 - WARNING: robot.py: Method move(): Cannot execute command. Body disconneted.
09:26:27 - WARNING: robot.py: Method move(): Cannot execute command. Body disconneted.
09:26:27 - WARNING: robot.py: Method move(): Cannot execute command. Body disconneted.
09:26:27 - WARNING: robot.py: Method move(): Cannot execute command. Body disconneted.
09:26:27 - WARNING: robot.py: Method move(): Cannot execute command. Body disconneted.
09:26:28 - WARNING: robot.py: Method move(): Cannot execute command. Body disconneted.
09:26:28 - WARNING: robot.py: Method move(): Cannot execute command. Body disconneted.
09:26:28 - WARNING: robot.py: Method move(): Cannot execute command. Body disconneted.
09:26:28 - WARNING: robot.py: Method move(): Cannot execute command. Body disconneted.
09:26:28 - WARNING: robot.py: Method move(): Cannot execute command. Body disconneted.
09:26:29 - WARNING: robot.py: Method move(): Cannot execute command. Body disconneted.
09:26:29 - WARNING: robot.py: Method move(): Cannot execute command. Body disconneted.
09:26:29 - WARNING: robot.py: Method move(): Cannot execute command. Body disconneted.
09:26:29 - WARNING: robot.py: Method move(): Cannot execute command. Body disconneted.
09:26:29 - WARNING: robot.py: Method move(): Cannot execute command. Body disconneted.
09:26:30 - WARNING: robot.py: Method move(): Cannot execute command. Body disconneted.
09:26:30 - WARNING: robot.py: Method move(): Cannot execute command. Body disconneted.
09:26:30 - WARNING: robot.py: Method move(): Cannot execute command. Body disconneted.
09:26:30 - WARNING: robot.py: Method move(): Cannot execute command. Body disconneted.
09:26:30 - WARNING: robot.py: Method move(): Cannot execute command. Body disconneted.
09:26:31 - WARNING: robot.py: Method move(): Cannot execute command. Body disconneted.
09:26:31 - WARNING: robot.py: Method move(): Cannot execute command. Body disconneted.
09:26:31 - WARNING: robot.py: Method move(): Cannot execute command. Body disconneted.
09:26:31 - WARNING: robot.py: Method move(): Cannot execute command. Body disconneted.
09:26:32 - WARNING: robot.py: Method move(): Cannot execute command. Body disconneted.
09:26:32 - WARNING: robot.py: Method move(): Cannot execute command. Body disconneted.
09:26:32 - WARNING: robot.py: Method move(): Cannot execute command. Body disconneted.
09:26:32 - WARNING: robot.py: Method move(): Cannot execute command. Body disconneted.
09:26:32 - WARNING: robot.py: Method move(): Cannot execute command. Body disconneted.
09:26:33 - WARNING: robot.py: Method move(): Cannot execute command. Body disconneted.
09:26:33 - WARNING: robot.py: Method move(): Cannot execute command. Body disconneted.
09:26:33 - WARNING: robot.py: Method move(): Cannot execute command. Body disconneted.
09:26:33 - WARNING: robot.py: Method move(): Cannot execute command. Body disconneted.
09:26:33 - WARNING: robot.py: Method move(): Cannot execute command. Body disconneted.
09:26:34 - WARNING: robot.py: Method move(): Cannot execute command. Body disconneted.
09:26:34 - WARNING: robot.py: Method move(): Cannot execute command. Body disconneted.
09:26:34 - WARNING: robot.py: Method move(): Cannot execute command. Body disconneted.
09:26:34 - WARNING: robot.py: Method move(): Cannot execute command. Body disconneted.
09:26:34 - WARNING: robot.py: Method move(): Cannot execute command. Body disconneted.
09:26:35 - WARNING: robot.py: Method move(): Cannot execute command. Body disconneted.
09:26:35 - WARNING: robot.py: Method move(): Cannot execute command. Body disconneted.
09:26:35 - WARNING: robot.py: Method move(): Cannot execute command. Body disconneted.
09:26:35 - WARNING: robot.py: Method move(): Cannot execute command. Body disconneted.
09:26:35 - WARNING: robot.py: Method move(): Cannot execute command. Body disconneted.
09:26:36 - WARNING: robot.py: Method move(): Cannot execute command. Body disconneted.
09:26:36 - WARNING: robot.py: Method move(): Cannot execute command. Body disconneted.
09:26:36 - WARNING: robot.py: Method move(): Cannot execute command. Body disconneted.
09:26:36 - WARNING: robot.py: Method move(): Cannot execute command. Body disconneted.
09:26:36 - WARNING: robot.py: Method move(): Cannot execute command. Body disconneted.
09:26:37 - WARNING: robot.py: Method move(): Cannot execute command. Body disconneted.
09:26:37 - WARNING: robot.py: Method move(): Cannot execute command. Body disconneted.
09:26:37 - WARNING: robot.py: Method move(): Cannot execute command. Body disconneted.
09:26:37 - WARNING: robot.py: Method move(): Cannot execute command. Body disconneted.
09:26:37 - WARNING: robot.py: Method move(): Cannot execute command. Body disconneted.
09:26:38 - WARNING: robot.py: Method move(): Cannot execute command. Body disconneted.
09:26:38 - WARNING: robot.py: Method move(): Cannot execute command. Body disconneted.
09:26:38 - WARNING: robot.py: Method move(): Cannot execute command. Body disconneted.
09:26:38 - WARNING: robot.py: Method move(): Cannot execute command. Body disconneted.
09:26:38 - WARNING: robot.py: Method move(): Cannot execute command. Body disconneted.
09:26:39 - WARNING: robot.py: Method move(): Cannot execute command. Body disconneted.
09:26:39 - WARNING: robot.py: Method move(): Cannot execute command. Body disconneted.
09:26:39 - WARNING: robot.py: Method move(): Cannot execute command. Body disconneted.
09:26:39 - WARNING: robot.py: Method move(): Cannot execute command. Body disconneted.
09:26:39 - WARNING: robot.py: Method move(): Cannot execute command. Body disconneted.
09:26:40 - WARNING: robot.py: Method move(): Cannot execute command. Body disconneted.
09:26:40 - WARNING: robot.py: Method move(): Cannot execute command. Body disconneted.
09:26:40 - WARNING: robot.py: Method move(): Cannot execute command. Body disconneted.
09:26:40 - WARNING: robot.py: Method move(): Cannot execute command. Body disconneted.
09:26:40 - WARNING: robot.py: Method move(): Cannot execute command. Body disconneted.
09:26:41 - WARNING: robot.py: Method move(): Cannot execute command. Body disconneted.
09:26:41 - WARNING: robot.py: Method move(): Cannot execute command. Body disconneted.
09:26:41 - WARNING: robot.py: Method move(): Cannot execute command. Body disconneted.
09:26:41 - WARNING: robot.py: Method move(): Cannot execute command. Body disconneted.
09:26:42 - WARNING: robot.py: Method move(): Cannot execute command. Body disconneted.
09:26:42 - WARNING: robot.py: Method move(): Cannot execute command. Body disconneted.
09:26:42 - WARNING: robot.py: Method move(): Cannot execute command. Body disconneted.
09:26:42 - WARNING: robot.py: Method move(): Cannot execute command. Body disconneted.
09:26:43 - WARNING: robot.py: Method move(): Cannot execute command. Body disconneted.
09:26:43 - WARNING: robot.py: Method move(): Cannot execute command. Body disconneted.
09:26:43 - WARNING: robot.py: Method move(): Cannot execute command. Body disconneted.
09:26:43 - WARNING: robot.py: Method move(): Cannot execute command. Body disconneted.
09:26:44 - WARNING: robot.py: Method move(): Cannot execute command. Body disconneted.
09:26:44 - WARNING: robot.py: Method move(): Cannot execute command. Body disconneted.
09:26:44 - WARNING: robot.py: Method move(): Cannot execute command. Body disconneted.
09:26:44 - WARNING: robot.py: Method move(): Cannot execute command. Body disconneted.
09:26:44 - WARNING: robot.py: Method move(): Cannot execute command. Body disconneted.
09:26:45 - WARNING: robot.py: Method move(): Cannot execute command. Body disconneted.
09:26:45 - WARNING: robot.py: Method move(): Cannot execute command. Body disconneted.
09:26:45 - WARNING: robot.py: Method move(): Cannot execute command. Body disconneted.
09:26:45 - WARNING: robot.py: Method move(): Cannot execute command. Body disconneted.
09:26:45 - WARNING: robot.py: Method move(): Cannot execute command. Body disconneted.
09:26:45 - WARNING: robot.py: Method move(): Cannot execute command. Body disconneted.
09:26:46 - WARNING: robot.py: Method move(): Cannot execute command. Body disconneted.
09:26:46 - WARNING: robot.py: Method move(): Cannot execute command. Body disconneted.
09:26:46 - WARNING: robot.py: Method move(): Cannot execute command. Body disconneted.
09:26:46 - WARNING: robot.py: Method move(): Cannot execute command. Body disconneted.
09:26:46 - WARNING: robot.py: Method move(): Cannot execute command. Body disconneted.
09:26:47 - WARNING: robot.py: Method move(): Cannot execute command. Body disconneted.
09:26:47 - WARNING: robot.py: Method move(): Cannot execute command. Body disconneted.
09:26:47 - WARNING: robot.py: Method move(): Cannot execute command. Body disconneted.
09:26:47 - WARNING: robot.py: Method move(): Cannot execute command. Body disconneted.
09:26:47 - WARNING: robot.py: Method move(): Cannot execute command. Body disconneted.
09:26:48 - WARNING: robot.py: Method move(): Cannot execute command. Body disconneted.
09:26:48 - WARNING: robot.py: Method move(): Cannot execute command. Body disconneted.
09:26:48 - WARNING: robot.py: Method move(): Cannot execute command. Body disconneted.
09:26:48 - WARNING: robot.py: Method move(): Cannot execute command. Body disconneted.
09:26:48 - WARNING: robot.py: Method move(): Cannot execute command. Body disconneted.
09:26:49 - WARNING: robot.py: Method move(): Cannot execute command. Body disconneted.
09:26:49 - WARNING: robot.py: Method move(): Cannot execute command. Body disconneted.
09:26:49 - WARNING: robot.py: Method move(): Cannot execute command. Body disconneted.
09:26:49 - WARNING: robot.py: Method move(): Cannot execute command. Body disconneted.
09:26:49 - WARNING: robot.py: Method move(): Cannot execute command. Body disconneted.
09:26:50 - WARNING: robot.py: Method move(): Cannot execute command. Body disconneted.
09:26:50 - WARNING: robot.py: Method move(): Cannot execute command. Body disconneted.
09:26:50 - WARNING: robot.py: Method move(): Cannot execute command. Body disconneted.
09:26:50 - WARNING: robot.py: Method move(): Cannot execute command. Body disconneted.
09:26:50 - WARNING: robot.py: Method move(): Cannot execute command. Body disconneted.
09:26:50 - WARNING: robot.py: Method move(): Cannot execute command. Body disconneted.
09:26:51 - WARNING: robot.py: Method move(): Cannot execute command. Body disconneted.
09:26:51 - WARNING: robot.py: Method move(): Cannot execute command. Body disconneted.
09:26:51 - WARNING: robot.py: Method move(): Cannot execute command. Body disconneted.
09:26:51 - WARNING: robot.py: Method move(): Cannot execute command. Body disconneted.
09:26:51 - WARNING: robot.py: Method move(): Cannot execute command. Body disconneted.
09:26:51 - WARNING: robot.py: Method move(): Cannot execute command. Body disconneted.
09:26:52 - WARNING: robot.py: Method move(): Cannot execute command. Body disconneted.
09:26:52 - WARNING: robot.py: Method move(): Cannot execute command. Body disconneted.
09:26:52 - WARNING: robot.py: Method move(): Cannot execute command. Body disconneted.
09:26:52 - WARNING: robot.py: Method move(): Cannot execute command. Body disconneted.
09:26:53 - WARNING: robot.py: Method move(): Cannot execute command. Body disconneted.
09:26:53 - WARNING: robot.py: Method move(): Cannot execute command. Body disconneted.
09:26:53 - WARNING: robot.py: Method move(): Cannot execute command. Body disconneted.
09:26:53 - WARNING: robot.py: Method move(): Cannot execute command. Body disconneted.
09:26:53 - WARNING: robot.py: Method move(): Cannot execute command. Body disconneted.
09:26:53 - WARNING: robot.py: Method move(): Cannot execute command. Body disconneted.
09:26:54 - WARNING: robot.py: Method move(): Cannot execute command. Body disconneted.
09:26:54 - WARNING: robot.py: Method move(): Cannot execute command. Body disconneted.
09:26:54 - WARNING: robot.py: Method move(): Cannot execute command. Body disconneted.
09:26:54 - WARNING: robot.py: Method move(): Cannot execute command. Body disconneted.
09:26:54 - WARNING: robot.py: Method move(): Cannot execute command. Body disconneted.
09:26:55 - WARNING: robot.py: Method move(): Cannot execute command. Body disconneted.
09:26:55 - WARNING: robot.py: Method move(): Cannot execute command. Body disconneted.
09:26:55 - WARNING: robot.py: Method move(): Cannot execute command. Body disconneted.
09:26:55 - WARNING: robot.py: Method move(): Cannot execute command. Body disconneted.
09:26:55 - WARNING: robot.py: Method move(): Cannot execute command. Body disconneted.
09:26:56 - WARNING: robot.py: Method move(): Cannot execute command. Body disconneted.
09:26:56 - WARNING: robot.py: Method move(): Cannot execute command. Body disconneted.
09:26:56 - WARNING: robot.py: Method move(): Cannot execute command. Body disconneted.
09:26:56 - WARNING: robot.py: Method move(): Cannot execute command. Body disconneted.
09:26:56 - WARNING: robot.py: Method move(): Cannot execute command. Body disconneted.
09:26:56 - WARNING: robot.py: Method move(): Cannot execute command. Body disconneted.
09:26:57 - WARNING: robot.py: Method move(): Cannot execute command. Body disconneted.
09:26:57 - WARNING: robot.py: Method move(): Cannot execute command. Body disconneted.
09:26:57 - WARNING: robot.py: Method move(): Cannot execute command. Body disconneted.
09:26:57 - WARNING: robot.py: Method move(): Cannot execute command. Body disconneted.
09:26:57 - WARNING: robot.py: Method move(): Cannot execute command. Body disconneted.
09:26:58 - WARNING: robot.py: Method move(): Cannot execute command. Body disconneted.
09:26:58 - WARNING: robot.py: Method move(): Cannot execute command. Body disconneted.
09:26:58 - WARNING: robot.py: Method move(): Cannot execute command. Body disconneted.
09:26:58 - WARNING: robot.py: Method move(): Cannot execute command. Body disconneted.
09:26:58 - WARNING: robot.py: Method move(): Cannot execute command. Body disconneted.
09:26:59 - WARNING: robot.py: Method move(): Cannot execute command. Body disconneted.
09:26:59 - WARNING: robot.py: Method move(): Cannot execute command. Body disconneted.
09:26:59 - WARNING: robot.py: Method move(): Cannot execute command. Body disconneted.
09:26:59 - WARNING: robot.py: Method move(): Cannot execute command. Body disconneted.
09:26:59 - WARNING: robot.py: Method move(): Cannot execute command. Body disconneted.
09:27:00 - WARNING: robot.py: Method move(): Cannot execute command. Body disconneted.
09:27:00 - WARNING: robot.py: Method move(): Cannot execute command. Body disconneted.
09:27:00 - WARNING: robot.py: Method move(): Cannot execute command. Body disconneted.
09:27:00 - WARNING: robot.py: Method move(): Cannot execute command. Body disconneted.
09:27:00 - WARNING: robot.py: Method move(): Cannot execute command. Body disconneted.
09:27:01 - WARNING: robot.py: Method move(): Cannot execute command. Body disconneted.
09:27:01 - WARNING: robot.py: Method move(): Cannot execute command. Body disconneted.
09:27:01 - WARNING: robot.py: Method move(): Cannot execute command. Body disconneted.
09:27:01 - WARNING: robot.py: Method move(): Cannot execute command. Body disconneted.
09:27:02 - WARNING: robot.py: Method move(): Cannot execute command. Body disconneted.
09:27:02 - WARNING: robot.py: Method move(): Cannot execute command. Body disconneted.
09:27:02 - WARNING: robot.py: Method move(): Cannot execute command. Body disconneted.
09:27:02 - WARNING: robot.py: Method move(): Cannot execute command. Body disconneted.
09:27:02 - WARNING: robot.py: Method move(): Cannot execute command. Body disconneted.
09:27:03 - WARNING: robot.py: Method move(): Cannot execute command. Body disconneted.
09:27:03 - WARNING: robot.py: Method move(): Cannot execute command. Body disconneted.
09:27:03 - WARNING: robot.py: Method move(): Cannot execute command. Body disconneted.
09:27:03 - WARNING: robot.py: Method move(): Cannot execute command. Body disconneted.
09:27:03 - WARNING: robot.py: Method move(): Cannot execute command. Body disconneted.
09:27:04 - WARNING: robot.py: Method move(): Cannot execute command. Body disconneted.
09:27:04 - WARNING: robot.py: Method move(): Cannot execute command. Body disconneted.
09:27:04 - WARNING: robot.py: Method move(): Cannot execute command. Body disconneted.
09:27:04 - WARNING: robot.py: Method move(): Cannot execute command. Body disconneted.
09:27:04 - WARNING: robot.py: Method move(): Cannot execute command. Body disconneted.
09:27:05 - WARNING: robot.py: Method move(): Cannot execute command. Body disconneted.
09:27:05 - WARNING: robot.py: Method move(): Cannot execute command. Body disconneted.
09:27:05 - WARNING: robot.py: Method move(): Cannot execute command. Body disconneted.
09:27:05 - WARNING: robot.py: Method move(): Cannot execute command. Body disconneted.
09:27:05 - WARNING: robot.py: Method move(): Cannot execute command. Body disconneted.
09:27:05 - WARNING: robot.py: Method move(): Cannot execute command. Body disconneted.
09:27:06 - WARNING: robot.py: Method move(): Cannot execute command. Body disconneted.
09:27:06 - WARNING: robot.py: Method move(): Cannot execute command. Body disconneted.
09:27:06 - WARNING: robot.py: Method move(): Cannot execute command. Body disconneted.
09:27:06 - WARNING: robot.py: Method move(): Cannot execute command. Body disconneted.
09:27:06 - WARNING: robot.py: Method move(): Cannot execute command. Body disconneted.
09:27:07 - WARNING: robot.py: Method move(): Cannot execute command. Body disconneted.
09:27:07 - WARNING: robot.py: Method move(): Cannot execute command. Body disconneted.
09:27:07 - WARNING: robot.py: Method move(): Cannot execute command. Body disconneted.
09:27:07 - WARNING: robot.py: Method move(): Cannot execute command. Body disconneted.
09:27:07 - WARNING: robot.py: Method move(): Cannot execute command. Body disconneted.
09:27:08 - WARNING: robot.py: Method move(): Cannot execute command. Body disconneted.
09:27:08 - WARNING: robot.py: Method move(): Cannot execute command. Body disconneted.
09:27:08 - WARNING: robot.py: Method move(): Cannot execute command. Body disconneted.
09:27:08 - WARNING: robot.py: Method move(): Cannot execute command. Body disconneted.
09:27:09 - WARNING: robot.py: Method move(): Cannot execute command. Body disconneted.
09:27:09 - WARNING: robot.py: Method move(): Cannot execute command. Body disconneted.
09:27:09 - WARNING: robot.py: Method move(): Cannot execute command. Body disconneted.
09:27:09 - WARNING: robot.py: Method move(): Cannot execute command. Body disconneted.
09:27:09 - WARNING: robot.py: Method move(): Cannot execute command. Body disconneted.
09:27:10 - WARNING: robot.py: Method move(): Cannot execute command. Body disconneted.
09:27:10 - WARNING: robot.py: Method move(): Cannot execute command. Body disconneted.
09:27:10 - WARNING: robot.py: Method move(): Cannot execute command. Body disconneted.
09:27:10 - WARNING: robot.py: Method move(): Cannot execute command. Body disconneted.
09:27:10 - WARNING: robot.py: Method move(): Cannot execute command. Body disconneted.
09:27:11 - WARNING: robot.py: Method move(): Cannot execute command. Body disconneted.
09:27:11 - WARNING: robot.py: Method move(): Cannot execute command. Body disconneted.
09:27:11 - WARNING: robot.py: Method move(): Cannot execute command. Body disconneted.
09:27:11 - WARNING: robot.py: Method move(): Cannot execute command. Body disconneted.
09:27:11 - WARNING: robot.py: Method move(): Cannot execute command. Body disconneted.
09:27:12 - WARNING: robot.py: Method move(): Cannot execute command. Body disconneted.
09:27:12 - WARNING: robot.py: Method move(): Cannot execute command. Body disconneted.
09:27:12 - WARNING: robot.py: Method move(): Cannot execute command. Body disconneted.
09:27:12 - WARNING: robot.py: Method move(): Cannot execute command. Body disconneted.
09:27:13 - WARNING: robot.py: Method move(): Cannot execute command. Body disconneted.
09:27:13 - WARNING: robot.py: Method move(): Cannot execute command. Body disconneted.
09:27:13 - WARNING: robot.py: Method move(): Cannot execute command. Body disconneted.
09:27:13 - WARNING: robot.py: Method move(): Cannot execute command. Body disconneted.
09:27:14 - WARNING: robot.py: Method move(): Cannot execute command. Body disconneted.
09:27:14 - WARNING: robot.py: Method move(): Cannot execute command. Body disconneted.
09:27:14 - WARNING: robot.py: Method move(): Cannot execute command. Body disconneted.
09:27:14 - WARNING: robot.py: Method move(): Cannot execute command. Body disconneted.
09:27:14 - WARNING: robot.py: Method move(): Cannot execute command. Body disconneted.
09:27:14 - WARNING: robot.py: Method move(): Cannot execute command. Body disconneted.
09:27:15 - WARNING: robot.py: Method move(): Cannot execute command. Body disconneted.
09:27:15 - WARNING: robot.py: Method move(): Cannot execute command. Body disconneted.
09:27:15 - WARNING: robot.py: Method move(): Cannot execute command. Body disconneted.
09:27:15 - WARNING: robot.py: Method move(): Cannot execute command. Body disconneted.
09:27:15 - WARNING: robot.py: Method move(): Cannot execute command. Body disconneted.
09:27:16 - WARNING: robot.py: Method move(): Cannot execute command. Body disconneted.
09:27:16 - WARNING: robot.py: Method move(): Cannot execute command. Body disconneted.
09:27:16 - WARNING: robot.py: Method move(): Cannot execute command. Body disconneted.
09:27:16 - WARNING: robot.py: Method move(): Cannot execute command. Body disconneted.
09:27:16 - WARNING: robot.py: Method move(): Cannot execute command. Body disconneted.
09:27:16 - WARNING: robot.py: Method move(): Cannot execute command. Body disconneted.
09:27:17 - WARNING: robot.py: Method move(): Cannot execute command. Body disconneted.
09:27:17 - WARNING: robot.py: Method move(): Cannot execute command. Body disconneted.
09:27:17 - WARNING: robot.py: Method move(): Cannot execute command. Body disconneted.
09:27:17 - WARNING: robot.py: Method move(): Cannot execute command. Body disconneted.
09:27:17 - WARNING: robot.py: Method move(): Cannot execute command. Body disconneted.
09:27:18 - WARNING: robot.py: Method move(): Cannot execute command. Body disconneted.
09:27:18 - WARNING: robot.py: Method move(): Cannot execute command. Body disconneted.
09:27:18 - WARNING: robot.py: Method move(): Cannot execute command. Body disconneted.
09:27:18 - WARNING: robot.py: Method move(): Cannot execute command. Body disconneted.
09:27:18 - WARNING: robot.py: Method move(): Cannot execute command. Body disconneted.
09:27:19 - WARNING: robot.py: Method move(): Cannot execute command. Body disconneted.
09:27:19 - WARNING: robot.py: Method move(): Cannot execute command. Body disconneted.
09:27:19 - WARNING: robot.py: Method move(): Cannot execute command. Body disconneted.
09:27:19 - WARNING: robot.py: Method move(): Cannot execute command. Body disconneted.
09:27:19 - WARNING: robot.py: Method move(): Cannot execute command. Body disconneted.
09:27:20 - WARNING: robot.py: Method move(): Cannot execute command. Body disconneted.
09:27:20 - WARNING: robot.py: Method move(): Cannot execute command. Body disconneted.
09:27:20 - WARNING: robot.py: Method move(): Cannot execute command. Body disconneted.
09:27:20 - WARNING: robot.py: Method move(): Cannot execute command. Body disconneted.
09:27:20 - WARNING: robot.py: Method move(): Cannot execute command. Body disconneted.
09:27:21 - WARNING: robot.py: Method move(): Cannot execute command. Body disconneted.
09:27:21 - WARNING: robot.py: Method move(): Cannot execute command. Body disconneted.
09:27:21 - WARNING: robot.py: Method move(): Cannot execute command. Body disconneted.
09:27:21 - WARNING: robot.py: Method move(): Cannot execute command. Body disconneted.
09:27:21 - WARNING: robot.py: Method move(): Cannot execute command. Body disconneted.
09:27:22 - WARNING: robot.py: Method move(): Cannot execute command. Body disconneted.
09:27:22 - WARNING: robot.py: Method move(): Cannot execute command. Body disconneted.
09:27:22 - WARNING: robot.py: Method move(): Cannot execute command. Body disconneted.
09:27:22 - WARNING: robot.py: Method move(): Cannot execute command. Body disconneted.
09:27:22 - WARNING: robot.py: Method move(): Cannot execute command. Body disconneted.
09:27:23 - WARNING: robot.py: Method move(): Cannot execute command. Body disconneted.
09:27:23 - WARNING: robot.py: Method move(): Cannot execute command. Body disconneted.
09:27:23 - WARNING: robot.py: Method move(): Cannot execute command. Body disconneted.
09:27:23 - WARNING: Iq.py: KeyboardInterrupt
09:27:23 - INFO: robot.py: Disconected body component successfully.
09:27:23 - INFO: Cam.py: Camera Disconnected
09:27:23 - INFO: head.py: Disconected head component successfully.
09:27:23 - ERROR: rs_error was raised when calling rs_wait_for_frames(device:0)
09:27:23 - ERROR:     null pointer passed for argument "device"
