11:06:14 - INFO: robot.py: Starts to connect components.
11:06:14 - INFO: robot.py: Body component connected
11:06:14 - INFO: robot.py: Body = True
11:06:14 - INFO: Cam.py: Starts to connect components.
11:06:14 - INFO: There are 1 connected RealSense devices.
11:06:15 - INFO: Using device 0, an Intel RealSense R200
11:06:15 - INFO:     Serial number: 2521000201
11:06:15 - INFO:     Firmware version: 1.0.71.06
11:06:15 - INFO: head.py: Head Component is connected.
11:06:28 - WARNING: robot.py: Battery Voltage too low
11:06:28 - INFO: robot.py:  Current battery voltage: 0.000000

11:06:28 - WARNING: robot.py: Battery Voltage too low
11:06:28 - INFO: robot.py:  Current battery voltage: 2.717316

11:06:28 - WARNING: robot.py: Battery Voltage too low
11:06:28 - INFO: robot.py:  Current battery voltage: 4.934820

11:06:28 - WARNING: robot.py: Battery Voltage too low
11:06:28 - INFO: robot.py:  Current battery voltage: 6.750504

11:06:28 - WARNING: robot.py: Battery Voltage too low
11:06:28 - INFO: robot.py:  Current battery voltage: 8.234848

11:06:28 - WARNING: robot.py: Battery Voltage too low
11:06:28 - INFO: robot.py:  Current battery voltage: 9.450309

11:06:28 - WARNING: robot.py: Battery Voltage too low
11:06:28 - INFO: robot.py:  Current battery voltage: 10.444446

11:06:28 - WARNING: robot.py: Battery Voltage too low
11:06:28 - INFO: robot.py:  Current battery voltage: 11.254267

11:06:28 - WARNING: robot.py: Battery Voltage too low
11:06:28 - INFO: robot.py:  Current battery voltage: 11.917351

11:06:28 - WARNING: robot.py: Battery Voltage too low
11:06:28 - INFO: robot.py:  Current battery voltage: 12.457411

11:06:28 - WARNING: robot.py: Battery Voltage too low
11:06:28 - INFO: robot.py:  Current battery voltage: 12.902363

11:06:28 - WARNING: robot.py: Battery Voltage too low
11:06:28 - INFO: robot.py:  Current battery voltage: 13.265018

11:06:28 - WARNING: robot.py: Battery Voltage too low
11:06:28 - INFO: robot.py:  Current battery voltage: 13.558080

11:06:28 - WARNING: robot.py: Battery Voltage too low
11:06:28 - INFO: robot.py:  Current battery voltage: 13.801336

11:06:28 - WARNING: robot.py: Battery Voltage too low
11:06:28 - INFO: robot.py:  Current battery voltage: 14.000102

11:06:28 - WARNING: robot.py: Battery Voltage too low
11:06:28 - INFO: robot.py:  Current battery voltage: 14.149064

11:06:28 - WARNING: robot.py: Battery Voltage too low
11:06:28 - INFO: robot.py:  Current battery voltage: 14.266800

11:06:28 - WARNING: robot.py: Last Move command None was not received by Minitaur.
11:06:28 - INFO: robot.py: Move command sent: 90110100
11:06:29 - WARNING: robot.py: Last Move command 90110100 was not received by Minitaur.
11:06:29 - INFO: robot.py: Move command sent: 90120200
11:06:29 - WARNING: robot.py: Last Move command 90120200 was not received by Minitaur.
11:06:29 - INFO: robot.py: Move command sent: 90120100
11:06:30 - WARNING: robot.py: Last Move command 90120100 was not received by Minitaur.
11:06:31 - WARNING: robot.py: Last Move command 90120100 was not received by Minitaur.
11:06:31 - INFO: robot.py: Move command sent: 90120200
11:06:31 - WARNING: robot.py: Last Move command 90120200 was not received by Minitaur.
11:06:32 - WARNING: robot.py: Last Move command 90120200 was not received by Minitaur.
11:06:32 - INFO: robot.py: Move command sent: 90120100
11:06:33 - WARNING: robot.py: Last Move command 90120100 was not received by Minitaur.
11:06:33 - INFO: robot.py: Move command sent: 90120200
11:06:33 - WARNING: robot.py: Last Move command 90120200 was not received by Minitaur.
11:06:33 - INFO: robot.py: Move command sent: 90120300
11:06:34 - WARNING: robot.py: Last Move command 90120300 was not received by Minitaur.
11:06:34 - INFO: robot.py: Move command sent: 90120400
11:06:35 - WARNING: robot.py: Last Move command 90120400 was not received by Minitaur.
11:06:35 - INFO: robot.py: Move command sent: 90120500
11:06:35 - WARNING: robot.py: Last Move command 90120500 was not received by Minitaur.
11:06:35 - INFO: robot.py: Move command sent: 90120400
11:06:36 - WARNING: robot.py: Last Move command 90120400 was not received by Minitaur.
11:06:36 - INFO: robot.py: Move command sent: 90120300
11:06:37 - WARNING: robot.py: Last Move command 90120300 was not received by Minitaur.
11:06:37 - INFO: robot.py: Move command sent: 90120100
11:06:38 - WARNING: robot.py: Last Move command 90120100 was not received by Minitaur.
11:06:39 - WARNING: robot.py: Last Move command 90120100 was not received by Minitaur.
11:06:39 - INFO: robot.py: Move command sent: 90121000
11:06:41 - WARNING: robot.py: Last Move command 90121000 was not received by Minitaur.
11:06:42 - WARNING: robot.py: Last Move command 90121000 was not received by Minitaur.
11:06:43 - WARNING: robot.py: Last Move command 90121000 was not received by Minitaur.
11:06:44 - WARNING: robot.py: Last Move command 90121000 was not received by Minitaur.
11:06:45 - WARNING: robot.py: Last Move command 90121000 was not received by Minitaur.
11:06:46 - WARNING: robot.py: Last Move command 90121000 was not received by Minitaur.
11:06:48 - WARNING: robot.py: Last Move command 90121000 was not received by Minitaur.
11:06:48 - INFO: robot.py: Move command sent: 90000000
11:06:48 - WARNING: robot.py: Last Move command 90000000 was not received by Minitaur.
11:06:48 - WARNING: robot.py: Last Move command 90000000 was not received by Minitaur.
11:06:48 - WARNING: robot.py: Last Move command 90000000 was not received by Minitaur.
11:06:48 - WARNING: robot.py: Last Move command 90000000 was not received by Minitaur.
11:06:48 - WARNING: robot.py: Last Move command 90000000 was not received by Minitaur.
11:06:48 - WARNING: robot.py: Last Move command 90000000 was not received by Minitaur.
11:06:48 - WARNING: robot.py: Last Move command 90000000 was not received by Minitaur.
11:06:48 - WARNING: robot.py: Last Move command 90000000 was not received by Minitaur.
11:06:48 - WARNING: robot.py: Last Move command 90000000 was not received by Minitaur.
11:06:53 - WARNING: robot.py: Last Move command 90000000 was not received by Minitaur.
11:06:53 - WARNING: robot.py: Last Move command 90000000 was not received by Minitaur.
11:06:53 - WARNING: robot.py: Last Move command 90000000 was not received by Minitaur.
11:06:53 - WARNING: robot.py: Last Move command 90000000 was not received by Minitaur.
11:06:53 - WARNING: robot.py: Last Move command 90000000 was not received by Minitaur.
11:06:53 - WARNING: robot.py: Last Move command 90000000 was not received by Minitaur.
11:06:53 - WARNING: robot.py: Last Move command 90000000 was not received by Minitaur.
11:06:53 - WARNING: robot.py: Last Move command 90000000 was not received by Minitaur.
11:06:56 - WARNING: Iq.py: KeyboardInterrupt
11:06:56 - INFO: robot.py: Disconected body component successfully.
11:06:56 - INFO: Cam.py: Camera Disconnected
11:06:56 - INFO: head.py: Disconected head component successfully.
11:06:56 - ERROR: rs_error was raised when calling rs_wait_for_frames(device:0)
11:06:56 - ERROR:     null pointer passed for argument "device"
