10:10:27 - INFO: robot.py: Starts to connect components.
10:10:27 - INFO: robot.py: Body component connected
10:10:27 - INFO: robot.py: Body = True
10:10:27 - INFO: Cam.py: Starts to connect components.
10:10:27 - INFO: There are 1 connected RealSense devices.
10:10:27 - INFO: Using device 0, an Intel RealSense R200
10:10:27 - INFO:     Serial number: 2521000201
10:10:27 - INFO:     Firmware version: 1.0.71.06
10:10:28 - INFO: head.py: Head Component is connected.
10:10:38 - WARNING: robot.py: Battery Voltage too low
10:10:38 - INFO: robot.py:  Current battery voltage: 0.000000

10:10:38 - WARNING: robot.py: Battery Voltage too low
10:10:38 - INFO: robot.py:  Current battery voltage: 5.998503

10:10:38 - WARNING: robot.py: Battery Voltage too low
10:10:38 - INFO: robot.py:  Current battery voltage: 9.629713

10:10:38 - WARNING: robot.py: Battery Voltage too low
10:10:38 - INFO: robot.py:  Current battery voltage: 11.827998

10:10:38 - WARNING: robot.py: Battery Voltage too low
10:10:38 - INFO: robot.py:  Current battery voltage: 13.154083

10:10:38 - WARNING: robot.py: Battery Voltage too low
10:10:38 - INFO: robot.py:  Current battery voltage: 13.927797

10:10:38 - WARNING: robot.py: Last Move command None was not received by Minitaur.
10:10:38 - INFO: robot.py: Move command sent: 90000000
10:10:38 - WARNING: robot.py: Last Move command 90000000 was not received by Minitaur.
10:10:38 - WARNING: robot.py: Last Move command 90000000 was not received by Minitaur.
10:10:38 - WARNING: robot.py: Last Move command 90000000 was not received by Minitaur.
10:10:38 - WARNING: robot.py: Last Move command 90000000 was not received by Minitaur.
10:10:38 - WARNING: robot.py: Last Move command 90000000 was not received by Minitaur.
10:10:38 - WARNING: robot.py: Last Move command 90000000 was not received by Minitaur.
10:10:38 - WARNING: robot.py: Last Move command 90000000 was not received by Minitaur.
10:10:39 - WARNING: robot.py: Last Move command 90000000 was not received by Minitaur.
10:10:39 - WARNING: robot.py: Last Move command 90000000 was not received by Minitaur.
10:10:39 - WARNING: robot.py: Last Move command 90000000 was not received by Minitaur.
10:10:39 - WARNING: robot.py: Last Move command 90000000 was not received by Minitaur.
10:10:39 - WARNING: robot.py: Last Move command 90000000 was not received by Minitaur.
10:10:39 - WARNING: robot.py: Last Move command 90000000 was not received by Minitaur.
10:11:02 - WARNING: Iq.py: KeyboardInterrupt
10:11:02 - INFO: robot.py: Disconected body component successfully.
10:11:02 - INFO: Cam.py: Camera Disconnected
10:11:03 - INFO: head.py: Disconected head component successfully.
10:11:03 - ERROR: rs_error was raised when calling rs_wait_for_frames(device:0)
10:11:03 - ERROR:     null pointer passed for argument "device"
