08:59:06 - INFO: robot.py: Starts to connect components.
08:59:06 - WARNING: robot.py: Body component could not be connected.
08:59:06 - INFO: robot.py: Body = False
08:59:06 - INFO: Cam.py: Starts to connect components.
08:59:06 - INFO: There are 1 connected RealSense devices.
08:59:06 - INFO: Using device 0, an Intel RealSense R200
08:59:06 - INFO:     Serial number: 2521000201
08:59:06 - INFO:     Firmware version: 1.0.71.06
08:59:06 - INFO: head.py: Head Component is connected.
08:59:15 - DEBUG: findfont: Matching :family=sans-serif:style=normal:variant=normal:weight=normal:stretch=normal:size=12.0 to DejaVu Sans (u'/usr/local/lib/python2.7/dist-packages/matplotlib/mpl-data/fonts/ttf/DejaVuSans.ttf') with score of 0.050000
08:59:15 - DEBUG: findfont: Matching :family=sans-serif:style=normal:variant=normal:weight=normal:stretch=normal:size=10.0 to DejaVu Sans (u'/usr/local/lib/python2.7/dist-packages/matplotlib/mpl-data/fonts/ttf/DejaVuSans.ttf') with score of 0.050000
08:59:47 - WARNING: robot.py: Method move(): Cannot execute command. Body disconneted.
08:59:56 - WARNING: robot.py: Method move(): Cannot execute command. Body disconneted.
09:00:09 - WARNING: robot.py: Method move(): Cannot execute command. Body disconneted.
09:00:46 - WARNING: robot.py: Method move(): Cannot execute command. Body disconneted.
09:00:46 - WARNING: Iq.py: KeyboardInterrupt
09:00:46 - INFO: robot.py: Disconected body component successfully.
09:00:46 - INFO: Cam.py: Camera Disconnected
09:00:46 - INFO: head.py: Disconected head component successfully.
09:00:46 - ERROR: rs_error was raised when calling rs_wait_for_frames(device:0)
09:00:46 - ERROR:     null pointer passed for argument "device"
