12:02:37 - INFO: robot.py: Starts to connect components.
12:02:37 - INFO: robot.py: Body component connected
12:02:37 - INFO: robot.py: Body = True
12:02:37 - INFO: Cam.py: Starts to connect components.
12:02:38 - INFO: There are 1 connected RealSense devices.
12:02:38 - INFO: Using device 0, an Intel RealSense R200
12:02:38 - INFO:     Serial number: 2521000201
12:02:38 - INFO:     Firmware version: 1.0.71.06
12:02:38 - INFO: head.py: Head Component is connected.
12:02:49 - WARNING: robot.py: Battery Voltage too low
12:02:49 - INFO: robot.py:  Current battery voltage: 0.000000

12:02:49 - WARNING: robot.py: Battery Voltage too low
12:02:49 - INFO: robot.py:  Current battery voltage: 3.059366

12:02:49 - WARNING: robot.py: Battery Voltage too low
12:02:49 - INFO: robot.py:  Current battery voltage: 5.562700

12:02:49 - WARNING: robot.py: Battery Voltage too low
12:02:49 - INFO: robot.py:  Current battery voltage: 7.603887

12:02:49 - WARNING: robot.py: Battery Voltage too low
12:02:49 - INFO: robot.py:  Current battery voltage: 9.273609

12:02:49 - WARNING: robot.py: Battery Voltage too low
12:02:49 - INFO: robot.py:  Current battery voltage: 10.639051

12:02:49 - WARNING: robot.py: Battery Voltage too low
12:02:49 - INFO: robot.py:  Current battery voltage: 11.755492

12:02:49 - WARNING: robot.py: Battery Voltage too low
12:02:49 - INFO: robot.py:  Current battery voltage: 12.676482

12:02:49 - WARNING: robot.py: Battery Voltage too low
12:02:49 - INFO: robot.py:  Current battery voltage: 13.420604

12:02:49 - WARNING: robot.py: Battery Voltage too low
12:02:49 - INFO: robot.py:  Current battery voltage: 14.030721

12:02:49 - WARNING: robot.py: Last Move command None was not received by Minitaur.
12:02:49 - INFO: robot.py: Move command sent: 90110100
12:02:49 - WARNING: robot.py: Last Move command 90110100 was not received by Minitaur.
12:02:49 - INFO: robot.py: Move command sent: 90120200
12:02:49 - WARNING: robot.py: Last Move command 90120200 was not received by Minitaur.
12:02:49 - INFO: robot.py: Move command sent: 90120100
12:02:49 - WARNING: robot.py: Last Move command 90120100 was not received by Minitaur.
12:02:49 - INFO: robot.py: Move command sent: 90121000
12:02:50 - WARNING: robot.py: Last Move command 90121000 was not received by Minitaur.
12:02:50 - INFO: robot.py: Move command sent: 90121100
12:02:50 - WARNING: robot.py: Last Move command 90121100 was not received by Minitaur.
12:02:50 - WARNING: robot.py: Last Move command 90121100 was not received by Minitaur.
12:02:51 - WARNING: robot.py: Last Move command 90121100 was not received by Minitaur.
12:02:51 - INFO: robot.py: Move command sent: 90121000
12:02:51 - WARNING: robot.py: Last Move command 90121000 was not received by Minitaur.
12:02:51 - INFO: robot.py: Move command sent: 90120100
12:02:52 - WARNING: robot.py: Last Move command 90120100 was not received by Minitaur.
12:02:52 - INFO: robot.py: Move command sent: 90120200
12:02:52 - WARNING: robot.py: Last Move command 90120200 was not received by Minitaur.
12:02:52 - INFO: robot.py: Move command sent: 90120300
12:02:52 - WARNING: robot.py: Last Move command 90120300 was not received by Minitaur.
12:02:52 - INFO: robot.py: Move command sent: 90120100
12:02:53 - WARNING: robot.py: Last Move command 90120100 was not received by Minitaur.
12:02:53 - INFO: robot.py: Move command sent: 90120200
12:02:53 - WARNING: robot.py: Last Move command 90120200 was not received by Minitaur.
12:02:53 - WARNING: robot.py: Last Move command 90120200 was not received by Minitaur.
12:02:53 - INFO: robot.py: Move command sent: 90120300
12:02:53 - WARNING: robot.py: Last Move command 90120300 was not received by Minitaur.
12:02:53 - INFO: robot.py: Move command sent: 90120100
12:02:54 - WARNING: robot.py: Last Move command 90120100 was not received by Minitaur.
12:02:54 - INFO: robot.py: Move command sent: 90120200
12:02:54 - WARNING: robot.py: Last Move command 90120200 was not received by Minitaur.
12:02:54 - INFO: robot.py: Move command sent: 90120100
12:02:54 - WARNING: robot.py: Last Move command 90120100 was not received by Minitaur.
12:02:54 - INFO: robot.py: Move command sent: 90121000
12:02:54 - WARNING: robot.py: Last Move command 90121000 was not received by Minitaur.
12:02:54 - WARNING: robot.py: Last Move command 90121000 was not received by Minitaur.
12:02:54 - WARNING: robot.py: Last Move command 90121000 was not received by Minitaur.
12:02:55 - WARNING: robot.py: Last Move command 90121000 was not received by Minitaur.
12:02:55 - WARNING: robot.py: Last Move command 90121000 was not received by Minitaur.
12:02:55 - WARNING: robot.py: Last Move command 90121000 was not received by Minitaur.
12:02:55 - WARNING: robot.py: Last Move command 90121000 was not received by Minitaur.
12:02:55 - WARNING: robot.py: Last Move command 90121000 was not received by Minitaur.
12:02:55 - INFO: robot.py: Move command sent: 90121100
12:02:55 - WARNING: robot.py: Last Move command 90121100 was not received by Minitaur.
12:02:55 - WARNING: robot.py: Last Move command 90121100 was not received by Minitaur.
12:02:56 - WARNING: robot.py: Last Move command 90121100 was not received by Minitaur.
12:02:56 - INFO: robot.py: Move command sent: 90121000
12:02:56 - WARNING: robot.py: Last Move command 90121000 was not received by Minitaur.
12:02:56 - WARNING: robot.py: Last Move command 90121000 was not received by Minitaur.
12:02:56 - INFO: robot.py: Move command sent: 90121100
12:02:56 - WARNING: robot.py: Last Move command 90121100 was not received by Minitaur.
12:02:56 - WARNING: robot.py: Last Move command 90121100 was not received by Minitaur.
12:02:56 - INFO: robot.py: Move command sent: 90121200
12:02:57 - WARNING: robot.py: Last Move command 90121200 was not received by Minitaur.
12:02:57 - INFO: robot.py: Move command sent: 90121300
12:02:57 - WARNING: robot.py: Last Move command 90121300 was not received by Minitaur.
12:02:57 - INFO: robot.py: Move command sent: 90121400
12:02:57 - WARNING: robot.py: Last Move command 90121400 was not received by Minitaur.
12:02:57 - INFO: robot.py: Move command sent: 90121300
12:02:58 - WARNING: robot.py: Last Move command 90121300 was not received by Minitaur.
12:02:58 - INFO: robot.py: Move command sent: 90121100
12:02:58 - WARNING: robot.py: Last Move command 90121100 was not received by Minitaur.
12:02:58 - INFO: robot.py: Move command sent: 90121300
12:02:58 - WARNING: robot.py: Last Move command 90121300 was not received by Minitaur.
12:02:58 - INFO: robot.py: Move command sent: 90121400
12:02:59 - WARNING: robot.py: Last Move command 90121400 was not received by Minitaur.
12:02:59 - INFO: robot.py: Move command sent: 90121500
12:02:59 - WARNING: robot.py: Last Move command 90121500 was not received by Minitaur.
12:02:59 - INFO: robot.py: Move command sent: 90121600
12:03:00 - WARNING: robot.py: Last Move command 90121600 was not received by Minitaur.
12:03:00 - INFO: robot.py: Move command sent: 90121500
12:03:00 - WARNING: robot.py: Last Move command 90121500 was not received by Minitaur.
12:03:00 - INFO: robot.py: Move command sent: 90121400
12:03:01 - WARNING: robot.py: Last Move command 90121400 was not received by Minitaur.
12:03:01 - INFO: robot.py: Move command sent: 90121300
12:03:01 - INFO: robot.py: Move command sent: 90121100
12:03:01 - WARNING: robot.py: Last Move command 90121100 was not received by Minitaur.
12:03:01 - WARNING: robot.py: Last Move command 90121100 was not received by Minitaur.
12:03:01 - INFO: robot.py: Move command sent: 90121000
12:03:01 - WARNING: robot.py: Last Move command 90121000 was not received by Minitaur.
12:03:01 - WARNING: robot.py: Last Move command 90121000 was not received by Minitaur.
12:03:01 - WARNING: robot.py: Last Move command 90121000 was not received by Minitaur.
12:03:01 - WARNING: robot.py: Last Move command 90121000 was not received by Minitaur.
12:03:02 - WARNING: robot.py: Last Move command 90121000 was not received by Minitaur.
12:03:02 - WARNING: robot.py: Last Move command 90121000 was not received by Minitaur.
12:03:02 - WARNING: robot.py: Last Move command 90121000 was not received by Minitaur.
12:03:02 - WARNING: robot.py: Last Move command 90121000 was not received by Minitaur.
12:03:02 - WARNING: robot.py: Last Move command 90121000 was not received by Minitaur.
12:03:02 - WARNING: robot.py: Last Move command 90121000 was not received by Minitaur.
12:03:02 - WARNING: robot.py: Last Move command 90121000 was not received by Minitaur.
12:03:02 - WARNING: robot.py: Last Move command 90121000 was not received by Minitaur.
12:03:02 - WARNING: robot.py: Last Move command 90121000 was not received by Minitaur.
12:03:03 - WARNING: robot.py: Last Move command 90121000 was not received by Minitaur.
12:03:03 - WARNING: robot.py: Last Move command 90121000 was not received by Minitaur.
12:03:03 - WARNING: robot.py: Last Move command 90121000 was not received by Minitaur.
12:03:03 - INFO: robot.py: Move command sent: 90000000
12:03:03 - WARNING: robot.py: Last Move command 90000000 was not received by Minitaur.
12:03:03 - WARNING: robot.py: Last Move command 90000000 was not received by Minitaur.
12:03:03 - WARNING: robot.py: Last Move command 90000000 was not received by Minitaur.
12:03:03 - WARNING: robot.py: Last Move command 90000000 was not received by Minitaur.
12:03:03 - WARNING: robot.py: Last Move command 90000000 was not received by Minitaur.
12:03:03 - WARNING: robot.py: Last Move command 90000000 was not received by Minitaur.
12:03:04 - WARNING: robot.py: Last Move command 90000000 was not received by Minitaur.
12:03:04 - WARNING: robot.py: Last Move command 90000000 was not received by Minitaur.
12:03:04 - WARNING: robot.py: Last Move command 90000000 was not received by Minitaur.
12:03:04 - WARNING: robot.py: Last Move command 90000000 was not received by Minitaur.
12:03:04 - WARNING: robot.py: Last Move command 90000000 was not received by Minitaur.
12:03:05 - WARNING: robot.py: Last Move command 90000000 was not received by Minitaur.
12:03:05 - WARNING: robot.py: Last Move command 90000000 was not received by Minitaur.
12:03:05 - WARNING: robot.py: Last Move command 90000000 was not received by Minitaur.
12:03:05 - WARNING: robot.py: Last Move command 90000000 was not received by Minitaur.
12:03:05 - WARNING: robot.py: Last Move command 90000000 was not received by Minitaur.
12:03:09 - INFO: robot.py: Move command sent: 90120100
12:03:10 - WARNING: robot.py: Last Move command 90120100 was not received by Minitaur.
12:03:10 - INFO: robot.py: Move command sent: 90120200
12:03:10 - WARNING: robot.py: Last Move command 90120200 was not received by Minitaur.
12:03:10 - INFO: robot.py: Move command sent: 90120300
12:03:11 - WARNING: robot.py: Last Move command 90120300 was not received by Minitaur.
12:03:11 - INFO: robot.py: Move command sent: 90120400
12:03:11 - WARNING: robot.py: Last Move command 90120400 was not received by Minitaur.
12:03:11 - INFO: robot.py: Move command sent: 90120500
12:03:12 - WARNING: robot.py: Last Move command 90120500 was not received by Minitaur.
12:03:12 - WARNING: robot.py: Last Move command 90120500 was not received by Minitaur.
12:03:12 - INFO: robot.py: Move command sent: 90120400
12:03:12 - WARNING: robot.py: Last Move command 90120400 was not received by Minitaur.
12:03:12 - INFO: robot.py: Move command sent: 90120300
12:03:12 - WARNING: robot.py: Last Move command 90120300 was not received by Minitaur.
12:03:12 - INFO: robot.py: Move command sent: 90000000
12:03:12 - WARNING: robot.py: Last Move command 90000000 was not received by Minitaur.
12:03:12 - WARNING: robot.py: Last Move command 90000000 was not received by Minitaur.
12:03:12 - WARNING: robot.py: Last Move command 90000000 was not received by Minitaur.
12:03:12 - WARNING: robot.py: Last Move command 90000000 was not received by Minitaur.
12:03:12 - WARNING: robot.py: Last Move command 90000000 was not received by Minitaur.
12:03:12 - WARNING: robot.py: Last Move command 90000000 was not received by Minitaur.
12:03:13 - WARNING: robot.py: Last Move command 90000000 was not received by Minitaur.
12:03:13 - WARNING: robot.py: Last Move command 90000000 was not received by Minitaur.
12:03:15 - INFO: robot.py: Move command sent: 90120400
12:03:15 - WARNING: robot.py: Last Move command 90120400 was not received by Minitaur.
12:03:15 - INFO: robot.py: Move command sent: 90120500
12:03:15 - WARNING: robot.py: Last Move command 90120500 was not received by Minitaur.
12:03:15 - INFO: robot.py: Move command sent: 90120400
12:03:16 - WARNING: robot.py: Last Move command 90120400 was not received by Minitaur.
12:03:16 - INFO: robot.py: Move command sent: 90120500
12:03:16 - WARNING: robot.py: Last Move command 90120500 was not received by Minitaur.
12:03:17 - WARNING: robot.py: Last Move command 90120500 was not received by Minitaur.
12:03:17 - INFO: robot.py: Move command sent: 90120400
12:03:17 - WARNING: robot.py: Last Move command 90120400 was not received by Minitaur.
12:03:17 - WARNING: robot.py: Last Move command 90120400 was not received by Minitaur.
12:03:18 - WARNING: robot.py: Last Move command 90120400 was not received by Minitaur.
12:03:18 - INFO: robot.py: Move command sent: 90120500
12:03:18 - WARNING: robot.py: Last Move command 90120500 was not received by Minitaur.
12:03:18 - INFO: robot.py: Move command sent: 90120600
12:03:18 - WARNING: robot.py: Last Move command 90120600 was not received by Minitaur.
12:03:19 - WARNING: robot.py: Last Move command 90120600 was not received by Minitaur.
12:03:19 - WARNING: robot.py: Last Move command 90120600 was not received by Minitaur.
12:03:19 - INFO: robot.py: Move command sent: 90120500
12:03:19 - WARNING: robot.py: Last Move command 90120500 was not received by Minitaur.
12:03:19 - INFO: robot.py: Move command sent: 90120400
12:03:20 - WARNING: robot.py: Last Move command 90120400 was not received by Minitaur.
12:03:20 - INFO: robot.py: Move command sent: 90120500
12:03:20 - WARNING: robot.py: Last Move command 90120500 was not received by Minitaur.
12:03:20 - INFO: robot.py: Move command sent: 90120400
12:03:20 - WARNING: robot.py: Last Move command 90120400 was not received by Minitaur.
12:03:20 - INFO: robot.py: Move command sent: 90120500
12:03:21 - WARNING: robot.py: Last Move command 90120500 was not received by Minitaur.
12:03:21 - INFO: robot.py: Move command sent: 90120400
12:03:21 - WARNING: robot.py: Last Move command 90120400 was not received by Minitaur.
12:03:21 - INFO: robot.py: Move command sent: 90120300
12:03:21 - WARNING: robot.py: Last Move command 90120300 was not received by Minitaur.
12:03:21 - INFO: robot.py: Move command sent: 90120100
12:03:21 - WARNING: robot.py: Last Move command 90120100 was not received by Minitaur.
12:03:21 - WARNING: robot.py: Last Move command 90120100 was not received by Minitaur.
12:03:21 - INFO: robot.py: Move command sent: 90121000
12:03:22 - WARNING: robot.py: Last Move command 90121000 was not received by Minitaur.
12:03:22 - WARNING: robot.py: Last Move command 90121000 was not received by Minitaur.
12:03:22 - WARNING: robot.py: Last Move command 90121000 was not received by Minitaur.
12:03:22 - WARNING: robot.py: Last Move command 90121000 was not received by Minitaur.
12:03:22 - WARNING: robot.py: Last Move command 90121000 was not received by Minitaur.
12:03:22 - WARNING: robot.py: Last Move command 90121000 was not received by Minitaur.
12:03:22 - WARNING: robot.py: Last Move command 90121000 was not received by Minitaur.
12:03:22 - WARNING: robot.py: Last Move command 90121000 was not received by Minitaur.
12:03:24 - WARNING: robot.py: Last Move command 90121000 was not received by Minitaur.
12:03:26 - WARNING: robot.py: Last Move command 90121000 was not received by Minitaur.
12:03:26 - INFO: robot.py: Move command sent: 90121100
12:03:26 - WARNING: robot.py: Last Move command 90121100 was not received by Minitaur.
12:03:26 - INFO: robot.py: Move command sent: 90121200
12:03:28 - WARNING: robot.py: Last Move command 90121200 was not received by Minitaur.
12:03:28 - INFO: robot.py: Move command sent: 90121300
12:03:28 - WARNING: robot.py: Last Move command 90121300 was not received by Minitaur.
12:03:28 - INFO: robot.py: Move command sent: 90121100
12:03:28 - WARNING: robot.py: Last Move command 90121100 was not received by Minitaur.
12:03:29 - WARNING: robot.py: Last Move command 90121100 was not received by Minitaur.
12:03:29 - INFO: robot.py: Move command sent: 90121000
12:03:29 - WARNING: robot.py: Last Move command 90121000 was not received by Minitaur.
12:03:29 - INFO: robot.py: Move command sent: 90120100
12:03:29 - WARNING: robot.py: Last Move command 90120100 was not received by Minitaur.
12:03:29 - WARNING: robot.py: Last Move command 90120100 was not received by Minitaur.
12:03:29 - INFO: robot.py: Move command sent: 90121000
12:03:29 - INFO: robot.py: Move command sent: 90000000
12:03:29 - WARNING: robot.py: Last Move command 90000000 was not received by Minitaur.
12:03:29 - WARNING: robot.py: Last Move command 90000000 was not received by Minitaur.
12:03:29 - WARNING: robot.py: Last Move command 90000000 was not received by Minitaur.
12:03:29 - WARNING: robot.py: Last Move command 90000000 was not received by Minitaur.
12:03:29 - WARNING: robot.py: Last Move command 90000000 was not received by Minitaur.
12:03:29 - WARNING: robot.py: Last Move command 90000000 was not received by Minitaur.
12:03:29 - WARNING: robot.py: Last Move command 90000000 was not received by Minitaur.
12:03:29 - WARNING: robot.py: Last Move command 90000000 was not received by Minitaur.
12:03:29 - WARNING: robot.py: Last Move command 90000000 was not received by Minitaur.
12:03:29 - WARNING: robot.py: Last Move command 90000000 was not received by Minitaur.
12:03:29 - WARNING: robot.py: Last Move command 90000000 was not received by Minitaur.
12:03:29 - WARNING: robot.py: Last Move command 90000000 was not received by Minitaur.
12:03:29 - WARNING: robot.py: Last Move command 90000000 was not received by Minitaur.
12:03:29 - WARNING: robot.py: Last Move command 90000000 was not received by Minitaur.
12:03:29 - WARNING: robot.py: Last Move command 90000000 was not received by Minitaur.
12:03:29 - WARNING: robot.py: Last Move command 90000000 was not received by Minitaur.
12:03:29 - WARNING: robot.py: Last Move command 90000000 was not received by Minitaur.
12:03:29 - WARNING: robot.py: Last Move command 90000000 was not received by Minitaur.
12:03:29 - WARNING: robot.py: Last Move command 90000000 was not received by Minitaur.
12:03:29 - WARNING: robot.py: Last Move command 90000000 was not received by Minitaur.
12:03:29 - WARNING: robot.py: Last Move command 90000000 was not received by Minitaur.
12:03:29 - WARNING: robot.py: Last Move command 90000000 was not received by Minitaur.
12:03:29 - WARNING: robot.py: Last Move command 90000000 was not received by Minitaur.
12:03:29 - WARNING: robot.py: Last Move command 90000000 was not received by Minitaur.
12:03:29 - WARNING: robot.py: Last Move command 90000000 was not received by Minitaur.
12:03:29 - WARNING: robot.py: Last Move command 90000000 was not received by Minitaur.
12:03:29 - WARNING: robot.py: Last Move command 90000000 was not received by Minitaur.
12:03:29 - WARNING: robot.py: Last Move command 90000000 was not received by Minitaur.
12:03:29 - WARNING: robot.py: Last Move command 90000000 was not received by Minitaur.
12:03:29 - WARNING: robot.py: Last Move command 90000000 was not received by Minitaur.
12:03:29 - WARNING: robot.py: Last Move command 90000000 was not received by Minitaur.
12:03:29 - WARNING: robot.py: Last Move command 90000000 was not received by Minitaur.
12:03:29 - WARNING: robot.py: Last Move command 90000000 was not received by Minitaur.
12:03:29 - WARNING: robot.py: Last Move command 90000000 was not received by Minitaur.
12:03:34 - INFO: robot.py: Move command sent: 90120100
12:03:35 - WARNING: robot.py: Last Move command 90120100 was not received by Minitaur.
12:03:35 - INFO: robot.py: Move command sent: 90120200
12:03:36 - WARNING: robot.py: Last Move command 90120200 was not received by Minitaur.
12:03:36 - INFO: robot.py: Move command sent: 90120300
12:03:37 - WARNING: robot.py: Last Move command 90120300 was not received by Minitaur.
12:03:37 - INFO: robot.py: Move command sent: 90120400
12:03:38 - WARNING: robot.py: Last Move command 90120400 was not received by Minitaur.
12:03:38 - INFO: robot.py: Move command sent: 90120500
12:03:39 - WARNING: robot.py: Last Move command 90120500 was not received by Minitaur.
12:03:39 - INFO: robot.py: Move command sent: 90120600
12:03:40 - WARNING: robot.py: Last Move command 90120600 was not received by Minitaur.
12:03:41 - WARNING: robot.py: Last Move command 90120600 was not received by Minitaur.
12:03:41 - INFO: robot.py: Move command sent: 90120500
12:03:41 - WARNING: robot.py: Last Move command 90120500 was not received by Minitaur.
12:03:43 - WARNING: robot.py: Last Move command 90120500 was not received by Minitaur.
12:03:43 - INFO: robot.py: Move command sent: 90120400
12:03:44 - WARNING: robot.py: Last Move command 90120400 was not received by Minitaur.
12:03:44 - INFO: robot.py: Move command sent: 90120300
12:03:45 - WARNING: robot.py: Last Move command 90120300 was not received by Minitaur.
12:03:45 - INFO: robot.py: Move command sent: 90120100
12:03:46 - WARNING: robot.py: Last Move command 90120100 was not received by Minitaur.
12:03:47 - WARNING: robot.py: Last Move command 90120100 was not received by Minitaur.
12:03:47 - INFO: robot.py: Move command sent: 90121000
12:03:48 - WARNING: robot.py: Last Move command 90121000 was not received by Minitaur.
12:03:48 - INFO: robot.py: Move command sent: 90120100
12:03:49 - WARNING: robot.py: Last Move command 90120100 was not received by Minitaur.
12:03:49 - INFO: robot.py: Move command sent: 90120200
12:03:50 - WARNING: robot.py: Last Move command 90120200 was not received by Minitaur.
12:03:50 - WARNING: robot.py: Last Move command 90120200 was not received by Minitaur.
12:03:50 - WARNING: robot.py: Last Move command 90120200 was not received by Minitaur.
12:03:51 - WARNING: robot.py: Last Move command 90120200 was not received by Minitaur.
12:03:52 - WARNING: robot.py: Last Move command 90120200 was not received by Minitaur.
12:03:53 - WARNING: robot.py: Last Move command 90120200 was not received by Minitaur.
12:03:53 - INFO: robot.py: Move command sent: 90120300
12:03:54 - WARNING: robot.py: Last Move command 90120300 was not received by Minitaur.
12:03:54 - INFO: robot.py: Move command sent: 90120100
12:03:54 - WARNING: robot.py: Last Move command 90120100 was not received by Minitaur.
12:03:54 - INFO: robot.py: Move command sent: 90120300
12:03:55 - WARNING: robot.py: Last Move command 90120300 was not received by Minitaur.
12:03:55 - INFO: robot.py: Move command sent: 90120100
12:03:55 - WARNING: robot.py: Last Move command 90120100 was not received by Minitaur.
12:03:56 - WARNING: robot.py: Last Move command 90120100 was not received by Minitaur.
12:03:56 - INFO: robot.py: Move command sent: 90121000
12:03:57 - WARNING: robot.py: Last Move command 90121000 was not received by Minitaur.
12:03:57 - INFO: robot.py: Move command sent: 90120100
12:03:57 - WARNING: robot.py: Last Move command 90120100 was not received by Minitaur.
12:03:57 - INFO: robot.py: Move command sent: 90120200
12:03:57 - WARNING: robot.py: Last Move command 90120200 was not received by Minitaur.
12:03:57 - INFO: robot.py: Move command sent: 90120300
12:03:58 - WARNING: robot.py: Last Move command 90120300 was not received by Minitaur.
12:03:58 - INFO: robot.py: Move command sent: 90120400
12:03:58 - WARNING: robot.py: Last Move command 90120400 was not received by Minitaur.
12:03:59 - WARNING: robot.py: Last Move command 90120400 was not received by Minitaur.
12:03:59 - INFO: robot.py: Move command sent: 90120500
12:04:00 - WARNING: robot.py: Last Move command 90120500 was not received by Minitaur.
12:04:00 - INFO: robot.py: Move command sent: 90120400
12:04:01 - WARNING: robot.py: Last Move command 90120400 was not received by Minitaur.
12:04:01 - INFO: robot.py: Move command sent: 90120300
12:04:02 - WARNING: robot.py: Last Move command 90120300 was not received by Minitaur.
12:04:02 - INFO: robot.py: Move command sent: 90120100
12:04:03 - WARNING: robot.py: Last Move command 90120100 was not received by Minitaur.
12:04:03 - WARNING: robot.py: Last Move command 90120100 was not received by Minitaur.
12:04:03 - INFO: robot.py: Move command sent: 90121000
12:04:04 - WARNING: robot.py: Last Move command 90121000 was not received by Minitaur.
12:04:04 - INFO: robot.py: Move command sent: 90120100
12:04:05 - WARNING: robot.py: Last Move command 90120100 was not received by Minitaur.
12:04:05 - INFO: robot.py: Move command sent: 90120200
12:04:06 - WARNING: robot.py: Last Move command 90120200 was not received by Minitaur.
12:04:06 - INFO: robot.py: Move command sent: 90120100
12:04:06 - WARNING: robot.py: Last Move command 90120100 was not received by Minitaur.
12:04:06 - INFO: robot.py: Move command sent: 90121000
12:04:07 - WARNING: robot.py: Last Move command 90121000 was not received by Minitaur.
12:04:07 - INFO: robot.py: Move command sent: 90121100
12:04:08 - WARNING: robot.py: Last Move command 90121100 was not received by Minitaur.
12:04:08 - INFO: robot.py: Move command sent: 90121000
12:04:08 - WARNING: robot.py: Last Move command 90121000 was not received by Minitaur.
12:04:08 - INFO: robot.py: Move command sent: 90120100
12:04:09 - WARNING: robot.py: Last Move command 90120100 was not received by Minitaur.
12:04:09 - INFO: robot.py: Move command sent: 90120200
12:04:10 - WARNING: robot.py: Last Move command 90120200 was not received by Minitaur.
12:04:10 - INFO: robot.py: Move command sent: 90120300
12:04:10 - WARNING: robot.py: Last Move command 90120300 was not received by Minitaur.
12:04:10 - INFO: robot.py: Move command sent: 90120400
12:04:10 - WARNING: robot.py: Last Move command 90120400 was not received by Minitaur.
12:04:10 - INFO: robot.py: Move command sent: 90120500
12:04:10 - WARNING: robot.py: Last Move command 90120500 was not received by Minitaur.
12:04:10 - INFO: robot.py: Move command sent: 90120600
12:04:11 - WARNING: robot.py: Last Move command 90120600 was not received by Minitaur.
12:04:11 - WARNING: robot.py: Last Move command 90120600 was not received by Minitaur.
12:04:11 - WARNING: robot.py: Last Move command 90120600 was not received by Minitaur.
12:04:12 - WARNING: robot.py: Last Move command 90120600 was not received by Minitaur.
12:04:12 - WARNING: robot.py: Last Move command 90120600 was not received by Minitaur.
12:04:12 - INFO: robot.py: Move command sent: 90120500
12:04:12 - WARNING: robot.py: Last Move command 90120500 was not received by Minitaur.
12:04:12 - INFO: robot.py: Move command sent: 90120400
12:04:12 - WARNING: robot.py: Last Move command 90120400 was not received by Minitaur.
12:04:12 - INFO: robot.py: Move command sent: 90120300
12:04:13 - WARNING: robot.py: Last Move command 90120300 was not received by Minitaur.
12:04:13 - INFO: robot.py: Move command sent: 90120100
12:04:13 - WARNING: robot.py: Last Move command 90120100 was not received by Minitaur.
12:04:13 - WARNING: robot.py: Last Move command 90120100 was not received by Minitaur.
12:04:13 - INFO: robot.py: Move command sent: 90121000
12:04:14 - WARNING: robot.py: Last Move command 90121000 was not received by Minitaur.
12:04:14 - INFO: robot.py: Move command sent: 90000000
12:04:14 - WARNING: robot.py: Last Move command 90000000 was not received by Minitaur.
12:04:14 - WARNING: robot.py: Last Move command 90000000 was not received by Minitaur.
12:04:14 - WARNING: robot.py: Last Move command 90000000 was not received by Minitaur.
12:04:14 - WARNING: robot.py: Last Move command 90000000 was not received by Minitaur.
12:04:14 - WARNING: robot.py: Last Move command 90000000 was not received by Minitaur.
12:04:14 - WARNING: robot.py: Last Move command 90000000 was not received by Minitaur.
12:04:14 - WARNING: robot.py: Last Move command 90000000 was not received by Minitaur.
12:04:14 - WARNING: robot.py: Last Move command 90000000 was not received by Minitaur.
12:04:14 - WARNING: robot.py: Last Move command 90000000 was not received by Minitaur.
12:04:14 - WARNING: robot.py: Last Move command 90000000 was not received by Minitaur.
12:04:14 - WARNING: robot.py: Last Move command 90000000 was not received by Minitaur.
12:04:14 - WARNING: robot.py: Last Move command 90000000 was not received by Minitaur.
12:04:14 - WARNING: robot.py: Last Move command 90000000 was not received by Minitaur.
12:04:14 - WARNING: robot.py: Last Move command 90000000 was not received by Minitaur.
12:04:14 - WARNING: robot.py: Last Move command 90000000 was not received by Minitaur.
12:04:14 - WARNING: robot.py: Last Move command 90000000 was not received by Minitaur.
12:04:14 - WARNING: robot.py: Last Move command 90000000 was not received by Minitaur.
12:04:14 - WARNING: robot.py: Last Move command 90000000 was not received by Minitaur.
12:04:14 - WARNING: robot.py: Last Move command 90000000 was not received by Minitaur.
12:04:14 - WARNING: robot.py: Last Move command 90000000 was not received by Minitaur.
12:04:14 - WARNING: robot.py: Last Move command 90000000 was not received by Minitaur.
12:04:14 - WARNING: robot.py: Last Move command 90000000 was not received by Minitaur.
12:04:14 - WARNING: robot.py: Last Move command 90000000 was not received by Minitaur.
12:04:14 - WARNING: robot.py: Last Move command 90000000 was not received by Minitaur.
12:04:14 - WARNING: robot.py: Last Move command 90000000 was not received by Minitaur.
12:04:14 - WARNING: robot.py: Last Move command 90000000 was not received by Minitaur.
12:04:14 - WARNING: robot.py: Last Move command 90000000 was not received by Minitaur.
12:04:17 - INFO: robot.py: Move command sent: 90121100
12:04:17 - WARNING: robot.py: Last Move command 90121100 was not received by Minitaur.
12:04:17 - INFO: robot.py: Move command sent: 90000000
12:04:20 - INFO: robot.py: Move command sent: 90121200
12:04:20 - WARNING: robot.py: Last Move command 90121200 was not received by Minitaur.
12:04:20 - INFO: robot.py: Move command sent: 90121300
12:04:20 - WARNING: robot.py: Last Move command 90121300 was not received by Minitaur.
12:04:20 - INFO: robot.py: Move command sent: 90121400
12:04:20 - WARNING: robot.py: Last Move command 90121400 was not received by Minitaur.
12:04:20 - WARNING: robot.py: Last Move command 90121400 was not received by Minitaur.
12:04:21 - WARNING: robot.py: Last Move command 90121400 was not received by Minitaur.
12:04:21 - WARNING: robot.py: Last Move command 90121400 was not received by Minitaur.
12:04:21 - WARNING: robot.py: Last Move command 90121400 was not received by Minitaur.
12:04:21 - WARNING: robot.py: Last Move command 90121400 was not received by Minitaur.
12:04:21 - WARNING: robot.py: Last Move command 90121400 was not received by Minitaur.
12:04:22 - WARNING: robot.py: Last Move command 90121400 was not received by Minitaur.
12:04:22 - WARNING: robot.py: Last Move command 90121400 was not received by Minitaur.
12:04:22 - WARNING: robot.py: Last Move command 90121400 was not received by Minitaur.
12:04:22 - WARNING: robot.py: Last Move command 90121400 was not received by Minitaur.
12:04:22 - WARNING: robot.py: Last Move command 90121400 was not received by Minitaur.
12:04:23 - WARNING: robot.py: Last Move command 90121400 was not received by Minitaur.
12:04:23 - INFO: robot.py: Move command sent: 90121500
12:04:23 - WARNING: robot.py: Last Move command 90121500 was not received by Minitaur.
12:04:23 - WARNING: robot.py: Last Move command 90121500 was not received by Minitaur.
12:04:23 - INFO: robot.py: Move command sent: 90121400
12:04:23 - WARNING: robot.py: Last Move command 90121400 was not received by Minitaur.
12:04:23 - INFO: robot.py: Move command sent: 90121300
12:04:23 - WARNING: robot.py: Last Move command 90121300 was not received by Minitaur.
12:04:24 - WARNING: robot.py: Last Move command 90121300 was not received by Minitaur.
12:04:24 - WARNING: robot.py: Last Move command 90121300 was not received by Minitaur.
12:04:24 - WARNING: robot.py: Last Move command 90121300 was not received by Minitaur.
12:04:24 - WARNING: robot.py: Last Move command 90121300 was not received by Minitaur.
12:04:24 - WARNING: robot.py: Last Move command 90121300 was not received by Minitaur.
12:04:24 - INFO: robot.py: Move command sent: 90121400
12:04:25 - WARNING: robot.py: Last Move command 90121400 was not received by Minitaur.
12:04:25 - WARNING: robot.py: Last Move command 90121400 was not received by Minitaur.
12:04:25 - WARNING: robot.py: Last Move command 90121400 was not received by Minitaur.
12:04:25 - INFO: robot.py: Move command sent: 90121300
12:04:25 - WARNING: robot.py: Last Move command 90121300 was not received by Minitaur.
12:04:25 - INFO: robot.py: Move command sent: 90121400
12:04:25 - WARNING: robot.py: Last Move command 90121400 was not received by Minitaur.
12:04:26 - INFO: robot.py: Move command sent: 90121300
12:04:26 - WARNING: robot.py: Last Move command 90121300 was not received by Minitaur.
12:04:26 - INFO: robot.py: Move command sent: 90121100
12:04:26 - WARNING: robot.py: Last Move command 90121100 was not received by Minitaur.
12:04:26 - INFO: robot.py: Move command sent: 90121300
12:04:27 - WARNING: robot.py: Last Move command 90121300 was not received by Minitaur.
12:04:27 - INFO: robot.py: Move command sent: 90121100
12:04:27 - WARNING: robot.py: Last Move command 90121100 was not received by Minitaur.
12:04:27 - INFO: robot.py: Move command sent: 90121300
12:04:28 - WARNING: robot.py: Last Move command 90121300 was not received by Minitaur.
12:04:28 - INFO: robot.py: Move command sent: 90121100
12:04:29 - WARNING: robot.py: Last Move command 90121100 was not received by Minitaur.
12:04:29 - INFO: robot.py: Move command sent: 90121200
12:04:30 - WARNING: robot.py: Last Move command 90121200 was not received by Minitaur.
12:04:30 - INFO: robot.py: Move command sent: 90121300
12:04:31 - WARNING: robot.py: Last Move command 90121300 was not received by Minitaur.
12:04:31 - INFO: robot.py: Move command sent: 90121400
12:04:32 - INFO: robot.py: Move command sent: 90121500
12:04:33 - WARNING: robot.py: Last Move command 90121500 was not received by Minitaur.
12:04:33 - INFO: robot.py: Move command sent: 90121400
12:04:34 - WARNING: robot.py: Last Move command 90121400 was not received by Minitaur.
12:04:34 - INFO: robot.py: Move command sent: 90121500
12:04:35 - INFO: robot.py: Move command sent: 90121600
12:04:35 - WARNING: robot.py: Last Move command 90121600 was not received by Minitaur.
12:04:35 - INFO: robot.py: Move command sent: 90121500
12:04:35 - WARNING: robot.py: Last Move command 90121500 was not received by Minitaur.
12:04:35 - INFO: robot.py: Move command sent: 90121400
12:04:35 - WARNING: robot.py: Last Move command 90121400 was not received by Minitaur.
12:04:35 - INFO: robot.py: Move command sent: 90121300
12:04:36 - INFO: robot.py: Move command sent: 90121100
12:04:36 - WARNING: robot.py: Last Move command 90121100 was not received by Minitaur.
12:04:36 - WARNING: robot.py: Last Move command 90121100 was not received by Minitaur.
12:04:36 - INFO: robot.py: Move command sent: 90121000
12:04:36 - WARNING: robot.py: Last Move command 90121000 was not received by Minitaur.
12:04:36 - WARNING: robot.py: Last Move command 90121000 was not received by Minitaur.
12:04:36 - WARNING: robot.py: Last Move command 90121000 was not received by Minitaur.
12:04:36 - WARNING: robot.py: Last Move command 90121000 was not received by Minitaur.
12:04:36 - WARNING: robot.py: Last Move command 90121000 was not received by Minitaur.
12:04:36 - WARNING: robot.py: Last Move command 90121000 was not received by Minitaur.
12:04:37 - WARNING: robot.py: Last Move command 90121000 was not received by Minitaur.
12:04:37 - WARNING: robot.py: Last Move command 90121000 was not received by Minitaur.
12:04:37 - WARNING: robot.py: Last Move command 90121000 was not received by Minitaur.
12:04:37 - WARNING: robot.py: Last Move command 90121000 was not received by Minitaur.
12:04:37 - WARNING: robot.py: Last Move command 90121000 was not received by Minitaur.
12:04:37 - WARNING: robot.py: Last Move command 90121000 was not received by Minitaur.
12:04:37 - WARNING: robot.py: Last Move command 90121000 was not received by Minitaur.
12:04:37 - WARNING: robot.py: Last Move command 90121000 was not received by Minitaur.
12:04:38 - WARNING: robot.py: Last Move command 90121000 was not received by Minitaur.
12:04:38 - WARNING: robot.py: Last Move command 90121000 was not received by Minitaur.
12:04:38 - WARNING: robot.py: Last Move command 90121000 was not received by Minitaur.
12:04:38 - WARNING: robot.py: Last Move command 90121000 was not received by Minitaur.
12:04:38 - WARNING: robot.py: Last Move command 90121000 was not received by Minitaur.
12:04:38 - WARNING: robot.py: Last Move command 90121000 was not received by Minitaur.
12:04:38 - WARNING: robot.py: Last Move command 90121000 was not received by Minitaur.
12:04:38 - WARNING: robot.py: Last Move command 90121000 was not received by Minitaur.
12:04:38 - WARNING: robot.py: Last Move command 90121000 was not received by Minitaur.
12:04:39 - WARNING: robot.py: Last Move command 90121000 was not received by Minitaur.
12:04:39 - WARNING: robot.py: Last Move command 90121000 was not received by Minitaur.
12:04:39 - WARNING: robot.py: Last Move command 90121000 was not received by Minitaur.
12:04:39 - WARNING: robot.py: Last Move command 90121000 was not received by Minitaur.
12:04:39 - WARNING: robot.py: Last Move command 90121000 was not received by Minitaur.
12:04:39 - WARNING: robot.py: Last Move command 90121000 was not received by Minitaur.
12:04:39 - WARNING: robot.py: Last Move command 90121000 was not received by Minitaur.
12:04:39 - WARNING: robot.py: Last Move command 90121000 was not received by Minitaur.
12:04:40 - WARNING: robot.py: Last Move command 90121000 was not received by Minitaur.
12:04:42 - INFO: robot.py: Move command sent: 90000000
12:04:42 - WARNING: robot.py: Last Move command 90000000 was not received by Minitaur.
12:04:42 - WARNING: robot.py: Last Move command 90000000 was not received by Minitaur.
12:04:42 - WARNING: robot.py: Last Move command 90000000 was not received by Minitaur.
12:04:42 - WARNING: robot.py: Last Move command 90000000 was not received by Minitaur.
12:04:42 - WARNING: robot.py: Last Move command 90000000 was not received by Minitaur.
12:04:42 - WARNING: robot.py: Last Move command 90000000 was not received by Minitaur.
12:04:42 - WARNING: robot.py: Last Move command 90000000 was not received by Minitaur.
12:04:42 - WARNING: robot.py: Last Move command 90000000 was not received by Minitaur.
12:04:42 - WARNING: robot.py: Last Move command 90000000 was not received by Minitaur.
12:04:42 - WARNING: robot.py: Last Move command 90000000 was not received by Minitaur.
12:04:42 - WARNING: robot.py: Last Move command 90000000 was not received by Minitaur.
12:04:42 - WARNING: robot.py: Last Move command 90000000 was not received by Minitaur.
12:04:42 - WARNING: robot.py: Last Move command 90000000 was not received by Minitaur.
12:04:42 - WARNING: robot.py: Last Move command 90000000 was not received by Minitaur.
12:04:42 - WARNING: robot.py: Last Move command 90000000 was not received by Minitaur.
12:04:43 - WARNING: robot.py: Last Move command 90000000 was not received by Minitaur.
12:04:43 - WARNING: robot.py: Last Move command 90000000 was not received by Minitaur.
12:04:43 - WARNING: robot.py: Last Move command 90000000 was not received by Minitaur.
12:04:43 - WARNING: robot.py: Last Move command 90000000 was not received by Minitaur.
12:04:43 - WARNING: robot.py: Last Move command 90000000 was not received by Minitaur.
12:04:44 - WARNING: robot.py: Last Move command 90000000 was not received by Minitaur.
12:04:44 - WARNING: robot.py: Last Move command 90000000 was not received by Minitaur.
12:04:44 - WARNING: robot.py: Last Move command 90000000 was not received by Minitaur.
12:04:44 - WARNING: robot.py: Last Move command 90000000 was not received by Minitaur.
12:04:44 - WARNING: robot.py: Last Move command 90000000 was not received by Minitaur.
12:04:45 - WARNING: robot.py: Last Move command 90000000 was not received by Minitaur.
12:04:45 - WARNING: robot.py: Last Move command 90000000 was not received by Minitaur.
12:04:45 - WARNING: robot.py: Last Move command 90000000 was not received by Minitaur.
12:04:45 - WARNING: robot.py: Last Move command 90000000 was not received by Minitaur.
12:04:45 - WARNING: robot.py: Last Move command 90000000 was not received by Minitaur.
12:04:46 - WARNING: robot.py: Last Move command 90000000 was not received by Minitaur.
12:04:46 - WARNING: robot.py: Last Move command 90000000 was not received by Minitaur.
12:04:48 - WARNING: robot.py: Last Move command 90000000 was not received by Minitaur.
12:04:48 - WARNING: robot.py: Last Move command 90000000 was not received by Minitaur.
12:04:48 - WARNING: robot.py: Last Move command 90000000 was not received by Minitaur.
12:04:49 - WARNING: robot.py: Last Move command 90000000 was not received by Minitaur.
12:04:49 - WARNING: robot.py: Last Move command 90000000 was not received by Minitaur.
12:04:49 - WARNING: robot.py: Last Move command 90000000 was not received by Minitaur.
12:04:49 - WARNING: robot.py: Last Move command 90000000 was not received by Minitaur.
12:04:49 - WARNING: robot.py: Last Move command 90000000 was not received by Minitaur.
12:04:50 - WARNING: robot.py: Last Move command 90000000 was not received by Minitaur.
12:04:50 - WARNING: robot.py: Last Move command 90000000 was not received by Minitaur.
12:04:50 - WARNING: robot.py: Last Move command 90000000 was not received by Minitaur.
12:04:50 - WARNING: robot.py: Last Move command 90000000 was not received by Minitaur.
12:04:50 - WARNING: robot.py: Last Move command 90000000 was not received by Minitaur.
12:04:51 - WARNING: robot.py: Last Move command 90000000 was not received by Minitaur.
12:04:51 - WARNING: robot.py: Last Move command 90000000 was not received by Minitaur.
12:04:51 - WARNING: robot.py: Last Move command 90000000 was not received by Minitaur.
12:04:51 - WARNING: robot.py: Last Move command 90000000 was not received by Minitaur.
12:04:51 - WARNING: robot.py: Last Move command 90000000 was not received by Minitaur.
12:04:52 - WARNING: robot.py: Last Move command 90000000 was not received by Minitaur.
12:04:52 - WARNING: robot.py: Last Move command 90000000 was not received by Minitaur.
12:04:52 - WARNING: robot.py: Last Move command 90000000 was not received by Minitaur.
12:04:52 - WARNING: robot.py: Last Move command 90000000 was not received by Minitaur.
12:04:52 - WARNING: robot.py: Last Move command 90000000 was not received by Minitaur.
12:04:53 - WARNING: robot.py: Last Move command 90000000 was not received by Minitaur.
12:04:53 - WARNING: robot.py: Last Move command 90000000 was not received by Minitaur.
12:04:53 - WARNING: robot.py: Last Move command 90000000 was not received by Minitaur.
12:04:53 - WARNING: robot.py: Last Move command 90000000 was not received by Minitaur.
12:04:53 - WARNING: robot.py: Last Move command 90000000 was not received by Minitaur.
12:04:54 - WARNING: robot.py: Last Move command 90000000 was not received by Minitaur.
12:04:54 - WARNING: robot.py: Last Move command 90000000 was not received by Minitaur.
12:04:54 - WARNING: robot.py: Last Move command 90000000 was not received by Minitaur.
12:04:54 - WARNING: robot.py: Last Move command 90000000 was not received by Minitaur.
12:04:54 - WARNING: robot.py: Last Move command 90000000 was not received by Minitaur.
12:04:55 - WARNING: robot.py: Last Move command 90000000 was not received by Minitaur.
12:04:55 - WARNING: robot.py: Last Move command 90000000 was not received by Minitaur.
12:04:55 - WARNING: robot.py: Last Move command 90000000 was not received by Minitaur.
12:04:55 - WARNING: robot.py: Last Move command 90000000 was not received by Minitaur.
12:04:55 - WARNING: robot.py: Last Move command 90000000 was not received by Minitaur.
12:04:56 - WARNING: robot.py: Last Move command 90000000 was not received by Minitaur.
12:04:56 - WARNING: robot.py: Last Move command 90000000 was not received by Minitaur.
12:04:56 - WARNING: robot.py: Last Move command 90000000 was not received by Minitaur.
12:04:56 - WARNING: robot.py: Last Move command 90000000 was not received by Minitaur.
12:04:56 - WARNING: robot.py: Last Move command 90000000 was not received by Minitaur.
12:04:57 - WARNING: robot.py: Last Move command 90000000 was not received by Minitaur.
12:04:57 - WARNING: robot.py: Last Move command 90000000 was not received by Minitaur.
12:04:57 - WARNING: robot.py: Last Move command 90000000 was not received by Minitaur.
12:04:57 - WARNING: robot.py: Last Move command 90000000 was not received by Minitaur.
12:04:57 - WARNING: robot.py: Last Move command 90000000 was not received by Minitaur.
12:04:58 - WARNING: robot.py: Last Move command 90000000 was not received by Minitaur.
12:04:58 - WARNING: robot.py: Last Move command 90000000 was not received by Minitaur.
12:04:58 - WARNING: robot.py: Last Move command 90000000 was not received by Minitaur.
12:04:58 - WARNING: robot.py: Last Move command 90000000 was not received by Minitaur.
12:04:58 - WARNING: robot.py: Last Move command 90000000 was not received by Minitaur.
12:04:59 - WARNING: robot.py: Last Move command 90000000 was not received by Minitaur.
12:04:59 - WARNING: robot.py: Last Move command 90000000 was not received by Minitaur.
12:04:59 - WARNING: robot.py: Last Move command 90000000 was not received by Minitaur.
12:04:59 - WARNING: robot.py: Last Move command 90000000 was not received by Minitaur.
12:04:59 - WARNING: robot.py: Last Move command 90000000 was not received by Minitaur.
12:05:00 - WARNING: robot.py: Last Move command 90000000 was not received by Minitaur.
12:05:00 - WARNING: robot.py: Last Move command 90000000 was not received by Minitaur.
12:05:00 - WARNING: robot.py: Last Move command 90000000 was not received by Minitaur.
12:05:00 - WARNING: robot.py: Last Move command 90000000 was not received by Minitaur.
12:05:00 - WARNING: robot.py: Last Move command 90000000 was not received by Minitaur.
12:05:01 - WARNING: robot.py: Last Move command 90000000 was not received by Minitaur.
12:05:01 - WARNING: robot.py: Last Move command 90000000 was not received by Minitaur.
12:05:01 - WARNING: robot.py: Last Move command 90000000 was not received by Minitaur.
12:05:01 - WARNING: robot.py: Last Move command 90000000 was not received by Minitaur.
12:05:01 - WARNING: robot.py: Last Move command 90000000 was not received by Minitaur.
12:05:02 - WARNING: robot.py: Battery Voltage too low
12:05:02 - INFO: robot.py:  Current battery voltage: 13.498318

12:05:02 - WARNING: robot.py: Battery Voltage too low
12:05:02 - INFO: robot.py:  Current battery voltage: 11.596111

12:05:02 - WARNING: robot.py: Battery Voltage too low
12:05:02 - INFO: robot.py:  Current battery voltage: 10.038817

12:05:02 - WARNING: robot.py: Battery Voltage too low
12:05:02 - INFO: robot.py:  Current battery voltage: 8.767184

12:05:02 - WARNING: robot.py: Battery Voltage too low
12:05:02 - INFO: robot.py:  Current battery voltage: 7.721533

12:05:03 - WARNING: robot.py: Battery Voltage too low
12:05:03 - INFO: robot.py:  Current battery voltage: 6.872593

12:05:03 - WARNING: robot.py: Battery Voltage too low
12:05:03 - INFO: robot.py:  Current battery voltage: 6.178638

12:05:03 - WARNING: robot.py: Battery Voltage too low
12:05:03 - INFO: robot.py:  Current battery voltage: 5.611266

12:05:03 - WARNING: robot.py: Battery Voltage too low
12:05:03 - INFO: robot.py:  Current battery voltage: 5.154123

12:05:03 - WARNING: robot.py: Battery Voltage too low
12:05:03 - INFO: robot.py:  Current battery voltage: 4.774298

12:05:04 - WARNING: robot.py: Battery Voltage too low
12:05:04 - INFO: robot.py:  Current battery voltage: 4.467138

12:05:04 - WARNING: robot.py: Battery Voltage too low
12:05:04 - INFO: robot.py:  Current battery voltage: 4.215719

12:05:04 - WARNING: robot.py: Battery Voltage too low
12:05:04 - INFO: robot.py:  Current battery voltage: 4.012078

12:05:04 - WARNING: robot.py: Battery Voltage too low
12:05:04 - INFO: robot.py:  Current battery voltage: 3.844037

12:05:04 - WARNING: robot.py: Battery Voltage too low
12:05:04 - INFO: robot.py:  Current battery voltage: 3.704839

12:05:05 - WARNING: robot.py: Battery Voltage too low
12:05:05 - INFO: robot.py:  Current battery voltage: 3.594816

12:05:05 - WARNING: robot.py: Battery Voltage too low
12:05:05 - INFO: robot.py:  Current battery voltage: 3.503988

12:05:05 - WARNING: robot.py: Battery Voltage too low
12:05:05 - INFO: robot.py:  Current battery voltage: 3.429399

12:05:05 - WARNING: robot.py: Battery Voltage too low
12:05:05 - INFO: robot.py:  Current battery voltage: 3.368238

12:05:05 - WARNING: robot.py: Battery Voltage too low
12:05:05 - INFO: robot.py:  Current battery voltage: 3.313489

12:05:06 - WARNING: robot.py: Battery Voltage too low
12:05:06 - INFO: robot.py:  Current battery voltage: 3.273235

12:05:06 - WARNING: robot.py: Battery Voltage too low
12:05:06 - INFO: robot.py:  Current battery voltage: 3.241791

12:05:06 - WARNING: robot.py: Battery Voltage too low
12:05:06 - INFO: robot.py:  Current battery voltage: 3.215847

12:05:06 - WARNING: robot.py: Battery Voltage too low
12:05:06 - INFO: robot.py:  Current battery voltage: 3.194263

12:05:06 - WARNING: robot.py: Battery Voltage too low
12:05:06 - INFO: robot.py:  Current battery voltage: 3.173856

12:05:07 - WARNING: robot.py: Battery Voltage too low
12:05:07 - INFO: robot.py:  Current battery voltage: 3.158650

12:05:07 - WARNING: robot.py: Battery Voltage too low
12:05:07 - INFO: robot.py:  Current battery voltage: 3.147891

12:05:07 - WARNING: robot.py: Battery Voltage too low
12:05:07 - INFO: robot.py:  Current battery voltage: 3.140206

12:05:07 - WARNING: robot.py: Battery Voltage too low
12:05:07 - INFO: robot.py:  Current battery voltage: 3.132316

12:05:07 - WARNING: robot.py: Battery Voltage too low
12:05:07 - INFO: robot.py:  Current battery voltage: 3.126504

12:05:08 - WARNING: robot.py: Battery Voltage too low
12:05:08 - INFO: robot.py:  Current battery voltage: 3.119380

12:05:08 - WARNING: robot.py: Battery Voltage too low
12:05:08 - INFO: robot.py:  Current battery voltage: 3.114997

12:05:08 - WARNING: robot.py: Battery Voltage too low
12:05:08 - INFO: robot.py:  Current battery voltage: 3.110580

12:05:08 - WARNING: robot.py: Battery Voltage too low
12:05:08 - INFO: robot.py:  Current battery voltage: 3.107756

12:05:08 - WARNING: robot.py: Battery Voltage too low
12:05:08 - INFO: robot.py:  Current battery voltage: 3.105350

12:05:09 - WARNING: robot.py: Battery Voltage too low
12:05:09 - INFO: robot.py:  Current battery voltage: 3.098579

12:05:09 - WARNING: robot.py: Battery Voltage too low
12:05:09 - INFO: robot.py:  Current battery voltage: 3.099688

12:05:09 - WARNING: robot.py: Battery Voltage too low
12:05:09 - INFO: robot.py:  Current battery voltage: 3.098909

12:05:09 - WARNING: robot.py: Battery Voltage too low
12:05:09 - INFO: robot.py:  Current battery voltage: 3.098493

12:05:09 - WARNING: robot.py: Battery Voltage too low
12:05:09 - INFO: robot.py:  Current battery voltage: 3.098747

12:05:10 - WARNING: robot.py: Battery Voltage too low
12:05:10 - INFO: robot.py:  Current battery voltage: 3.096574

12:05:10 - WARNING: robot.py: Battery Voltage too low
12:05:10 - INFO: robot.py:  Current battery voltage: 3.095434

12:05:10 - WARNING: robot.py: Battery Voltage too low
12:05:10 - INFO: robot.py:  Current battery voltage: 3.095375

12:05:10 - WARNING: robot.py: Battery Voltage too low
12:05:10 - INFO: robot.py:  Current battery voltage: 3.095375

12:05:10 - WARNING: robot.py: Battery Voltage too low
12:05:10 - INFO: robot.py:  Current battery voltage: 3.094882

12:05:11 - WARNING: robot.py: Battery Voltage too low
12:05:11 - INFO: robot.py:  Current battery voltage: 3.094186

12:05:11 - WARNING: robot.py: Battery Voltage too low
12:05:11 - INFO: robot.py:  Current battery voltage: 3.096312

12:05:11 - WARNING: robot.py: Battery Voltage too low
12:05:11 - INFO: robot.py:  Current battery voltage: 3.096317

12:05:11 - WARNING: robot.py: Battery Voltage too low
12:05:11 - INFO: robot.py:  Current battery voltage: 3.098001

12:05:11 - WARNING: robot.py: Battery Voltage too low
12:05:11 - INFO: robot.py:  Current battery voltage: 3.097857

12:05:12 - WARNING: robot.py: Battery Voltage too low
12:05:12 - INFO: robot.py:  Current battery voltage: 3.098577

12:05:12 - WARNING: robot.py: Battery Voltage too low
12:05:12 - INFO: robot.py:  Current battery voltage: 3.098889

12:05:12 - WARNING: robot.py: Battery Voltage too low
12:05:12 - INFO: robot.py:  Current battery voltage: 3.099361

12:05:12 - WARNING: robot.py: Battery Voltage too low
12:05:12 - INFO: robot.py:  Current battery voltage: 3.101365

12:05:12 - WARNING: robot.py: Battery Voltage too low
12:05:12 - INFO: robot.py:  Current battery voltage: 3.100876

12:05:13 - WARNING: robot.py: Battery Voltage too low
12:05:13 - INFO: robot.py:  Current battery voltage: 3.101948

12:05:13 - WARNING: robot.py: Battery Voltage too low
12:05:13 - INFO: robot.py:  Current battery voltage: 3.100439

12:05:13 - WARNING: robot.py: Battery Voltage too low
12:05:13 - INFO: robot.py:  Current battery voltage: 3.102115

12:05:13 - WARNING: robot.py: Battery Voltage too low
12:05:13 - INFO: robot.py:  Current battery voltage: 3.102175

12:05:13 - WARNING: robot.py: Battery Voltage too low
12:05:13 - INFO: robot.py:  Current battery voltage: 3.102005

12:05:14 - WARNING: robot.py: Battery Voltage too low
12:05:14 - INFO: robot.py:  Current battery voltage: 3.101403

12:05:14 - WARNING: robot.py: Battery Voltage too low
12:05:14 - INFO: robot.py:  Current battery voltage: 3.100579

12:05:14 - WARNING: robot.py: Battery Voltage too low
12:05:14 - INFO: robot.py:  Current battery voltage: 3.100539

12:05:14 - WARNING: robot.py: Battery Voltage too low
12:05:14 - INFO: robot.py:  Current battery voltage: 3.100107

12:05:14 - WARNING: robot.py: Battery Voltage too low
12:05:14 - INFO: robot.py:  Current battery voltage: 3.100415

12:05:15 - WARNING: robot.py: Battery Voltage too low
12:05:15 - INFO: robot.py:  Current battery voltage: 3.101670

12:05:15 - WARNING: robot.py: Battery Voltage too low
12:05:15 - INFO: robot.py:  Current battery voltage: 3.103066

12:05:15 - WARNING: robot.py: Battery Voltage too low
12:05:15 - INFO: robot.py:  Current battery voltage: 3.102078

12:05:15 - WARNING: robot.py: Battery Voltage too low
12:05:15 - INFO: robot.py:  Current battery voltage: 3.101161

12:05:15 - WARNING: robot.py: Battery Voltage too low
12:05:15 - INFO: robot.py:  Current battery voltage: 3.100991

12:05:16 - WARNING: robot.py: Battery Voltage too low
12:05:16 - INFO: robot.py:  Current battery voltage: 3.100667

12:05:16 - WARNING: robot.py: Battery Voltage too low
12:05:16 - INFO: robot.py:  Current battery voltage: 3.101488

12:05:16 - WARNING: robot.py: Battery Voltage too low
12:05:16 - INFO: robot.py:  Current battery voltage: 3.100189

12:05:16 - WARNING: robot.py: Battery Voltage too low
12:05:16 - INFO: robot.py:  Current battery voltage: 3.100521

12:05:16 - WARNING: robot.py: Battery Voltage too low
12:05:16 - INFO: robot.py:  Current battery voltage: 3.100671

12:05:17 - WARNING: robot.py: Battery Voltage too low
12:05:17 - INFO: robot.py:  Current battery voltage: 3.099683

12:05:17 - WARNING: robot.py: Battery Voltage too low
12:05:17 - INFO: robot.py:  Current battery voltage: 3.102173

12:05:17 - WARNING: robot.py: Battery Voltage too low
12:05:17 - INFO: robot.py:  Current battery voltage: 3.102439

12:05:17 - WARNING: robot.py: Battery Voltage too low
12:05:17 - INFO: robot.py:  Current battery voltage: 3.102215

12:05:17 - WARNING: robot.py: Battery Voltage too low
12:05:17 - INFO: robot.py:  Current battery voltage: 3.103248

12:05:18 - WARNING: robot.py: Battery Voltage too low
12:05:18 - INFO: robot.py:  Current battery voltage: 3.102678

12:05:18 - WARNING: robot.py: Battery Voltage too low
12:05:18 - INFO: robot.py:  Current battery voltage: 3.101657

12:05:18 - WARNING: robot.py: Battery Voltage too low
12:05:18 - INFO: robot.py:  Current battery voltage: 3.101507

12:05:18 - WARNING: robot.py: Battery Voltage too low
12:05:18 - INFO: robot.py:  Current battery voltage: 3.100041

12:05:18 - WARNING: robot.py: Battery Voltage too low
12:05:18 - INFO: robot.py:  Current battery voltage: 3.099301

12:05:19 - WARNING: robot.py: Battery Voltage too low
12:05:19 - INFO: robot.py:  Current battery voltage: 3.096846

12:05:19 - WARNING: robot.py: Battery Voltage too low
12:05:19 - INFO: robot.py:  Current battery voltage: 3.094159

12:05:19 - WARNING: robot.py: Battery Voltage too low
12:05:19 - INFO: robot.py:  Current battery voltage: 3.093625

12:05:19 - WARNING: robot.py: Battery Voltage too low
12:05:19 - INFO: robot.py:  Current battery voltage: 3.092364

12:05:19 - WARNING: robot.py: Battery Voltage too low
12:05:19 - INFO: robot.py:  Current battery voltage: 3.091174

12:05:20 - WARNING: robot.py: Battery Voltage too low
12:05:20 - INFO: robot.py:  Current battery voltage: 3.084925

12:05:20 - WARNING: robot.py: Battery Voltage too low
12:05:20 - INFO: robot.py:  Current battery voltage: 3.078903

12:05:20 - WARNING: robot.py: Battery Voltage too low
12:05:20 - INFO: robot.py:  Current battery voltage: 3.073138

12:05:20 - WARNING: robot.py: Battery Voltage too low
12:05:20 - INFO: robot.py:  Current battery voltage: 3.065846

12:05:20 - WARNING: robot.py: Battery Voltage too low
12:05:20 - INFO: robot.py:  Current battery voltage: 3.069861

12:05:21 - WARNING: robot.py: Battery Voltage too low
12:05:21 - INFO: robot.py:  Current battery voltage: 3.073588

12:05:21 - WARNING: robot.py: Battery Voltage too low
12:05:21 - INFO: robot.py:  Current battery voltage: 3.075607

12:05:21 - WARNING: robot.py: Battery Voltage too low
12:05:21 - INFO: robot.py:  Current battery voltage: 3.077966

12:05:21 - WARNING: robot.py: Battery Voltage too low
12:05:21 - INFO: robot.py:  Current battery voltage: 3.067087

12:05:21 - WARNING: robot.py: Battery Voltage too low
12:05:21 - INFO: robot.py:  Current battery voltage: 3.051020

12:05:22 - WARNING: robot.py: Battery Voltage too low
12:05:22 - INFO: robot.py:  Current battery voltage: 3.053443

12:05:22 - WARNING: robot.py: Battery Voltage too low
12:05:22 - INFO: robot.py:  Current battery voltage: 3.049471

12:05:22 - WARNING: robot.py: Battery Voltage too low
12:05:22 - INFO: robot.py:  Current battery voltage: 3.046432

12:05:22 - WARNING: robot.py: Battery Voltage too low
12:05:22 - INFO: robot.py:  Current battery voltage: 3.052324

12:05:22 - WARNING: robot.py: Battery Voltage too low
12:05:22 - INFO: robot.py:  Current battery voltage: 3.058158

12:05:23 - WARNING: robot.py: Battery Voltage too low
12:05:23 - INFO: robot.py:  Current battery voltage: 3.062989

12:05:23 - WARNING: robot.py: Battery Voltage too low
12:05:23 - INFO: robot.py:  Current battery voltage: 3.063043

12:05:23 - WARNING: robot.py: Battery Voltage too low
12:05:23 - INFO: robot.py:  Current battery voltage: 3.059424

12:05:23 - WARNING: robot.py: Battery Voltage too low
12:05:23 - INFO: robot.py:  Current battery voltage: 3.060483

12:05:23 - WARNING: robot.py: Battery Voltage too low
12:05:23 - INFO: robot.py:  Current battery voltage: 3.047026

12:05:24 - WARNING: robot.py: Battery Voltage too low
12:05:24 - INFO: robot.py:  Current battery voltage: 3.046771

12:05:24 - WARNING: robot.py: Battery Voltage too low
12:05:24 - INFO: robot.py:  Current battery voltage: 3.047591

12:05:24 - WARNING: robot.py: Battery Voltage too low
12:05:24 - INFO: robot.py:  Current battery voltage: 3.055722

12:05:24 - WARNING: robot.py: Battery Voltage too low
12:05:24 - INFO: robot.py:  Current battery voltage: 3.062699

12:05:24 - WARNING: robot.py: Battery Voltage too low
12:05:24 - INFO: robot.py:  Current battery voltage: 3.064078

12:05:25 - WARNING: robot.py: Battery Voltage too low
12:05:25 - INFO: robot.py:  Current battery voltage: 3.070388

12:05:25 - WARNING: robot.py: Battery Voltage too low
12:05:25 - INFO: robot.py:  Current battery voltage: 3.074646

12:05:25 - WARNING: robot.py: Battery Voltage too low
12:05:25 - INFO: robot.py:  Current battery voltage: 3.077743

12:05:25 - WARNING: robot.py: Battery Voltage too low
12:05:25 - INFO: robot.py:  Current battery voltage: 3.080873

12:05:25 - WARNING: robot.py: Battery Voltage too low
12:05:25 - INFO: robot.py:  Current battery voltage: 3.079549

12:05:26 - WARNING: robot.py: Battery Voltage too low
12:05:26 - INFO: robot.py:  Current battery voltage: 3.081422

12:05:26 - WARNING: robot.py: Battery Voltage too low
12:05:26 - INFO: robot.py:  Current battery voltage: 3.083321

12:05:26 - WARNING: robot.py: Battery Voltage too low
12:05:26 - INFO: robot.py:  Current battery voltage: 3.084327

12:05:26 - WARNING: robot.py: Battery Voltage too low
12:05:26 - INFO: robot.py:  Current battery voltage: 3.086502

12:05:26 - WARNING: robot.py: Battery Voltage too low
12:05:26 - INFO: robot.py:  Current battery voltage: 3.086804

12:05:27 - WARNING: robot.py: Battery Voltage too low
12:05:27 - INFO: robot.py:  Current battery voltage: 3.086316

12:05:27 - WARNING: robot.py: Battery Voltage too low
12:05:27 - INFO: robot.py:  Current battery voltage: 3.088509

12:05:27 - WARNING: robot.py: Battery Voltage too low
12:05:27 - INFO: robot.py:  Current battery voltage: 3.089965

12:05:27 - WARNING: robot.py: Battery Voltage too low
12:05:27 - INFO: robot.py:  Current battery voltage: 3.092319

12:05:27 - WARNING: robot.py: Battery Voltage too low
12:05:27 - INFO: robot.py:  Current battery voltage: 3.093276

12:05:28 - WARNING: robot.py: Battery Voltage too low
12:05:28 - INFO: robot.py:  Current battery voltage: 3.089186

12:05:28 - WARNING: robot.py: Battery Voltage too low
12:05:28 - INFO: robot.py:  Current battery voltage: 3.091581

12:05:28 - WARNING: robot.py: Battery Voltage too low
12:05:28 - INFO: robot.py:  Current battery voltage: 3.093513

12:05:28 - WARNING: robot.py: Battery Voltage too low
12:05:28 - INFO: robot.py:  Current battery voltage: 3.093704

12:05:28 - WARNING: robot.py: Battery Voltage too low
12:05:28 - INFO: robot.py:  Current battery voltage: 3.093968

12:05:29 - WARNING: robot.py: Battery Voltage too low
12:05:29 - INFO: robot.py:  Current battery voltage: 3.090315

12:05:29 - WARNING: robot.py: Battery Voltage too low
12:05:29 - INFO: robot.py:  Current battery voltage: 3.088658

12:05:29 - WARNING: robot.py: Battery Voltage too low
12:05:29 - INFO: robot.py:  Current battery voltage: 3.090163

12:05:29 - WARNING: robot.py: Battery Voltage too low
12:05:29 - INFO: robot.py:  Current battery voltage: 3.092543

12:05:30 - WARNING: robot.py: Battery Voltage too low
12:05:30 - INFO: robot.py:  Current battery voltage: 3.093080

12:05:30 - WARNING: robot.py: Battery Voltage too low
12:05:30 - INFO: robot.py:  Current battery voltage: 3.094409

12:05:30 - WARNING: robot.py: Battery Voltage too low
12:05:30 - INFO: robot.py:  Current battery voltage: 3.091022

12:05:30 - WARNING: robot.py: Battery Voltage too low
12:05:30 - INFO: robot.py:  Current battery voltage: 3.093855

12:05:30 - WARNING: robot.py: Battery Voltage too low
12:05:30 - INFO: robot.py:  Current battery voltage: 3.094824

12:05:31 - WARNING: robot.py: Battery Voltage too low
12:05:31 - INFO: robot.py:  Current battery voltage: 3.096888

12:05:31 - WARNING: robot.py: Battery Voltage too low
12:05:31 - INFO: robot.py:  Current battery voltage: 3.098287

12:05:31 - WARNING: robot.py: Battery Voltage too low
12:05:31 - INFO: robot.py:  Current battery voltage: 3.097126

12:05:31 - WARNING: robot.py: Battery Voltage too low
12:05:31 - INFO: robot.py:  Current battery voltage: 3.099330

12:05:31 - WARNING: robot.py: Battery Voltage too low
12:05:31 - INFO: robot.py:  Current battery voltage: 3.100700

12:05:32 - WARNING: robot.py: Battery Voltage too low
12:05:32 - INFO: robot.py:  Current battery voltage: 3.101595

12:05:32 - WARNING: robot.py: Battery Voltage too low
12:05:32 - INFO: robot.py:  Current battery voltage: 3.095958

12:05:32 - WARNING: robot.py: Battery Voltage too low
12:05:32 - INFO: robot.py:  Current battery voltage: 3.076078

12:05:32 - WARNING: robot.py: Battery Voltage too low
12:05:32 - INFO: robot.py:  Current battery voltage: 3.076238

12:05:32 - WARNING: robot.py: Battery Voltage too low
12:05:32 - INFO: robot.py:  Current battery voltage: 3.079684

12:05:33 - WARNING: robot.py: Battery Voltage too low
12:05:33 - INFO: robot.py:  Current battery voltage: 3.083964

12:05:33 - WARNING: robot.py: Battery Voltage too low
12:05:33 - INFO: robot.py:  Current battery voltage: 3.087550

12:05:33 - WARNING: robot.py: Battery Voltage too low
12:05:33 - INFO: robot.py:  Current battery voltage: 3.086805

12:05:33 - WARNING: robot.py: Battery Voltage too low
12:05:33 - INFO: robot.py:  Current battery voltage: 3.089586

12:05:33 - WARNING: robot.py: Battery Voltage too low
12:05:33 - INFO: robot.py:  Current battery voltage: 3.091349

12:05:34 - WARNING: robot.py: Battery Voltage too low
12:05:34 - INFO: robot.py:  Current battery voltage: 3.090853

12:05:34 - WARNING: robot.py: Battery Voltage too low
12:05:34 - INFO: robot.py:  Current battery voltage: 3.089253

12:05:34 - WARNING: robot.py: Battery Voltage too low
12:05:34 - INFO: robot.py:  Current battery voltage: 3.085536

12:05:34 - WARNING: robot.py: Battery Voltage too low
12:05:34 - INFO: robot.py:  Current battery voltage: 3.084822

12:05:34 - WARNING: robot.py: Battery Voltage too low
12:05:34 - INFO: robot.py:  Current battery voltage: 3.088577

12:05:35 - WARNING: robot.py: Battery Voltage too low
12:05:35 - INFO: robot.py:  Current battery voltage: 3.091467

12:05:35 - WARNING: robot.py: Battery Voltage too low
12:05:35 - INFO: robot.py:  Current battery voltage: 3.093179

12:05:35 - WARNING: robot.py: Battery Voltage too low
12:05:35 - INFO: robot.py:  Current battery voltage: 3.093470

12:05:35 - WARNING: robot.py: Battery Voltage too low
12:05:35 - INFO: robot.py:  Current battery voltage: 3.094389

12:05:35 - WARNING: robot.py: Battery Voltage too low
12:05:35 - INFO: robot.py:  Current battery voltage: 3.095215

12:05:36 - WARNING: robot.py: Battery Voltage too low
12:05:36 - INFO: robot.py:  Current battery voltage: 3.096040

12:05:36 - WARNING: robot.py: Battery Voltage too low
12:05:36 - INFO: robot.py:  Current battery voltage: 3.097253

12:05:36 - WARNING: robot.py: Battery Voltage too low
12:05:36 - INFO: robot.py:  Current battery voltage: 3.097631

12:05:36 - WARNING: robot.py: Battery Voltage too low
12:05:36 - INFO: robot.py:  Current battery voltage: 3.096666

12:05:36 - WARNING: robot.py: Battery Voltage too low
12:05:36 - INFO: robot.py:  Current battery voltage: 3.096742

12:05:37 - WARNING: robot.py: Battery Voltage too low
12:05:37 - INFO: robot.py:  Current battery voltage: 3.098025

12:05:37 - WARNING: robot.py: Battery Voltage too low
12:05:37 - INFO: robot.py:  Current battery voltage: 3.099015

12:05:37 - WARNING: robot.py: Battery Voltage too low
12:05:37 - INFO: robot.py:  Current battery voltage: 3.100224

12:05:37 - WARNING: robot.py: Battery Voltage too low
12:05:37 - INFO: robot.py:  Current battery voltage: 3.098802

12:05:37 - WARNING: robot.py: Battery Voltage too low
12:05:37 - INFO: robot.py:  Current battery voltage: 3.100730

